[2025-11-05T02:26:39.477+0000] {local_task_job_runner.py:120} INFO - ::group::Pre task execution logs
[2025-11-05T02:26:39.495+0000] {taskinstance.py:2076} INFO - Dependencies all met for dep_context=non-requeueable deps ti=<TaskInstance: hiring_dynamic.evaluate_models manual__2024-10-05T15:00:00+00:00 [queued]>
[2025-11-05T02:26:39.504+0000] {taskinstance.py:2076} INFO - Dependencies all met for dep_context=requeueable deps ti=<TaskInstance: hiring_dynamic.evaluate_models manual__2024-10-05T15:00:00+00:00 [queued]>
[2025-11-05T02:26:39.504+0000] {taskinstance.py:2306} INFO - Starting attempt 1 of 3
[2025-11-05T02:26:39.512+0000] {taskinstance.py:2330} INFO - Executing <Task(PythonOperator): evaluate_models> on 2024-10-05 15:00:00+00:00
[2025-11-05T02:26:39.520+0000] {standard_task_runner.py:90} INFO - Running: ['***', 'tasks', 'run', 'hiring_dynamic', 'evaluate_models', 'manual__2024-10-05T15:00:00+00:00', '--job-id', '215', '--raw', '--subdir', 'DAGS_FOLDER/dag_dynamic.py', '--cfg-path', '/tmp/tmpo189i9qs']
[2025-11-05T02:26:39.523+0000] {standard_task_runner.py:91} INFO - Job 215: Subtask evaluate_models
[2025-11-05T02:26:39.523+0000] {logging_mixin.py:188} WARNING - /home/***/.local/lib/python3.12/site-packages/***/task/task_runner/standard_task_runner.py:61 DeprecationWarning: This process (pid=2297) is multi-threaded, use of fork() may lead to deadlocks in the child.
[2025-11-05T02:26:39.525+0000] {standard_task_runner.py:63} INFO - Started process 2316 to run task
[2025-11-05T02:26:39.556+0000] {task_command.py:426} INFO - Running <TaskInstance: hiring_dynamic.evaluate_models manual__2024-10-05T15:00:00+00:00 [running]> on host 9d96bb82ceeb
[2025-11-05T02:26:39.609+0000] {taskinstance.py:2648} INFO - Exporting env vars: AIRFLOW_CTX_DAG_OWNER='***' AIRFLOW_CTX_DAG_ID='hiring_dynamic' AIRFLOW_CTX_TASK_ID='evaluate_models' AIRFLOW_CTX_EXECUTION_DATE='2024-10-05T15:00:00+00:00' AIRFLOW_CTX_TRY_NUMBER='1' AIRFLOW_CTX_DAG_RUN_ID='manual__2024-10-05T15:00:00+00:00'
[2025-11-05T02:26:39.610+0000] {taskinstance.py:430} INFO - ::endgroup::
[2025-11-05T02:26:39.665+0000] {logging_mixin.py:188} INFO - [evaluate_models] model_gbc_20251105T013503.joblib: accuracy=0.9067
[2025-11-05T02:26:39.673+0000] {logging_mixin.py:188} INFO - [evaluate_models] model_gbc_20251105T022637.joblib: accuracy=0.9067
[2025-11-05T02:26:39.677+0000] {logging_mixin.py:188} INFO - [evaluate_models] model_logreg_20251105T013507.joblib: accuracy=0.9133
[2025-11-05T02:26:39.681+0000] {logging_mixin.py:188} INFO - [evaluate_models] model_logreg_20251105T022637.joblib: accuracy=0.9133
[2025-11-05T02:26:39.743+0000] {logging_mixin.py:188} INFO - [evaluate_models] model_random_forest_20251105T013508.joblib: accuracy=0.9200
[2025-11-05T02:26:39.796+0000] {logging_mixin.py:188} INFO - [evaluate_models] model_random_forest_20251105T022637.joblib: accuracy=0.9200
[2025-11-05T02:26:40.223+0000] {logging_mixin.py:188} INFO - [evaluate_models] Mejor modelo: model_random_forest_20251105T013508.joblib | accuracy=0.9200
[2025-11-05T02:26:40.223+0000] {logging_mixin.py:188} INFO - [evaluate_models] Guardado como: /opt/***/dags/runs/20241005/models/best_model.joblib
[2025-11-05T02:26:40.224+0000] {python.py:237} INFO - Done. Returned value was: /opt/***/dags/runs/20241005/models/best_model.joblib
[2025-11-05T02:26:40.224+0000] {taskinstance.py:441} INFO - ::group::Post task execution logs
[2025-11-05T02:26:40.242+0000] {taskinstance.py:1206} INFO - Marking task as SUCCESS. dag_id=hiring_dynamic, task_id=evaluate_models, run_id=manual__2024-10-05T15:00:00+00:00, execution_date=20241005T150000, start_date=20251105T022639, end_date=20251105T022640
[2025-11-05T02:26:40.291+0000] {local_task_job_runner.py:240} INFO - Task exited with return code 0
[2025-11-05T02:26:40.309+0000] {taskinstance.py:3503} INFO - 0 downstream tasks scheduled from follow-on schedule check
[2025-11-05T02:26:40.310+0000] {local_task_job_runner.py:222} INFO - ::endgroup::
