[2025-11-05T01:34:16.252+0000] {local_task_job_runner.py:120} INFO - ::group::Pre task execution logs
[2025-11-05T01:34:16.696+0000] {taskinstance.py:2076} INFO - Dependencies all met for dep_context=non-requeueable deps ti=<TaskInstance: hiring_dynamic.download_data_2 scheduled__2025-09-05T15:00:00+00:00 [queued]>
[2025-11-05T01:34:16.749+0000] {taskinstance.py:2076} INFO - Dependencies all met for dep_context=requeueable deps ti=<TaskInstance: hiring_dynamic.download_data_2 scheduled__2025-09-05T15:00:00+00:00 [queued]>
[2025-11-05T01:34:16.752+0000] {taskinstance.py:2306} INFO - Starting attempt 1 of 1
[2025-11-05T01:34:16.805+0000] {taskinstance.py:2330} INFO - Executing <Task(BashOperator): download_data_2> on 2025-09-05 15:00:00+00:00
[2025-11-05T01:34:16.896+0000] {logging_mixin.py:188} WARNING - /home/***/.local/lib/python3.12/site-packages/***/task/task_runner/standard_task_runner.py:61 DeprecationWarning: This process (pid=905) is multi-threaded, use of fork() may lead to deadlocks in the child.
[2025-11-05T01:34:16.909+0000] {standard_task_runner.py:63} INFO - Started process 1021 to run task
[2025-11-05T01:34:16.917+0000] {standard_task_runner.py:90} INFO - Running: ['***', 'tasks', 'run', 'hiring_dynamic', 'download_data_2', 'scheduled__2025-09-05T15:00:00+00:00', '--job-id', '133', '--raw', '--subdir', 'DAGS_FOLDER/dag_dynamic.py', '--cfg-path', '/tmp/tmp5dnewji_']
[2025-11-05T01:34:16.940+0000] {standard_task_runner.py:91} INFO - Job 133: Subtask download_data_2
[2025-11-05T01:34:18.321+0000] {task_command.py:426} INFO - Running <TaskInstance: hiring_dynamic.download_data_2 scheduled__2025-09-05T15:00:00+00:00 [running]> on host ddceee407281
[2025-11-05T01:34:18.800+0000] {taskinstance.py:2648} INFO - Exporting env vars: AIRFLOW_CTX_DAG_OWNER='***' AIRFLOW_CTX_DAG_ID='hiring_dynamic' AIRFLOW_CTX_TASK_ID='download_data_2' AIRFLOW_CTX_EXECUTION_DATE='2025-09-05T15:00:00+00:00' AIRFLOW_CTX_TRY_NUMBER='1' AIRFLOW_CTX_DAG_RUN_ID='scheduled__2025-09-05T15:00:00+00:00'
[2025-11-05T01:34:18.830+0000] {taskinstance.py:430} INFO - ::endgroup::
[2025-11-05T01:34:18.943+0000] {subprocess.py:63} INFO - Tmp dir root location: /tmp
[2025-11-05T01:34:18.960+0000] {subprocess.py:75} INFO - Running command: ['/usr/bin/bash', '-c', '\nset -euo pipefail\nRAW="/opt/***/dags/runs/20250905/raw"\nmkdir -p "$RAW"\necho "[download_data_2] -> $RAW/data_2.csv"\ncurl -fSL --retry 3 --connect-timeout 10 --max-time 120 \\\n  -o "$RAW/data_2.csv" "https://gitlab.com/eduardomoyab/laboratorio-13/-/raw/main/files/data_2.csv"\ntest -s "$RAW/data_2.csv"']
[2025-11-05T01:34:19.160+0000] {subprocess.py:86} INFO - Output:
[2025-11-05T01:34:19.290+0000] {subprocess.py:93} INFO - [download_data_2] -> /opt/***/dags/runs/20250905/raw/data_2.csv
[2025-11-05T01:34:19.557+0000] {subprocess.py:93} INFO -   % Total    % Received % Xferd  Average Speed   Time    Time     Time  Current
[2025-11-05T01:34:19.574+0000] {subprocess.py:93} INFO -                                  Dload  Upload   Total   Spent    Left  Speed
[2025-11-05T01:34:20.552+0000] {subprocess.py:93} INFO -   0     0    0     0    0     0      0      0 --:--:-- --:--:-- --:--:--     0100 32687  100 32687    0     0  33337      0 --:--:-- --:--:-- --:--:-- 33388100 32687  100 32687    0     0  33331      0 --:--:-- --:--:-- --:--:-- 33354
[2025-11-05T01:34:20.639+0000] {subprocess.py:97} INFO - Command exited with return code 0
[2025-11-05T01:34:20.673+0000] {taskinstance.py:441} INFO - ::group::Post task execution logs
[2025-11-05T01:34:21.072+0000] {taskinstance.py:1206} INFO - Marking task as SUCCESS. dag_id=hiring_dynamic, task_id=download_data_2, run_id=scheduled__2025-09-05T15:00:00+00:00, execution_date=20250905T150000, start_date=20251105T013416, end_date=20251105T013421
[2025-11-05T01:34:21.414+0000] {local_task_job_runner.py:240} INFO - Task exited with return code 0
[2025-11-05T01:34:21.804+0000] {taskinstance.py:3503} INFO - 0 downstream tasks scheduled from follow-on schedule check
[2025-11-05T01:34:21.881+0000] {local_task_job_runner.py:222} INFO - ::endgroup::
