[2025-11-05T01:36:03.903+0000] {local_task_job_runner.py:120} INFO - ::group::Pre task execution logs
[2025-11-05T01:36:04.218+0000] {taskinstance.py:2076} INFO - Dependencies all met for dep_context=non-requeueable deps ti=<TaskInstance: hiring_dynamic.train_random_forest scheduled__2025-09-05T15:00:00+00:00 [queued]>
[2025-11-05T01:36:04.252+0000] {taskinstance.py:2076} INFO - Dependencies all met for dep_context=requeueable deps ti=<TaskInstance: hiring_dynamic.train_random_forest scheduled__2025-09-05T15:00:00+00:00 [queued]>
[2025-11-05T01:36:04.256+0000] {taskinstance.py:2306} INFO - Starting attempt 1 of 1
[2025-11-05T01:36:04.346+0000] {taskinstance.py:2330} INFO - Executing <Task(PythonOperator): train_random_forest> on 2025-09-05 15:00:00+00:00
[2025-11-05T01:36:04.424+0000] {logging_mixin.py:188} WARNING - /home/***/.local/lib/python3.12/site-packages/***/task/task_runner/standard_task_runner.py:61 DeprecationWarning: This process (pid=1483) is multi-threaded, use of fork() may lead to deadlocks in the child.
[2025-11-05T01:36:04.437+0000] {standard_task_runner.py:63} INFO - Started process 1572 to run task
[2025-11-05T01:36:04.460+0000] {standard_task_runner.py:90} INFO - Running: ['***', 'tasks', 'run', 'hiring_dynamic', 'train_random_forest', 'scheduled__2025-09-05T15:00:00+00:00', '--job-id', '170', '--raw', '--subdir', 'DAGS_FOLDER/dag_dynamic.py', '--cfg-path', '/tmp/tmp166et8wr']
[2025-11-05T01:36:04.471+0000] {standard_task_runner.py:91} INFO - Job 170: Subtask train_random_forest
[2025-11-05T01:36:04.862+0000] {task_command.py:426} INFO - Running <TaskInstance: hiring_dynamic.train_random_forest scheduled__2025-09-05T15:00:00+00:00 [running]> on host ddceee407281
[2025-11-05T01:36:05.260+0000] {taskinstance.py:2648} INFO - Exporting env vars: AIRFLOW_CTX_DAG_OWNER='***' AIRFLOW_CTX_DAG_ID='hiring_dynamic' AIRFLOW_CTX_TASK_ID='train_random_forest' AIRFLOW_CTX_EXECUTION_DATE='2025-09-05T15:00:00+00:00' AIRFLOW_CTX_TRY_NUMBER='1' AIRFLOW_CTX_DAG_RUN_ID='scheduled__2025-09-05T15:00:00+00:00'
[2025-11-05T01:36:05.270+0000] {taskinstance.py:430} INFO - ::endgroup::
[2025-11-05T01:36:05.504+0000] {logging_mixin.py:188} INFO - [train_model] Numéricas: ['Age', 'DistanceFromCompany', 'ExperienceYears', 'InterviewScore', 'PersonalityScore', 'PreviousCompanies', 'SkillScore']
[2025-11-05T01:36:05.506+0000] {logging_mixin.py:188} INFO - [train_model] Categóricas: ['EducationLevel', 'Gender', 'RecruitmentStrategy']
[2025-11-05T01:36:10.820+0000] {logging_mixin.py:188} INFO - [train_model] Modelo entrenado: RandomForestClassifier
[2025-11-05T01:36:10.822+0000] {logging_mixin.py:188} INFO - [train_model] Guardado en: /opt/***/dags/runs/20250905/models/model_random_forest_20251105T013607.joblib
[2025-11-05T01:36:10.827+0000] {python.py:237} INFO - Done. Returned value was: /opt/***/dags/runs/20250905/models/model_random_forest_20251105T013607.joblib
[2025-11-05T01:36:10.828+0000] {taskinstance.py:441} INFO - ::group::Post task execution logs
[2025-11-05T01:36:10.898+0000] {taskinstance.py:1206} INFO - Marking task as SUCCESS. dag_id=hiring_dynamic, task_id=train_random_forest, run_id=scheduled__2025-09-05T15:00:00+00:00, execution_date=20250905T150000, start_date=20251105T013604, end_date=20251105T013610
[2025-11-05T01:36:11.356+0000] {local_task_job_runner.py:240} INFO - Task exited with return code 0
[2025-11-05T01:36:11.421+0000] {taskinstance.py:3503} INFO - 1 downstream tasks scheduled from follow-on schedule check
[2025-11-05T01:36:11.428+0000] {local_task_job_runner.py:222} INFO - ::endgroup::
