[2025-11-20T02:00:44.754+0000] {local_task_job_runner.py:120} INFO - ::group::Pre task execution logs
[2025-11-20T02:00:44.779+0000] {taskinstance.py:2076} INFO - Dependencies all met for dep_context=non-requeueable deps ti=<TaskInstance: sodai_ml_pipeline.retrain_model manual__2025-11-20T01:58:22.388431+00:00 [queued]>
[2025-11-20T02:00:44.786+0000] {taskinstance.py:2076} INFO - Dependencies all met for dep_context=requeueable deps ti=<TaskInstance: sodai_ml_pipeline.retrain_model manual__2025-11-20T01:58:22.388431+00:00 [queued]>
[2025-11-20T02:00:44.787+0000] {taskinstance.py:2306} INFO - Starting attempt 1 of 2
[2025-11-20T02:00:44.798+0000] {taskinstance.py:2330} INFO - Executing <Task(PythonOperator): retrain_model> on 2025-11-20 01:58:22.388431+00:00
[2025-11-20T02:00:44.807+0000] {standard_task_runner.py:64} INFO - Started process 404 to run task
[2025-11-20T02:00:44.810+0000] {standard_task_runner.py:90} INFO - Running: ['***', 'tasks', 'run', 'sodai_ml_pipeline', 'retrain_model', 'manual__2025-11-20T01:58:22.388431+00:00', '--job-id', '199', '--raw', '--subdir', 'DAGS_FOLDER/sodai_ml_pipeline_dag.py', '--cfg-path', '/tmp/tmp2jsw302q']
[2025-11-20T02:00:44.813+0000] {standard_task_runner.py:91} INFO - Job 199: Subtask retrain_model
[2025-11-20T02:00:44.872+0000] {task_command.py:426} INFO - Running <TaskInstance: sodai_ml_pipeline.retrain_model manual__2025-11-20T01:58:22.388431+00:00 [running]> on host 9937dd56ecd4
[2025-11-20T02:00:44.946+0000] {taskinstance.py:2648} INFO - Exporting env vars: AIRFLOW_CTX_DAG_OWNER='deep_drinkers' AIRFLOW_CTX_DAG_ID='sodai_ml_pipeline' AIRFLOW_CTX_TASK_ID='retrain_model' AIRFLOW_CTX_EXECUTION_DATE='2025-11-20T01:58:22.388431+00:00' AIRFLOW_CTX_TRY_NUMBER='1' AIRFLOW_CTX_DAG_RUN_ID='manual__2025-11-20T01:58:22.388431+00:00'
[2025-11-20T02:00:44.948+0000] {taskinstance.py:430} INFO - ::endgroup::
[2025-11-20T02:07:23.073+0000] {data_io.py:274} INFO - Saved preprocess to /opt/airflow/models/preprocess_best.joblib
[2025-11-20T02:07:23.077+0000] {data_io.py:276} INFO - Saved model to /opt/airflow/models/model_lgbm_best.joblib
[2025-11-20T02:07:23.081+0000] {data_io.py:281} INFO - Saved combined pipeline to /opt/airflow/models/pipeline_best.joblib
[2025-11-20T02:07:23.082+0000] {data_io.py:289} INFO - Saved metadata to /opt/airflow/models/metadata_best.json
[2025-11-20T02:07:23.083+0000] {data_io.py:297} INFO - Saved metadata to /opt/airflow/models/metadata.json
[2025-11-20T02:07:23.134+0000] {python.py:237} INFO - Done. Returned value was: None
[2025-11-20T02:07:23.134+0000] {taskinstance.py:441} INFO - ::group::Post task execution logs
[2025-11-20T02:07:23.144+0000] {taskinstance.py:1206} INFO - Marking task as SUCCESS. dag_id=sodai_ml_pipeline, task_id=retrain_model, run_id=manual__2025-11-20T01:58:22.388431+00:00, execution_date=20251120T015822, start_date=20251120T020044, end_date=20251120T020723
[2025-11-20T02:07:23.217+0000] {local_task_job_runner.py:243} INFO - Task exited with return code 0
[2025-11-20T02:07:23.242+0000] {taskinstance.py:3503} INFO - 1 downstream tasks scheduled from follow-on schedule check
[2025-11-20T02:07:23.245+0000] {local_task_job_runner.py:222} INFO - ::endgroup::
