[2025-11-05T00:44:55.064+0000] {local_task_job_runner.py:120} INFO - ::group::Pre task execution logs
[2025-11-05T00:44:55.080+0000] {taskinstance.py:2076} INFO - Dependencies all met for dep_context=non-requeueable deps ti=<TaskInstance: hiring_linear_pipeline.create_folders manual__2025-11-05T00:44:52.611424+00:00 [queued]>
[2025-11-05T00:44:55.084+0000] {taskinstance.py:2076} INFO - Dependencies all met for dep_context=requeueable deps ti=<TaskInstance: hiring_linear_pipeline.create_folders manual__2025-11-05T00:44:52.611424+00:00 [queued]>
[2025-11-05T00:44:55.085+0000] {taskinstance.py:2306} INFO - Starting attempt 1 of 1
[2025-11-05T00:44:55.090+0000] {taskinstance.py:2330} INFO - Executing <Task(PythonOperator): create_folders> on 2025-11-05 00:44:52.611424+00:00
[2025-11-05T00:44:55.097+0000] {standard_task_runner.py:90} INFO - Running: ['***', 'tasks', 'run', 'hiring_linear_pipeline', 'create_folders', 'manual__2025-11-05T00:44:52.611424+00:00', '--job-id', '59', '--raw', '--subdir', 'DAGS_FOLDER/hiring_dag.py', '--cfg-path', '/tmp/tmpldgooy5i']
[2025-11-05T00:44:55.099+0000] {logging_mixin.py:188} WARNING - /home/***/.local/lib/python3.12/site-packages/***/task/task_runner/standard_task_runner.py:61 DeprecationWarning: This process (pid=647) is multi-threaded, use of fork() may lead to deadlocks in the child.
[2025-11-05T00:44:55.099+0000] {standard_task_runner.py:91} INFO - Job 59: Subtask create_folders
[2025-11-05T00:44:55.099+0000] {standard_task_runner.py:63} INFO - Started process 657 to run task
[2025-11-05T00:44:55.131+0000] {task_command.py:426} INFO - Running <TaskInstance: hiring_linear_pipeline.create_folders manual__2025-11-05T00:44:52.611424+00:00 [running]> on host 5e9e36c5f12f
[2025-11-05T00:44:55.181+0000] {taskinstance.py:2648} INFO - Exporting env vars: AIRFLOW_CTX_DAG_OWNER='***' AIRFLOW_CTX_DAG_ID='hiring_linear_pipeline' AIRFLOW_CTX_TASK_ID='create_folders' AIRFLOW_CTX_EXECUTION_DATE='2025-11-05T00:44:52.611424+00:00' AIRFLOW_CTX_TRY_NUMBER='1' AIRFLOW_CTX_DAG_RUN_ID='manual__2025-11-05T00:44:52.611424+00:00'
[2025-11-05T00:44:55.183+0000] {taskinstance.py:430} INFO - ::endgroup::
[2025-11-05T00:44:55.191+0000] {logging_mixin.py:188} INFO - [create_folders] Carpeta de corrida creada: /opt/***/dags/runs/20251105
[2025-11-05T00:44:55.192+0000] {logging_mixin.py:188} INFO - [create_folders] Subcarpetas: ['models', 'raw', 'splits']
[2025-11-05T00:44:55.192+0000] {python.py:237} INFO - Done. Returned value was: /opt/***/dags/runs/20251105
[2025-11-05T00:44:55.192+0000] {taskinstance.py:441} INFO - ::group::Post task execution logs
[2025-11-05T00:44:55.206+0000] {taskinstance.py:1206} INFO - Marking task as SUCCESS. dag_id=hiring_linear_pipeline, task_id=create_folders, run_id=manual__2025-11-05T00:44:52.611424+00:00, execution_date=20251105T004452, start_date=20251105T004455, end_date=20251105T004455
[2025-11-05T00:44:55.242+0000] {local_task_job_runner.py:240} INFO - Task exited with return code 0
[2025-11-05T00:44:55.253+0000] {taskinstance.py:3503} INFO - 0 downstream tasks scheduled from follow-on schedule check
[2025-11-05T00:44:55.253+0000] {local_task_job_runner.py:222} INFO - ::endgroup::
