[2025-11-20T02:00:40.776+0000] {local_task_job_runner.py:120} INFO - ::group::Pre task execution logs
[2025-11-20T02:00:40.799+0000] {taskinstance.py:2076} INFO - Dependencies all met for dep_context=non-requeueable deps ti=<TaskInstance: sodai_ml_pipeline.detect_drift manual__2025-11-20T01:58:22.388431+00:00 [queued]>
[2025-11-20T02:00:40.805+0000] {taskinstance.py:2076} INFO - Dependencies all met for dep_context=requeueable deps ti=<TaskInstance: sodai_ml_pipeline.detect_drift manual__2025-11-20T01:58:22.388431+00:00 [queued]>
[2025-11-20T02:00:40.806+0000] {taskinstance.py:2306} INFO - Starting attempt 1 of 2
[2025-11-20T02:00:40.815+0000] {taskinstance.py:2330} INFO - Executing <Task(BranchPythonOperator): detect_drift> on 2025-11-20 01:58:22.388431+00:00
[2025-11-20T02:00:40.825+0000] {standard_task_runner.py:64} INFO - Started process 368 to run task
[2025-11-20T02:00:40.829+0000] {standard_task_runner.py:90} INFO - Running: ['***', 'tasks', 'run', 'sodai_ml_pipeline', 'detect_drift', 'manual__2025-11-20T01:58:22.388431+00:00', '--job-id', '198', '--raw', '--subdir', 'DAGS_FOLDER/sodai_ml_pipeline_dag.py', '--cfg-path', '/tmp/tmpp937_qj1']
[2025-11-20T02:00:40.833+0000] {standard_task_runner.py:91} INFO - Job 198: Subtask detect_drift
[2025-11-20T02:00:40.890+0000] {task_command.py:426} INFO - Running <TaskInstance: sodai_ml_pipeline.detect_drift manual__2025-11-20T01:58:22.388431+00:00 [running]> on host 9937dd56ecd4
[2025-11-20T02:00:40.964+0000] {taskinstance.py:2648} INFO - Exporting env vars: AIRFLOW_CTX_DAG_OWNER='deep_drinkers' AIRFLOW_CTX_DAG_ID='sodai_ml_pipeline' AIRFLOW_CTX_TASK_ID='detect_drift' AIRFLOW_CTX_EXECUTION_DATE='2025-11-20T01:58:22.388431+00:00' AIRFLOW_CTX_TRY_NUMBER='1' AIRFLOW_CTX_DAG_RUN_ID='manual__2025-11-20T01:58:22.388431+00:00'
[2025-11-20T02:00:40.965+0000] {taskinstance.py:430} INFO - ::endgroup::
[2025-11-20T02:00:40.976+0000] {baseoperator.py:400} WARNING - BranchPythonOperator.execute cannot be called outside TaskInstance!
[2025-11-20T02:00:41.523+0000] {logging_mixin.py:188} INFO - [DRIFT] ref_pos_rate=0.4724, new_pos_rate=0.0835, rel_change=0.8233, threshold=0.1000
[2025-11-20T02:00:41.556+0000] {python.py:237} INFO - Done. Returned value was: retrain_model
[2025-11-20T02:00:41.557+0000] {branch.py:36} INFO - Branch into retrain_model
[2025-11-20T02:00:41.558+0000] {skipmixin.py:178} INFO - Following branch retrain_model
[2025-11-20T02:00:41.576+0000] {skipmixin.py:246} INFO - Skipping tasks [('skip_retraining', -1)]
[2025-11-20T02:00:41.594+0000] {taskinstance.py:441} INFO - ::group::Post task execution logs
[2025-11-20T02:00:41.613+0000] {taskinstance.py:1206} INFO - Marking task as SUCCESS. dag_id=sodai_ml_pipeline, task_id=detect_drift, run_id=manual__2025-11-20T01:58:22.388431+00:00, execution_date=20251120T015822, start_date=20251120T020040, end_date=20251120T020041
[2025-11-20T02:00:41.689+0000] {local_task_job_runner.py:243} INFO - Task exited with return code 0
[2025-11-20T02:00:41.714+0000] {taskinstance.py:3503} INFO - 1 downstream tasks scheduled from follow-on schedule check
[2025-11-20T02:00:41.716+0000] {local_task_job_runner.py:222} INFO - ::endgroup::
