[2025-11-05T01:32:51.736+0000] {local_task_job_runner.py:120} INFO - ::group::Pre task execution logs
[2025-11-05T01:32:51.928+0000] {taskinstance.py:2076} INFO - Dependencies all met for dep_context=non-requeueable deps ti=<TaskInstance: hiring_dynamic.branch_downloads scheduled__2025-03-05T15:00:00+00:00 [queued]>
[2025-11-05T01:32:51.980+0000] {taskinstance.py:2076} INFO - Dependencies all met for dep_context=requeueable deps ti=<TaskInstance: hiring_dynamic.branch_downloads scheduled__2025-03-05T15:00:00+00:00 [queued]>
[2025-11-05T01:32:51.982+0000] {taskinstance.py:2306} INFO - Starting attempt 1 of 1
[2025-11-05T01:32:52.450+0000] {taskinstance.py:2330} INFO - Executing <Task(BranchPythonOperator): branch_downloads> on 2025-03-05 15:00:00+00:00
[2025-11-05T01:32:52.757+0000] {logging_mixin.py:188} WARNING - /home/***/.local/lib/python3.12/site-packages/***/task/task_runner/standard_task_runner.py:61 DeprecationWarning: This process (pid=438) is multi-threaded, use of fork() may lead to deadlocks in the child.
[2025-11-05T01:32:52.767+0000] {standard_task_runner.py:63} INFO - Started process 519 to run task
[2025-11-05T01:32:52.768+0000] {standard_task_runner.py:90} INFO - Running: ['***', 'tasks', 'run', 'hiring_dynamic', 'branch_downloads', 'scheduled__2025-03-05T15:00:00+00:00', '--job-id', '104', '--raw', '--subdir', 'DAGS_FOLDER/dag_dynamic.py', '--cfg-path', '/tmp/tmp1llxggt2']
[2025-11-05T01:32:52.900+0000] {standard_task_runner.py:91} INFO - Job 104: Subtask branch_downloads
[2025-11-05T01:32:53.540+0000] {task_command.py:426} INFO - Running <TaskInstance: hiring_dynamic.branch_downloads scheduled__2025-03-05T15:00:00+00:00 [running]> on host ddceee407281
[2025-11-05T01:32:54.418+0000] {taskinstance.py:2648} INFO - Exporting env vars: AIRFLOW_CTX_DAG_OWNER='***' AIRFLOW_CTX_DAG_ID='hiring_dynamic' AIRFLOW_CTX_TASK_ID='branch_downloads' AIRFLOW_CTX_EXECUTION_DATE='2025-03-05T15:00:00+00:00' AIRFLOW_CTX_TRY_NUMBER='1' AIRFLOW_CTX_DAG_RUN_ID='scheduled__2025-03-05T15:00:00+00:00'
[2025-11-05T01:32:54.552+0000] {taskinstance.py:430} INFO - ::endgroup::
[2025-11-05T01:32:54.673+0000] {baseoperator.py:400} WARNING - BranchPythonOperator.execute cannot be called outside TaskInstance!
[2025-11-05T01:32:54.686+0000] {python.py:237} INFO - Done. Returned value was: ['download_data_1', 'download_data_2']
[2025-11-05T01:32:54.691+0000] {branch.py:36} INFO - Branch into ['download_data_1', 'download_data_2']
[2025-11-05T01:32:54.693+0000] {skipmixin.py:178} INFO - Following branch ['download_data_1', 'download_data_2']
[2025-11-05T01:32:54.904+0000] {skipmixin.py:246} INFO - Skipping tasks []
[2025-11-05T01:32:55.109+0000] {taskinstance.py:441} INFO - ::group::Post task execution logs
[2025-11-05T01:32:55.220+0000] {taskinstance.py:1206} INFO - Marking task as SUCCESS. dag_id=hiring_dynamic, task_id=branch_downloads, run_id=scheduled__2025-03-05T15:00:00+00:00, execution_date=20250305T150000, start_date=20251105T013251, end_date=20251105T013255
[2025-11-05T01:32:55.549+0000] {local_task_job_runner.py:240} INFO - Task exited with return code 0
[2025-11-05T01:32:55.857+0000] {local_task_job_runner.py:222} INFO - ::endgroup::
