[2025-11-05T02:26:33.303+0000] {local_task_job_runner.py:120} INFO - ::group::Pre task execution logs
[2025-11-05T02:26:33.331+0000] {taskinstance.py:2076} INFO - Dependencies all met for dep_context=non-requeueable deps ti=<TaskInstance: hiring_dynamic.create_folders manual__2024-11-05T15:00:00+00:00 [queued]>
[2025-11-05T02:26:33.339+0000] {taskinstance.py:2076} INFO - Dependencies all met for dep_context=requeueable deps ti=<TaskInstance: hiring_dynamic.create_folders manual__2024-11-05T15:00:00+00:00 [queued]>
[2025-11-05T02:26:33.339+0000] {taskinstance.py:2306} INFO - Starting attempt 1 of 3
[2025-11-05T02:26:33.348+0000] {taskinstance.py:2330} INFO - Executing <Task(PythonOperator): create_folders> on 2024-11-05 15:00:00+00:00
[2025-11-05T02:26:33.355+0000] {standard_task_runner.py:90} INFO - Running: ['***', 'tasks', 'run', 'hiring_dynamic', 'create_folders', 'manual__2024-11-05T15:00:00+00:00', '--job-id', '208', '--raw', '--subdir', 'DAGS_FOLDER/dag_dynamic.py', '--cfg-path', '/tmp/tmp4appkgdp']
[2025-11-05T02:26:33.357+0000] {logging_mixin.py:188} WARNING - /home/***/.local/lib/python3.12/site-packages/***/task/task_runner/standard_task_runner.py:61 DeprecationWarning: This process (pid=2205) is multi-threaded, use of fork() may lead to deadlocks in the child.
[2025-11-05T02:26:33.358+0000] {standard_task_runner.py:91} INFO - Job 208: Subtask create_folders
[2025-11-05T02:26:33.358+0000] {standard_task_runner.py:63} INFO - Started process 2224 to run task
[2025-11-05T02:26:33.397+0000] {task_command.py:426} INFO - Running <TaskInstance: hiring_dynamic.create_folders manual__2024-11-05T15:00:00+00:00 [running]> on host 9d96bb82ceeb
[2025-11-05T02:26:33.461+0000] {taskinstance.py:2648} INFO - Exporting env vars: AIRFLOW_CTX_DAG_OWNER='***' AIRFLOW_CTX_DAG_ID='hiring_dynamic' AIRFLOW_CTX_TASK_ID='create_folders' AIRFLOW_CTX_EXECUTION_DATE='2024-11-05T15:00:00+00:00' AIRFLOW_CTX_TRY_NUMBER='1' AIRFLOW_CTX_DAG_RUN_ID='manual__2024-11-05T15:00:00+00:00'
[2025-11-05T02:26:33.463+0000] {taskinstance.py:430} INFO - ::endgroup::
[2025-11-05T02:26:33.476+0000] {logging_mixin.py:188} INFO - [create_folders] Carpeta de corrida: /opt/***/dags/runs/20241105
[2025-11-05T02:26:33.477+0000] {logging_mixin.py:188} INFO - [create_folders] Subcarpetas: ['preprocessed', 'models', 'raw', 'splits']
[2025-11-05T02:26:33.477+0000] {python.py:237} INFO - Done. Returned value was: /opt/***/dags/runs/20241105
[2025-11-05T02:26:33.477+0000] {taskinstance.py:441} INFO - ::group::Post task execution logs
[2025-11-05T02:26:33.499+0000] {taskinstance.py:1206} INFO - Marking task as SUCCESS. dag_id=hiring_dynamic, task_id=create_folders, run_id=manual__2024-11-05T15:00:00+00:00, execution_date=20241105T150000, start_date=20251105T022633, end_date=20251105T022633
[2025-11-05T02:26:33.539+0000] {local_task_job_runner.py:240} INFO - Task exited with return code 0
[2025-11-05T02:26:33.563+0000] {taskinstance.py:3503} INFO - 1 downstream tasks scheduled from follow-on schedule check
[2025-11-05T02:26:33.565+0000] {local_task_job_runner.py:222} INFO - ::endgroup::
