[2025-11-05T02:26:31.340+0000] {local_task_job_runner.py:120} INFO - ::group::Pre task execution logs
[2025-11-05T02:26:31.363+0000] {taskinstance.py:2076} INFO - Dependencies all met for dep_context=non-requeueable deps ti=<TaskInstance: hiring_dynamic.load_and_merge manual__2024-10-05T15:00:00+00:00 [queued]>
[2025-11-05T02:26:31.368+0000] {taskinstance.py:2076} INFO - Dependencies all met for dep_context=requeueable deps ti=<TaskInstance: hiring_dynamic.load_and_merge manual__2024-10-05T15:00:00+00:00 [queued]>
[2025-11-05T02:26:31.368+0000] {taskinstance.py:2306} INFO - Starting attempt 1 of 3
[2025-11-05T02:26:31.374+0000] {taskinstance.py:2330} INFO - Executing <Task(PythonOperator): load_and_merge> on 2024-10-05 15:00:00+00:00
[2025-11-05T02:26:31.383+0000] {standard_task_runner.py:90} INFO - Running: ['***', 'tasks', 'run', 'hiring_dynamic', 'load_and_merge', 'manual__2024-10-05T15:00:00+00:00', '--job-id', '206', '--raw', '--subdir', 'DAGS_FOLDER/dag_dynamic.py', '--cfg-path', '/tmp/tmpyp678wv3']
[2025-11-05T02:26:31.387+0000] {standard_task_runner.py:91} INFO - Job 206: Subtask load_and_merge
[2025-11-05T02:26:31.386+0000] {logging_mixin.py:188} WARNING - /home/***/.local/lib/python3.12/site-packages/***/task/task_runner/standard_task_runner.py:61 DeprecationWarning: This process (pid=2195) is multi-threaded, use of fork() may lead to deadlocks in the child.
[2025-11-05T02:26:31.388+0000] {standard_task_runner.py:63} INFO - Started process 2204 to run task
[2025-11-05T02:26:31.427+0000] {task_command.py:426} INFO - Running <TaskInstance: hiring_dynamic.load_and_merge manual__2024-10-05T15:00:00+00:00 [running]> on host 9d96bb82ceeb
[2025-11-05T02:26:31.490+0000] {taskinstance.py:2648} INFO - Exporting env vars: AIRFLOW_CTX_DAG_OWNER='***' AIRFLOW_CTX_DAG_ID='hiring_dynamic' AIRFLOW_CTX_TASK_ID='load_and_merge' AIRFLOW_CTX_EXECUTION_DATE='2024-10-05T15:00:00+00:00' AIRFLOW_CTX_TRY_NUMBER='1' AIRFLOW_CTX_DAG_RUN_ID='manual__2024-10-05T15:00:00+00:00'
[2025-11-05T02:26:31.491+0000] {taskinstance.py:430} INFO - ::endgroup::
[2025-11-05T02:26:31.525+0000] {logging_mixin.py:188} INFO - [load_ands_merge] Archivos usados: ['data_1.csv']
[2025-11-05T02:26:31.526+0000] {logging_mixin.py:188} INFO - [load_ands_merge] Guardado: /opt/***/dags/runs/20241005/preprocessed/merged.csv (shape=(750, 11))
[2025-11-05T02:26:31.526+0000] {python.py:237} INFO - Done. Returned value was: /opt/***/dags/runs/20241005/preprocessed/merged.csv
[2025-11-05T02:26:31.526+0000] {taskinstance.py:441} INFO - ::group::Post task execution logs
[2025-11-05T02:26:31.542+0000] {taskinstance.py:1206} INFO - Marking task as SUCCESS. dag_id=hiring_dynamic, task_id=load_and_merge, run_id=manual__2024-10-05T15:00:00+00:00, execution_date=20241005T150000, start_date=20251105T022631, end_date=20251105T022631
[2025-11-05T02:26:31.574+0000] {local_task_job_runner.py:240} INFO - Task exited with return code 0
[2025-11-05T02:26:31.589+0000] {taskinstance.py:3503} INFO - 1 downstream tasks scheduled from follow-on schedule check
[2025-11-05T02:26:31.590+0000] {local_task_job_runner.py:222} INFO - ::endgroup::
