[2025-11-05T02:26:36.341+0000] {local_task_job_runner.py:120} INFO - ::group::Pre task execution logs
[2025-11-05T02:26:36.380+0000] {taskinstance.py:2076} INFO - Dependencies all met for dep_context=non-requeueable deps ti=<TaskInstance: hiring_dynamic.branch_downloads manual__2024-11-05T15:00:00+00:00 [queued]>
[2025-11-05T02:26:36.385+0000] {taskinstance.py:2076} INFO - Dependencies all met for dep_context=requeueable deps ti=<TaskInstance: hiring_dynamic.branch_downloads manual__2024-11-05T15:00:00+00:00 [queued]>
[2025-11-05T02:26:36.385+0000] {taskinstance.py:2306} INFO - Starting attempt 1 of 3
[2025-11-05T02:26:36.394+0000] {taskinstance.py:2330} INFO - Executing <Task(BranchPythonOperator): branch_downloads> on 2024-11-05 15:00:00+00:00
[2025-11-05T02:26:36.417+0000] {logging_mixin.py:188} WARNING - /home/***/.local/lib/python3.12/site-packages/***/task/task_runner/standard_task_runner.py:61 DeprecationWarning: This process (pid=2226) is multi-threaded, use of fork() may lead to deadlocks in the child.
[2025-11-05T02:26:36.422+0000] {standard_task_runner.py:63} INFO - Started process 2261 to run task
[2025-11-05T02:26:36.430+0000] {standard_task_runner.py:90} INFO - Running: ['***', 'tasks', 'run', 'hiring_dynamic', 'branch_downloads', 'manual__2024-11-05T15:00:00+00:00', '--job-id', '211', '--raw', '--subdir', 'DAGS_FOLDER/dag_dynamic.py', '--cfg-path', '/tmp/tmp9j3cpk59']
[2025-11-05T02:26:36.445+0000] {standard_task_runner.py:91} INFO - Job 211: Subtask branch_downloads
[2025-11-05T02:26:36.583+0000] {task_command.py:426} INFO - Running <TaskInstance: hiring_dynamic.branch_downloads manual__2024-11-05T15:00:00+00:00 [running]> on host 9d96bb82ceeb
[2025-11-05T02:26:36.810+0000] {taskinstance.py:2648} INFO - Exporting env vars: AIRFLOW_CTX_DAG_OWNER='***' AIRFLOW_CTX_DAG_ID='hiring_dynamic' AIRFLOW_CTX_TASK_ID='branch_downloads' AIRFLOW_CTX_EXECUTION_DATE='2024-11-05T15:00:00+00:00' AIRFLOW_CTX_TRY_NUMBER='1' AIRFLOW_CTX_DAG_RUN_ID='manual__2024-11-05T15:00:00+00:00'
[2025-11-05T02:26:36.811+0000] {taskinstance.py:430} INFO - ::endgroup::
[2025-11-05T02:26:36.820+0000] {baseoperator.py:400} WARNING - BranchPythonOperator.execute cannot be called outside TaskInstance!
[2025-11-05T02:26:36.822+0000] {python.py:237} INFO - Done. Returned value was: ['download_data_1', 'download_data_2']
[2025-11-05T02:26:36.823+0000] {branch.py:36} INFO - Branch into ['download_data_1', 'download_data_2']
[2025-11-05T02:26:36.823+0000] {skipmixin.py:178} INFO - Following branch ['download_data_1', 'download_data_2']
[2025-11-05T02:26:36.860+0000] {skipmixin.py:246} INFO - Skipping tasks []
[2025-11-05T02:26:36.874+0000] {taskinstance.py:441} INFO - ::group::Post task execution logs
[2025-11-05T02:26:36.894+0000] {taskinstance.py:1206} INFO - Marking task as SUCCESS. dag_id=hiring_dynamic, task_id=branch_downloads, run_id=manual__2024-11-05T15:00:00+00:00, execution_date=20241105T150000, start_date=20251105T022636, end_date=20251105T022636
[2025-11-05T02:26:36.935+0000] {local_task_job_runner.py:240} INFO - Task exited with return code 0
[2025-11-05T02:26:36.970+0000] {taskinstance.py:3503} INFO - 2 downstream tasks scheduled from follow-on schedule check
[2025-11-05T02:26:36.970+0000] {local_task_job_runner.py:222} INFO - ::endgroup::
