[2025-11-05T01:12:31.399+0000] {local_task_job_runner.py:120} INFO - ::group::Pre task execution logs
[2025-11-05T01:12:31.414+0000] {taskinstance.py:2076} INFO - Dependencies all met for dep_context=non-requeueable deps ti=<TaskInstance: hiring_lineal.gradio_interface manual__2025-11-05T01:12:18.756788+00:00 [queued]>
[2025-11-05T01:12:31.417+0000] {taskinstance.py:2076} INFO - Dependencies all met for dep_context=requeueable deps ti=<TaskInstance: hiring_lineal.gradio_interface manual__2025-11-05T01:12:18.756788+00:00 [queued]>
[2025-11-05T01:12:31.417+0000] {taskinstance.py:2306} INFO - Starting attempt 1 of 1
[2025-11-05T01:12:31.423+0000] {taskinstance.py:2330} INFO - Executing <Task(BashOperator): gradio_interface> on 2025-11-05 01:12:18.756788+00:00
[2025-11-05T01:12:31.428+0000] {standard_task_runner.py:90} INFO - Running: ['***', 'tasks', 'run', 'hiring_lineal', 'gradio_interface', 'manual__2025-11-05T01:12:18.756788+00:00', '--job-id', '88', '--raw', '--subdir', 'DAGS_FOLDER/dag_lineal.py', '--cfg-path', '/tmp/tmp095wi21w']
[2025-11-05T01:12:31.429+0000] {standard_task_runner.py:91} INFO - Job 88: Subtask gradio_interface
[2025-11-05T01:12:31.429+0000] {logging_mixin.py:188} WARNING - /home/***/.local/lib/python3.12/site-packages/***/task/task_runner/standard_task_runner.py:61 DeprecationWarning: This process (pid=459) is multi-threaded, use of fork() may lead to deadlocks in the child.
[2025-11-05T01:12:31.430+0000] {standard_task_runner.py:63} INFO - Started process 469 to run task
[2025-11-05T01:12:31.453+0000] {task_command.py:426} INFO - Running <TaskInstance: hiring_lineal.gradio_interface manual__2025-11-05T01:12:18.756788+00:00 [running]> on host 8bad4050941c
[2025-11-05T01:12:31.497+0000] {taskinstance.py:2648} INFO - Exporting env vars: AIRFLOW_CTX_DAG_OWNER='***' AIRFLOW_CTX_DAG_ID='hiring_lineal' AIRFLOW_CTX_TASK_ID='gradio_interface' AIRFLOW_CTX_EXECUTION_DATE='2025-11-05T01:12:18.756788+00:00' AIRFLOW_CTX_TRY_NUMBER='1' AIRFLOW_CTX_DAG_RUN_ID='manual__2025-11-05T01:12:18.756788+00:00'
[2025-11-05T01:12:31.498+0000] {taskinstance.py:430} INFO - ::endgroup::
[2025-11-05T01:12:31.507+0000] {subprocess.py:63} INFO - Tmp dir root location: /tmp
[2025-11-05T01:12:31.508+0000] {subprocess.py:75} INFO - Running command: ['/usr/bin/bash', '-c', '\nset -euo pipefail\nPORT="${GRADIO_PORT:-7860}"\nLOGF="/opt/***/logs/gradio_app.log"\nPIDF="/opt/***/logs/gradio_app.pid"\n\n# Si ya hay uno, lo dejamos\necho "[gradio] Lanzando en puerto ${PORT} (logs: $LOGF; pid: $PIDF)"\nnohup python -u /opt/***/dags/gradio_app.py >"$LOGF" 2>&1 & echo $! > "$PIDF"\nsleep 2\necho "[gradio] PID: $(cat $PIDF)"\necho "[gradio] Si NO ves link público en el log, usa: http://localhost:${PORT}"']
[2025-11-05T01:12:31.523+0000] {subprocess.py:86} INFO - Output:
[2025-11-05T01:12:31.524+0000] {subprocess.py:93} INFO - [gradio] Lanzando en puerto 7860 (logs: /opt/***/logs/gradio_app.log; pid: /opt/***/logs/gradio_app.pid)
[2025-11-05T01:12:32.172+0000] {_client.py:1025} INFO - HTTP Request: GET https://api.gradio.app/gradio-messaging/en "HTTP/1.1 200 OK"
[2025-11-05T01:12:33.538+0000] {subprocess.py:93} INFO - [gradio] PID: 471
[2025-11-05T01:12:33.539+0000] {subprocess.py:93} INFO - [gradio] Si NO ves link público en el log, usa: http://localhost:7860
[2025-11-05T01:12:33.539+0000] {subprocess.py:97} INFO - Command exited with return code 0
[2025-11-05T01:12:33.540+0000] {taskinstance.py:441} INFO - ::group::Post task execution logs
[2025-11-05T01:12:33.565+0000] {taskinstance.py:1206} INFO - Marking task as SUCCESS. dag_id=hiring_lineal, task_id=gradio_interface, run_id=manual__2025-11-05T01:12:18.756788+00:00, execution_date=20251105T011218, start_date=20251105T011231, end_date=20251105T011233
[2025-11-05T01:12:33.609+0000] {local_task_job_runner.py:240} INFO - Task exited with return code 0
[2025-11-05T01:12:33.621+0000] {taskinstance.py:3503} INFO - 0 downstream tasks scheduled from follow-on schedule check
[2025-11-05T01:12:33.622+0000] {local_task_job_runner.py:222} INFO - ::endgroup::
