[2025-11-04T23:05:43.125+0000] {local_task_job_runner.py:120} INFO - ::group::Pre task execution logs
[2025-11-04T23:05:43.149+0000] {taskinstance.py:2076} INFO - Dependencies all met for dep_context=non-requeueable deps ti=<TaskInstance: hiring_lineal.create_folders manual__2025-11-04T23:05:40.492679+00:00 [queued]>
[2025-11-04T23:05:43.153+0000] {taskinstance.py:2076} INFO - Dependencies all met for dep_context=requeueable deps ti=<TaskInstance: hiring_lineal.create_folders manual__2025-11-04T23:05:40.492679+00:00 [queued]>
[2025-11-04T23:05:43.153+0000] {taskinstance.py:2306} INFO - Starting attempt 1 of 2
[2025-11-04T23:05:43.158+0000] {taskinstance.py:2330} INFO - Executing <Task(PythonOperator): create_folders> on 2025-11-04 23:05:40.492679+00:00
[2025-11-04T23:05:43.167+0000] {standard_task_runner.py:90} INFO - Running: ['***', 'tasks', 'run', 'hiring_lineal', 'create_folders', 'manual__2025-11-04T23:05:40.492679+00:00', '--job-id', '4', '--raw', '--subdir', 'DAGS_FOLDER/dag_lineal.py', '--cfg-path', '/tmp/tmpgs8gqi5t']
[2025-11-04T23:05:43.169+0000] {logging_mixin.py:188} WARNING - /home/***/.local/lib/python3.12/site-packages/***/task/task_runner/standard_task_runner.py:61 DeprecationWarning: This process (pid=1076) is multi-threaded, use of fork() may lead to deadlocks in the child.
[2025-11-04T23:05:43.170+0000] {standard_task_runner.py:91} INFO - Job 4: Subtask create_folders
[2025-11-04T23:05:43.170+0000] {standard_task_runner.py:63} INFO - Started process 1086 to run task
[2025-11-04T23:05:43.207+0000] {task_command.py:426} INFO - Running <TaskInstance: hiring_lineal.create_folders manual__2025-11-04T23:05:40.492679+00:00 [running]> on host f3b403659f43
[2025-11-04T23:05:43.249+0000] {taskinstance.py:2648} INFO - Exporting env vars: AIRFLOW_CTX_DAG_OWNER='***' AIRFLOW_CTX_DAG_ID='hiring_lineal' AIRFLOW_CTX_TASK_ID='create_folders' AIRFLOW_CTX_EXECUTION_DATE='2025-11-04T23:05:40.492679+00:00' AIRFLOW_CTX_TRY_NUMBER='1' AIRFLOW_CTX_DAG_RUN_ID='manual__2025-11-04T23:05:40.492679+00:00'
[2025-11-04T23:05:43.250+0000] {taskinstance.py:430} INFO - ::endgroup::
[2025-11-04T23:05:43.257+0000] {logging_mixin.py:188} INFO - [create_folders] Carpeta de corrida creada: /opt/***/dags/runs/20251104
[2025-11-04T23:05:43.258+0000] {logging_mixin.py:188} INFO - [create_folders] Subcarpetas: ['models', 'raw', 'splits']
[2025-11-04T23:05:43.258+0000] {python.py:237} INFO - Done. Returned value was: /opt/***/dags/runs/20251104
[2025-11-04T23:05:43.258+0000] {taskinstance.py:441} INFO - ::group::Post task execution logs
[2025-11-04T23:05:43.271+0000] {taskinstance.py:1206} INFO - Marking task as SUCCESS. dag_id=hiring_lineal, task_id=create_folders, run_id=manual__2025-11-04T23:05:40.492679+00:00, execution_date=20251104T230540, start_date=20251104T230543, end_date=20251104T230543
[2025-11-04T23:05:43.314+0000] {local_task_job_runner.py:240} INFO - Task exited with return code 0
[2025-11-04T23:05:43.334+0000] {taskinstance.py:3503} INFO - 1 downstream tasks scheduled from follow-on schedule check
[2025-11-04T23:05:43.335+0000] {local_task_job_runner.py:222} INFO - ::endgroup::
