[2025-11-05T01:35:28.558+0000] {local_task_job_runner.py:120} INFO - ::group::Pre task execution logs
[2025-11-05T01:35:28.914+0000] {taskinstance.py:2076} INFO - Dependencies all met for dep_context=non-requeueable deps ti=<TaskInstance: hiring_dynamic.train_gradient_boosting scheduled__2025-04-05T15:00:00+00:00 [queued]>
[2025-11-05T01:35:28.967+0000] {taskinstance.py:2076} INFO - Dependencies all met for dep_context=requeueable deps ti=<TaskInstance: hiring_dynamic.train_gradient_boosting scheduled__2025-04-05T15:00:00+00:00 [queued]>
[2025-11-05T01:35:28.968+0000] {taskinstance.py:2306} INFO - Starting attempt 1 of 1
[2025-11-05T01:35:29.186+0000] {taskinstance.py:2330} INFO - Executing <Task(PythonOperator): train_gradient_boosting> on 2025-04-05 15:00:00+00:00
[2025-11-05T01:35:29.487+0000] {standard_task_runner.py:90} INFO - Running: ['***', 'tasks', 'run', 'hiring_dynamic', 'train_gradient_boosting', 'scheduled__2025-04-05T15:00:00+00:00', '--job-id', '166', '--raw', '--subdir', 'DAGS_FOLDER/dag_dynamic.py', '--cfg-path', '/tmp/tmps_u68exv']
[2025-11-05T01:35:29.534+0000] {standard_task_runner.py:91} INFO - Job 166: Subtask train_gradient_boosting
[2025-11-05T01:35:29.539+0000] {logging_mixin.py:188} WARNING - /home/***/.local/lib/python3.12/site-packages/***/task/task_runner/standard_task_runner.py:61 DeprecationWarning: This process (pid=1274) is multi-threaded, use of fork() may lead to deadlocks in the child.
[2025-11-05T01:35:29.547+0000] {standard_task_runner.py:63} INFO - Started process 1417 to run task
[2025-11-05T01:35:30.630+0000] {task_command.py:426} INFO - Running <TaskInstance: hiring_dynamic.train_gradient_boosting scheduled__2025-04-05T15:00:00+00:00 [running]> on host ddceee407281
[2025-11-05T01:35:47.438+0000] {taskinstance.py:2648} INFO - Exporting env vars: AIRFLOW_CTX_DAG_OWNER='***' AIRFLOW_CTX_DAG_ID='hiring_dynamic' AIRFLOW_CTX_TASK_ID='train_gradient_boosting' AIRFLOW_CTX_EXECUTION_DATE='2025-04-05T15:00:00+00:00' AIRFLOW_CTX_TRY_NUMBER='1' AIRFLOW_CTX_DAG_RUN_ID='scheduled__2025-04-05T15:00:00+00:00'
[2025-11-05T01:35:47.511+0000] {taskinstance.py:430} INFO - ::endgroup::
[2025-11-05T01:35:48.636+0000] {logging_mixin.py:188} INFO - [train_model] Numéricas: ['Age', 'DistanceFromCompany', 'ExperienceYears', 'InterviewScore', 'PersonalityScore', 'PreviousCompanies', 'SkillScore']
[2025-11-05T01:35:48.670+0000] {logging_mixin.py:188} INFO - [train_model] Categóricas: ['EducationLevel', 'Gender', 'RecruitmentStrategy']
[2025-11-05T01:35:52.659+0000] {logging_mixin.py:188} INFO - [train_model] Modelo entrenado: GradientBoostingClassifier
[2025-11-05T01:35:52.669+0000] {logging_mixin.py:188} INFO - [train_model] Guardado en: /opt/***/dags/runs/20250405/models/model_gbc_20251105T013552.joblib
[2025-11-05T01:35:52.710+0000] {python.py:237} INFO - Done. Returned value was: /opt/***/dags/runs/20250405/models/model_gbc_20251105T013552.joblib
[2025-11-05T01:35:52.714+0000] {taskinstance.py:441} INFO - ::group::Post task execution logs
[2025-11-05T01:35:53.079+0000] {taskinstance.py:1206} INFO - Marking task as SUCCESS. dag_id=hiring_dynamic, task_id=train_gradient_boosting, run_id=scheduled__2025-04-05T15:00:00+00:00, execution_date=20250405T150000, start_date=20251105T013528, end_date=20251105T013553
[2025-11-05T01:35:53.580+0000] {local_task_job_runner.py:240} INFO - Task exited with return code 0
[2025-11-05T01:35:53.825+0000] {taskinstance.py:3503} INFO - 0 downstream tasks scheduled from follow-on schedule check
[2025-11-05T01:35:53.842+0000] {local_task_job_runner.py:222} INFO - ::endgroup::
