[2025-11-04T23:44:23.557+0000] {local_task_job_runner.py:120} INFO - ::group::Pre task execution logs
[2025-11-04T23:44:23.575+0000] {taskinstance.py:2076} INFO - Dependencies all met for dep_context=non-requeueable deps ti=<TaskInstance: hiring_linear_pipeline.create_folders manual__2025-11-04T23:44:19.938178+00:00 [queued]>
[2025-11-04T23:44:23.579+0000] {taskinstance.py:2076} INFO - Dependencies all met for dep_context=requeueable deps ti=<TaskInstance: hiring_linear_pipeline.create_folders manual__2025-11-04T23:44:19.938178+00:00 [queued]>
[2025-11-04T23:44:23.579+0000] {taskinstance.py:2306} INFO - Starting attempt 1 of 1
[2025-11-04T23:44:23.585+0000] {taskinstance.py:2330} INFO - Executing <Task(PythonOperator): create_folders> on 2025-11-04 23:44:19.938178+00:00
[2025-11-04T23:44:23.592+0000] {standard_task_runner.py:90} INFO - Running: ['***', 'tasks', 'run', 'hiring_linear_pipeline', 'create_folders', 'manual__2025-11-04T23:44:19.938178+00:00', '--job-id', '27', '--raw', '--subdir', 'DAGS_FOLDER/hiring_dag.py', '--cfg-path', '/tmp/tmp3xzrer3l']
[2025-11-04T23:44:23.597+0000] {standard_task_runner.py:91} INFO - Job 27: Subtask create_folders
[2025-11-04T23:44:23.597+0000] {logging_mixin.py:188} WARNING - /home/***/.local/lib/python3.12/site-packages/***/task/task_runner/standard_task_runner.py:61 DeprecationWarning: This process (pid=262) is multi-threaded, use of fork() may lead to deadlocks in the child.
[2025-11-04T23:44:23.599+0000] {standard_task_runner.py:63} INFO - Started process 272 to run task
[2025-11-04T23:44:23.633+0000] {task_command.py:426} INFO - Running <TaskInstance: hiring_linear_pipeline.create_folders manual__2025-11-04T23:44:19.938178+00:00 [running]> on host 808535647f02
[2025-11-04T23:44:23.707+0000] {taskinstance.py:2648} INFO - Exporting env vars: AIRFLOW_CTX_DAG_OWNER='***' AIRFLOW_CTX_DAG_ID='hiring_linear_pipeline' AIRFLOW_CTX_TASK_ID='create_folders' AIRFLOW_CTX_EXECUTION_DATE='2025-11-04T23:44:19.938178+00:00' AIRFLOW_CTX_TRY_NUMBER='1' AIRFLOW_CTX_DAG_RUN_ID='manual__2025-11-04T23:44:19.938178+00:00'
[2025-11-04T23:44:23.710+0000] {taskinstance.py:430} INFO - ::endgroup::
[2025-11-04T23:44:23.739+0000] {logging_mixin.py:188} INFO - [create_folders] Carpeta de corrida creada: /opt/***/dags/runs/20251104
[2025-11-04T23:44:23.740+0000] {logging_mixin.py:188} INFO - [create_folders] Subcarpetas: ['models', 'raw', 'splits']
[2025-11-04T23:44:23.740+0000] {python.py:237} INFO - Done. Returned value was: /opt/***/dags/runs/20251104
[2025-11-04T23:44:23.740+0000] {taskinstance.py:441} INFO - ::group::Post task execution logs
[2025-11-04T23:44:23.760+0000] {taskinstance.py:1206} INFO - Marking task as SUCCESS. dag_id=hiring_linear_pipeline, task_id=create_folders, run_id=manual__2025-11-04T23:44:19.938178+00:00, execution_date=20251104T234419, start_date=20251104T234423, end_date=20251104T234423
[2025-11-04T23:44:23.783+0000] {local_task_job_runner.py:240} INFO - Task exited with return code 0
[2025-11-04T23:44:23.802+0000] {taskinstance.py:3503} INFO - 0 downstream tasks scheduled from follow-on schedule check
[2025-11-04T23:44:23.802+0000] {local_task_job_runner.py:222} INFO - ::endgroup::
