[2025-11-05T01:34:53.637+0000] {local_task_job_runner.py:120} INFO - ::group::Pre task execution logs
[2025-11-05T01:34:53.950+0000] {taskinstance.py:2076} INFO - Dependencies all met for dep_context=non-requeueable deps ti=<TaskInstance: hiring_dynamic.train_gradient_boosting scheduled__2025-02-05T15:00:00+00:00 [queued]>
[2025-11-05T01:34:53.973+0000] {taskinstance.py:2076} INFO - Dependencies all met for dep_context=requeueable deps ti=<TaskInstance: hiring_dynamic.train_gradient_boosting scheduled__2025-02-05T15:00:00+00:00 [queued]>
[2025-11-05T01:34:53.975+0000] {taskinstance.py:2306} INFO - Starting attempt 1 of 1
[2025-11-05T01:34:54.026+0000] {taskinstance.py:2330} INFO - Executing <Task(PythonOperator): train_gradient_boosting> on 2025-02-05 15:00:00+00:00
[2025-11-05T01:34:54.074+0000] {standard_task_runner.py:90} INFO - Running: ['***', 'tasks', 'run', 'hiring_dynamic', 'train_gradient_boosting', 'scheduled__2025-02-05T15:00:00+00:00', '--job-id', '147', '--raw', '--subdir', 'DAGS_FOLDER/dag_dynamic.py', '--cfg-path', '/tmp/tmpfx9jovw2']
[2025-11-05T01:34:54.093+0000] {standard_task_runner.py:91} INFO - Job 147: Subtask train_gradient_boosting
[2025-11-05T01:34:54.104+0000] {logging_mixin.py:188} WARNING - /home/***/.local/lib/python3.12/site-packages/***/task/task_runner/standard_task_runner.py:61 DeprecationWarning: This process (pid=1042) is multi-threaded, use of fork() may lead to deadlocks in the child.
[2025-11-05T01:34:54.110+0000] {standard_task_runner.py:63} INFO - Started process 1200 to run task
[2025-11-05T01:34:55.557+0000] {task_command.py:426} INFO - Running <TaskInstance: hiring_dynamic.train_gradient_boosting scheduled__2025-02-05T15:00:00+00:00 [running]> on host ddceee407281
[2025-11-05T01:34:57.013+0000] {taskinstance.py:2648} INFO - Exporting env vars: AIRFLOW_CTX_DAG_OWNER='***' AIRFLOW_CTX_DAG_ID='hiring_dynamic' AIRFLOW_CTX_TASK_ID='train_gradient_boosting' AIRFLOW_CTX_EXECUTION_DATE='2025-02-05T15:00:00+00:00' AIRFLOW_CTX_TRY_NUMBER='1' AIRFLOW_CTX_DAG_RUN_ID='scheduled__2025-02-05T15:00:00+00:00'
[2025-11-05T01:34:57.046+0000] {taskinstance.py:430} INFO - ::endgroup::
[2025-11-05T01:34:59.028+0000] {logging_mixin.py:188} INFO - [train_model] Numéricas: ['Age', 'DistanceFromCompany', 'ExperienceYears', 'InterviewScore', 'PersonalityScore', 'PreviousCompanies', 'SkillScore']
[2025-11-05T01:34:59.041+0000] {logging_mixin.py:188} INFO - [train_model] Categóricas: ['EducationLevel', 'Gender', 'RecruitmentStrategy']
[2025-11-05T01:35:05.846+0000] {logging_mixin.py:188} INFO - [train_model] Modelo entrenado: GradientBoostingClassifier
[2025-11-05T01:35:05.866+0000] {logging_mixin.py:188} INFO - [train_model] Guardado en: /opt/***/dags/runs/20250205/models/model_gbc_20251105T013505.joblib
[2025-11-05T01:35:05.901+0000] {python.py:237} INFO - Done. Returned value was: /opt/***/dags/runs/20250205/models/model_gbc_20251105T013505.joblib
[2025-11-05T01:35:05.908+0000] {taskinstance.py:441} INFO - ::group::Post task execution logs
[2025-11-05T01:35:06.356+0000] {taskinstance.py:1206} INFO - Marking task as SUCCESS. dag_id=hiring_dynamic, task_id=train_gradient_boosting, run_id=scheduled__2025-02-05T15:00:00+00:00, execution_date=20250205T150000, start_date=20251105T013453, end_date=20251105T013506
[2025-11-05T01:35:07.020+0000] {local_task_job_runner.py:240} INFO - Task exited with return code 0
[2025-11-05T01:35:07.316+0000] {taskinstance.py:3503} INFO - 0 downstream tasks scheduled from follow-on schedule check
[2025-11-05T01:35:07.423+0000] {local_task_job_runner.py:222} INFO - ::endgroup::
