[2025-11-20T01:30:49.470+0000] {local_task_job_runner.py:120} INFO - ::group::Pre task execution logs
[2025-11-20T01:30:49.498+0000] {taskinstance.py:2076} INFO - Dependencies all met for dep_context=non-requeueable deps ti=<TaskInstance: sodai_ml_pipeline.detect_drift manual__2025-11-20T01:28:08.275673+00:00 [queued]>
[2025-11-20T01:30:49.504+0000] {taskinstance.py:2076} INFO - Dependencies all met for dep_context=requeueable deps ti=<TaskInstance: sodai_ml_pipeline.detect_drift manual__2025-11-20T01:28:08.275673+00:00 [queued]>
[2025-11-20T01:30:49.504+0000] {taskinstance.py:2306} INFO - Starting attempt 1 of 2
[2025-11-20T01:30:49.514+0000] {taskinstance.py:2330} INFO - Executing <Task(BranchPythonOperator): detect_drift> on 2025-11-20 01:28:08.275673+00:00
[2025-11-20T01:30:49.525+0000] {standard_task_runner.py:64} INFO - Started process 3299 to run task
[2025-11-20T01:30:49.531+0000] {standard_task_runner.py:90} INFO - Running: ['***', 'tasks', 'run', 'sodai_ml_pipeline', 'detect_drift', 'manual__2025-11-20T01:28:08.275673+00:00', '--job-id', '190', '--raw', '--subdir', 'DAGS_FOLDER/sodai_ml_pipeline_dag.py', '--cfg-path', '/tmp/tmpz19ks4wq']
[2025-11-20T01:30:49.537+0000] {standard_task_runner.py:91} INFO - Job 190: Subtask detect_drift
[2025-11-20T01:30:49.602+0000] {task_command.py:426} INFO - Running <TaskInstance: sodai_ml_pipeline.detect_drift manual__2025-11-20T01:28:08.275673+00:00 [running]> on host 9937dd56ecd4
[2025-11-20T01:30:49.686+0000] {taskinstance.py:2648} INFO - Exporting env vars: AIRFLOW_CTX_DAG_OWNER='deep_drinkers' AIRFLOW_CTX_DAG_ID='sodai_ml_pipeline' AIRFLOW_CTX_TASK_ID='detect_drift' AIRFLOW_CTX_EXECUTION_DATE='2025-11-20T01:28:08.275673+00:00' AIRFLOW_CTX_TRY_NUMBER='1' AIRFLOW_CTX_DAG_RUN_ID='manual__2025-11-20T01:28:08.275673+00:00'
[2025-11-20T01:30:49.688+0000] {taskinstance.py:430} INFO - ::endgroup::
[2025-11-20T01:30:49.697+0000] {baseoperator.py:400} WARNING - BranchPythonOperator.execute cannot be called outside TaskInstance!
[2025-11-20T01:30:50.353+0000] {logging_mixin.py:188} INFO - [DRIFT] ref_pos_rate=0.4724, new_pos_rate=0.0835, rel_change=0.8233, threshold=0.1000
[2025-11-20T01:30:50.390+0000] {python.py:237} INFO - Done. Returned value was: retrain_model
[2025-11-20T01:30:50.391+0000] {branch.py:36} INFO - Branch into retrain_model
[2025-11-20T01:30:50.392+0000] {skipmixin.py:178} INFO - Following branch retrain_model
[2025-11-20T01:30:50.418+0000] {skipmixin.py:246} INFO - Skipping tasks [('skip_retraining', -1)]
[2025-11-20T01:30:50.450+0000] {taskinstance.py:441} INFO - ::group::Post task execution logs
[2025-11-20T01:30:50.470+0000] {taskinstance.py:1206} INFO - Marking task as SUCCESS. dag_id=sodai_ml_pipeline, task_id=detect_drift, run_id=manual__2025-11-20T01:28:08.275673+00:00, execution_date=20251120T012808, start_date=20251120T013049, end_date=20251120T013050
[2025-11-20T01:30:50.558+0000] {local_task_job_runner.py:243} INFO - Task exited with return code 0
[2025-11-20T01:30:50.584+0000] {taskinstance.py:3503} INFO - 1 downstream tasks scheduled from follow-on schedule check
[2025-11-20T01:30:50.588+0000] {local_task_job_runner.py:222} INFO - ::endgroup::
