[2025-11-04T23:44:37.462+0000] {local_task_job_runner.py:120} INFO - ::group::Pre task execution logs
[2025-11-04T23:44:37.489+0000] {taskinstance.py:2076} INFO - Dependencies all met for dep_context=non-requeueable deps ti=<TaskInstance: hiring_lineal.split_data manual__2025-11-04T23:44:29.467990+00:00 [queued]>
[2025-11-04T23:44:37.495+0000] {taskinstance.py:2076} INFO - Dependencies all met for dep_context=requeueable deps ti=<TaskInstance: hiring_lineal.split_data manual__2025-11-04T23:44:29.467990+00:00 [queued]>
[2025-11-04T23:44:37.496+0000] {taskinstance.py:2306} INFO - Starting attempt 1 of 1
[2025-11-04T23:44:37.505+0000] {taskinstance.py:2330} INFO - Executing <Task(PythonOperator): split_data> on 2025-11-04 23:44:29.467990+00:00
[2025-11-04T23:44:37.518+0000] {standard_task_runner.py:90} INFO - Running: ['***', 'tasks', 'run', 'hiring_lineal', 'split_data', 'manual__2025-11-04T23:44:29.467990+00:00', '--job-id', '30', '--raw', '--subdir', 'DAGS_FOLDER/dag_lineal.py', '--cfg-path', '/tmp/tmpjp18m1mp']
[2025-11-04T23:44:37.520+0000] {standard_task_runner.py:91} INFO - Job 30: Subtask split_data
[2025-11-04T23:44:37.521+0000] {logging_mixin.py:188} WARNING - /home/***/.local/lib/python3.12/site-packages/***/task/task_runner/standard_task_runner.py:61 DeprecationWarning: This process (pid=300) is multi-threaded, use of fork() may lead to deadlocks in the child.
[2025-11-04T23:44:37.522+0000] {standard_task_runner.py:63} INFO - Started process 334 to run task
[2025-11-04T23:44:37.582+0000] {task_command.py:426} INFO - Running <TaskInstance: hiring_lineal.split_data manual__2025-11-04T23:44:29.467990+00:00 [running]> on host 808535647f02
[2025-11-04T23:44:37.644+0000] {taskinstance.py:2648} INFO - Exporting env vars: AIRFLOW_CTX_DAG_OWNER='***' AIRFLOW_CTX_DAG_ID='hiring_lineal' AIRFLOW_CTX_TASK_ID='split_data' AIRFLOW_CTX_EXECUTION_DATE='2025-11-04T23:44:29.467990+00:00' AIRFLOW_CTX_TRY_NUMBER='1' AIRFLOW_CTX_DAG_RUN_ID='manual__2025-11-04T23:44:29.467990+00:00'
[2025-11-04T23:44:37.647+0000] {taskinstance.py:430} INFO - ::endgroup::
[2025-11-04T23:44:37.680+0000] {logging_mixin.py:188} INFO - [split_data] train/test guardados en /opt/***/dags/runs/20251104/splits
[2025-11-04T23:44:37.680+0000] {python.py:237} INFO - Done. Returned value was: /opt/***/dags/runs/20251104/splits
[2025-11-04T23:44:37.680+0000] {taskinstance.py:441} INFO - ::group::Post task execution logs
[2025-11-04T23:44:37.710+0000] {taskinstance.py:1206} INFO - Marking task as SUCCESS. dag_id=hiring_lineal, task_id=split_data, run_id=manual__2025-11-04T23:44:29.467990+00:00, execution_date=20251104T234429, start_date=20251104T234437, end_date=20251104T234437
[2025-11-04T23:44:37.750+0000] {local_task_job_runner.py:240} INFO - Task exited with return code 0
[2025-11-04T23:44:37.763+0000] {_client.py:1025} INFO - HTTP Request: GET https://api.gradio.app/gradio-messaging/en "HTTP/1.1 200 OK"
[2025-11-04T23:44:37.765+0000] {taskinstance.py:3503} INFO - 1 downstream tasks scheduled from follow-on schedule check
[2025-11-04T23:44:37.766+0000] {local_task_job_runner.py:222} INFO - ::endgroup::
