[2025-11-05T00:45:18.420+0000] {local_task_job_runner.py:120} INFO - ::group::Pre task execution logs
[2025-11-05T00:45:18.445+0000] {taskinstance.py:2076} INFO - Dependencies all met for dep_context=non-requeueable deps ti=<TaskInstance: hiring_lineal.gradio_interface manual__2025-11-05T00:45:01.431746+00:00 [queued]>
[2025-11-05T00:45:18.449+0000] {taskinstance.py:2076} INFO - Dependencies all met for dep_context=requeueable deps ti=<TaskInstance: hiring_lineal.gradio_interface manual__2025-11-05T00:45:01.431746+00:00 [queued]>
[2025-11-05T00:45:18.449+0000] {taskinstance.py:2306} INFO - Starting attempt 1 of 1
[2025-11-05T00:45:18.455+0000] {taskinstance.py:2330} INFO - Executing <Task(PythonOperator): gradio_interface> on 2025-11-05 00:45:01.431746+00:00
[2025-11-05T00:45:18.467+0000] {standard_task_runner.py:90} INFO - Running: ['***', 'tasks', 'run', 'hiring_lineal', 'gradio_interface', 'manual__2025-11-05T00:45:01.431746+00:00', '--job-id', '64', '--raw', '--subdir', 'DAGS_FOLDER/dag_lineal.py', '--cfg-path', '/tmp/tmpfa_fc_8m']
[2025-11-05T00:45:18.469+0000] {logging_mixin.py:188} WARNING - /home/***/.local/lib/python3.12/site-packages/***/task/task_runner/standard_task_runner.py:61 DeprecationWarning: This process (pid=760) is multi-threaded, use of fork() may lead to deadlocks in the child.
[2025-11-05T00:45:18.469+0000] {standard_task_runner.py:91} INFO - Job 64: Subtask gradio_interface
[2025-11-05T00:45:18.469+0000] {standard_task_runner.py:63} INFO - Started process 770 to run task
[2025-11-05T00:45:18.505+0000] {task_command.py:426} INFO - Running <TaskInstance: hiring_lineal.gradio_interface manual__2025-11-05T00:45:01.431746+00:00 [running]> on host 5e9e36c5f12f
[2025-11-05T00:45:18.556+0000] {taskinstance.py:2648} INFO - Exporting env vars: AIRFLOW_CTX_DAG_OWNER='***' AIRFLOW_CTX_DAG_ID='hiring_lineal' AIRFLOW_CTX_TASK_ID='gradio_interface' AIRFLOW_CTX_EXECUTION_DATE='2025-11-05T00:45:01.431746+00:00' AIRFLOW_CTX_TRY_NUMBER='1' AIRFLOW_CTX_DAG_RUN_ID='manual__2025-11-05T00:45:01.431746+00:00'
[2025-11-05T00:45:18.557+0000] {taskinstance.py:430} INFO - ::endgroup::
[2025-11-05T00:45:18.835+0000] {_client.py:1025} INFO - HTTP Request: GET https://api.gradio.app/gradio-messaging/en "HTTP/1.1 200 OK"
[2025-11-05T00:45:18.852+0000] {logging_mixin.py:188} INFO - Running on local URL:  http://0.0.0.0:7860
[2025-11-05T00:45:18.870+0000] {_client.py:1025} INFO - HTTP Request: GET http://localhost:7860/startup-events "HTTP/1.1 200 OK"
[2025-11-05T00:45:19.223+0000] {_client.py:1025} INFO - HTTP Request: GET https://checkip.amazonaws.com/ "HTTP/1.1 200 "
[2025-11-05T00:45:19.743+0000] {_client.py:1025} INFO - HTTP Request: GET https://api.gradio.app/pkg-version "HTTP/1.1 200 OK"
[2025-11-05T00:45:19.749+0000] {logging_mixin.py:188} WARNING - /home/***/.local/lib/python3.12/site-packages/gradio/analytics.py:106 UserWarning: IMPORTANT: You are using gradio version 4.44.0, however version 4.44.1 is available, please upgrade.
--------
[2025-11-05T00:45:19.999+0000] {_client.py:1025} INFO - HTTP Request: HEAD http://localhost:7860/ "HTTP/1.1 200 OK"
[2025-11-05T00:45:19.999+0000] {logging_mixin.py:188} INFO - 
To create a public link, set `share=True` in `launch()`.
[2025-11-05T00:45:20.000+0000] {logging_mixin.py:188} INFO - [gradio] Lanzado con share=True. Busca la URL *.gradio.live en el log.
[2025-11-05T00:45:20.001+0000] {python.py:237} INFO - Done. Returned value was: None
[2025-11-05T00:45:20.001+0000] {taskinstance.py:441} INFO - ::group::Post task execution logs
[2025-11-05T00:45:20.008+0000] {taskinstance.py:1206} INFO - Marking task as SUCCESS. dag_id=hiring_lineal, task_id=gradio_interface, run_id=manual__2025-11-05T00:45:01.431746+00:00, execution_date=20251105T004501, start_date=20251105T004518, end_date=20251105T004520
[2025-11-05T00:45:20.046+0000] {local_task_job_runner.py:240} INFO - Task exited with return code 0
[2025-11-05T00:45:20.060+0000] {taskinstance.py:3503} INFO - 0 downstream tasks scheduled from follow-on schedule check
[2025-11-05T00:45:20.060+0000] {local_task_job_runner.py:222} INFO - ::endgroup::
