[2025-11-05T01:33:57.221+0000] {local_task_job_runner.py:120} INFO - ::group::Pre task execution logs
[2025-11-05T01:33:59.217+0000] {taskinstance.py:2076} INFO - Dependencies all met for dep_context=non-requeueable deps ti=<TaskInstance: hiring_dynamic.download_data_2 scheduled__2025-03-05T15:00:00+00:00 [queued]>
[2025-11-05T01:33:59.356+0000] {taskinstance.py:2076} INFO - Dependencies all met for dep_context=requeueable deps ti=<TaskInstance: hiring_dynamic.download_data_2 scheduled__2025-03-05T15:00:00+00:00 [queued]>
[2025-11-05T01:33:59.358+0000] {taskinstance.py:2306} INFO - Starting attempt 1 of 1
[2025-11-05T01:33:59.560+0000] {taskinstance.py:2330} INFO - Executing <Task(BashOperator): download_data_2> on 2025-03-05 15:00:00+00:00
[2025-11-05T01:33:59.733+0000] {logging_mixin.py:188} WARNING - /home/***/.local/lib/python3.12/site-packages/***/task/task_runner/standard_task_runner.py:61 DeprecationWarning: This process (pid=703) is multi-threaded, use of fork() may lead to deadlocks in the child.
[2025-11-05T01:33:59.746+0000] {standard_task_runner.py:63} INFO - Started process 868 to run task
[2025-11-05T01:33:59.730+0000] {standard_task_runner.py:90} INFO - Running: ['***', 'tasks', 'run', 'hiring_dynamic', 'download_data_2', 'scheduled__2025-03-05T15:00:00+00:00', '--job-id', '127', '--raw', '--subdir', 'DAGS_FOLDER/dag_dynamic.py', '--cfg-path', '/tmp/tmpto8haoy1']
[2025-11-05T01:33:59.748+0000] {standard_task_runner.py:91} INFO - Job 127: Subtask download_data_2
[2025-11-05T01:34:00.224+0000] {task_command.py:426} INFO - Running <TaskInstance: hiring_dynamic.download_data_2 scheduled__2025-03-05T15:00:00+00:00 [running]> on host ddceee407281
[2025-11-05T01:34:00.773+0000] {taskinstance.py:2648} INFO - Exporting env vars: AIRFLOW_CTX_DAG_OWNER='***' AIRFLOW_CTX_DAG_ID='hiring_dynamic' AIRFLOW_CTX_TASK_ID='download_data_2' AIRFLOW_CTX_EXECUTION_DATE='2025-03-05T15:00:00+00:00' AIRFLOW_CTX_TRY_NUMBER='1' AIRFLOW_CTX_DAG_RUN_ID='scheduled__2025-03-05T15:00:00+00:00'
[2025-11-05T01:34:00.794+0000] {taskinstance.py:430} INFO - ::endgroup::
[2025-11-05T01:34:00.987+0000] {subprocess.py:63} INFO - Tmp dir root location: /tmp
[2025-11-05T01:34:00.993+0000] {subprocess.py:75} INFO - Running command: ['/usr/bin/bash', '-c', '\nset -euo pipefail\nRAW="/opt/***/dags/runs/20250305/raw"\nmkdir -p "$RAW"\necho "[download_data_2] -> $RAW/data_2.csv"\ncurl -fSL --retry 3 --connect-timeout 10 --max-time 120 \\\n  -o "$RAW/data_2.csv" "https://gitlab.com/eduardomoyab/laboratorio-13/-/raw/main/files/data_2.csv"\ntest -s "$RAW/data_2.csv"']
[2025-11-05T01:34:01.188+0000] {subprocess.py:86} INFO - Output:
[2025-11-05T01:34:01.358+0000] {subprocess.py:93} INFO - [download_data_2] -> /opt/***/dags/runs/20250305/raw/data_2.csv
[2025-11-05T01:34:01.569+0000] {subprocess.py:93} INFO -   % Total    % Received % Xferd  Average Speed   Time    Time     Time  Current
[2025-11-05T01:34:01.598+0000] {subprocess.py:93} INFO -                                  Dload  Upload   Total   Spent    Left  Speed
[2025-11-05T01:34:01.898+0000] {subprocess.py:93} INFO -   0     0    0     0    0     0      0      0 --:--:-- --:--:-- --:--:--     0100 32687  100 32687    0     0  96504      0 --:--:-- --:--:-- --:--:-- 99655
[2025-11-05T01:34:01.953+0000] {subprocess.py:97} INFO - Command exited with return code 0
[2025-11-05T01:34:01.992+0000] {taskinstance.py:441} INFO - ::group::Post task execution logs
[2025-11-05T01:34:02.314+0000] {taskinstance.py:1206} INFO - Marking task as SUCCESS. dag_id=hiring_dynamic, task_id=download_data_2, run_id=scheduled__2025-03-05T15:00:00+00:00, execution_date=20250305T150000, start_date=20251105T013359, end_date=20251105T013402
[2025-11-05T01:34:02.485+0000] {local_task_job_runner.py:240} INFO - Task exited with return code 0
[2025-11-05T01:34:02.665+0000] {local_task_job_runner.py:222} INFO - ::endgroup::
