[2025-11-05T01:36:08.736+0000] {local_task_job_runner.py:120} INFO - ::group::Pre task execution logs
[2025-11-05T01:36:08.875+0000] {taskinstance.py:2076} INFO - Dependencies all met for dep_context=non-requeueable deps ti=<TaskInstance: hiring_dynamic.evaluate_models scheduled__2024-10-05T15:00:00+00:00 [queued]>
[2025-11-05T01:36:08.922+0000] {taskinstance.py:2076} INFO - Dependencies all met for dep_context=requeueable deps ti=<TaskInstance: hiring_dynamic.evaluate_models scheduled__2024-10-05T15:00:00+00:00 [queued]>
[2025-11-05T01:36:08.923+0000] {taskinstance.py:2306} INFO - Starting attempt 1 of 1
[2025-11-05T01:36:08.977+0000] {taskinstance.py:2330} INFO - Executing <Task(PythonOperator): evaluate_models> on 2024-10-05 15:00:00+00:00
[2025-11-05T01:36:09.033+0000] {logging_mixin.py:188} WARNING - /home/***/.local/lib/python3.12/site-packages/***/task/task_runner/standard_task_runner.py:61 DeprecationWarning: This process (pid=1547) is multi-threaded, use of fork() may lead to deadlocks in the child.
[2025-11-05T01:36:09.040+0000] {standard_task_runner.py:63} INFO - Started process 1592 to run task
[2025-11-05T01:36:09.065+0000] {standard_task_runner.py:90} INFO - Running: ['***', 'tasks', 'run', 'hiring_dynamic', 'evaluate_models', 'scheduled__2024-10-05T15:00:00+00:00', '--job-id', '174', '--raw', '--subdir', 'DAGS_FOLDER/dag_dynamic.py', '--cfg-path', '/tmp/tmpa6bihhzq']
[2025-11-05T01:36:09.074+0000] {standard_task_runner.py:91} INFO - Job 174: Subtask evaluate_models
[2025-11-05T01:36:09.195+0000] {task_command.py:426} INFO - Running <TaskInstance: hiring_dynamic.evaluate_models scheduled__2024-10-05T15:00:00+00:00 [running]> on host ddceee407281
[2025-11-05T01:36:09.437+0000] {taskinstance.py:2648} INFO - Exporting env vars: AIRFLOW_CTX_DAG_OWNER='***' AIRFLOW_CTX_DAG_ID='hiring_dynamic' AIRFLOW_CTX_TASK_ID='evaluate_models' AIRFLOW_CTX_EXECUTION_DATE='2024-10-05T15:00:00+00:00' AIRFLOW_CTX_TRY_NUMBER='1' AIRFLOW_CTX_DAG_RUN_ID='scheduled__2024-10-05T15:00:00+00:00'
[2025-11-05T01:36:09.442+0000] {taskinstance.py:430} INFO - ::endgroup::
[2025-11-05T01:36:09.638+0000] {logging_mixin.py:188} INFO - [evaluate_models] model_gbc_20251105T013503.joblib: accuracy=0.9067
[2025-11-05T01:36:09.655+0000] {logging_mixin.py:188} INFO - [evaluate_models] model_logreg_20251105T013507.joblib: accuracy=0.9133
[2025-11-05T01:36:09.967+0000] {logging_mixin.py:188} INFO - [evaluate_models] model_random_forest_20251105T013508.joblib: accuracy=0.9200
[2025-11-05T01:36:11.348+0000] {logging_mixin.py:188} INFO - [evaluate_models] Mejor modelo: model_random_forest_20251105T013508.joblib | accuracy=0.9200
[2025-11-05T01:36:11.348+0000] {logging_mixin.py:188} INFO - [evaluate_models] Guardado como: /opt/***/dags/runs/20241005/models/best_model.joblib
[2025-11-05T01:36:11.350+0000] {python.py:237} INFO - Done. Returned value was: /opt/***/dags/runs/20241005/models/best_model.joblib
[2025-11-05T01:36:11.350+0000] {taskinstance.py:441} INFO - ::group::Post task execution logs
[2025-11-05T01:36:11.397+0000] {taskinstance.py:1206} INFO - Marking task as SUCCESS. dag_id=hiring_dynamic, task_id=evaluate_models, run_id=scheduled__2024-10-05T15:00:00+00:00, execution_date=20241005T150000, start_date=20251105T013608, end_date=20251105T013611
[2025-11-05T01:36:11.471+0000] {local_task_job_runner.py:240} INFO - Task exited with return code 0
[2025-11-05T01:36:11.573+0000] {local_task_job_runner.py:222} INFO - ::endgroup::
