[2025-11-05T01:12:14.686+0000] {local_task_job_runner.py:120} INFO - ::group::Pre task execution logs
[2025-11-05T01:12:14.703+0000] {taskinstance.py:2076} INFO - Dependencies all met for dep_context=non-requeueable deps ti=<TaskInstance: hiring_linear_pipeline.create_folders manual__2025-11-05T01:12:12.675755+00:00 [queued]>
[2025-11-05T01:12:14.708+0000] {taskinstance.py:2076} INFO - Dependencies all met for dep_context=requeueable deps ti=<TaskInstance: hiring_linear_pipeline.create_folders manual__2025-11-05T01:12:12.675755+00:00 [queued]>
[2025-11-05T01:12:14.708+0000] {taskinstance.py:2306} INFO - Starting attempt 1 of 1
[2025-11-05T01:12:14.714+0000] {taskinstance.py:2330} INFO - Executing <Task(PythonOperator): create_folders> on 2025-11-05 01:12:12.675755+00:00
[2025-11-05T01:12:14.720+0000] {standard_task_runner.py:90} INFO - Running: ['***', 'tasks', 'run', 'hiring_linear_pipeline', 'create_folders', 'manual__2025-11-05T01:12:12.675755+00:00', '--job-id', '83', '--raw', '--subdir', 'DAGS_FOLDER/hiring_dag.py', '--cfg-path', '/tmp/tmpwlt1ltzu']
[2025-11-05T01:12:14.722+0000] {logging_mixin.py:188} WARNING - /home/***/.local/lib/python3.12/site-packages/***/task/task_runner/standard_task_runner.py:61 DeprecationWarning: This process (pid=346) is multi-threaded, use of fork() may lead to deadlocks in the child.
[2025-11-05T01:12:14.723+0000] {standard_task_runner.py:91} INFO - Job 83: Subtask create_folders
[2025-11-05T01:12:14.723+0000] {standard_task_runner.py:63} INFO - Started process 356 to run task
[2025-11-05T01:12:14.753+0000] {task_command.py:426} INFO - Running <TaskInstance: hiring_linear_pipeline.create_folders manual__2025-11-05T01:12:12.675755+00:00 [running]> on host 8bad4050941c
[2025-11-05T01:12:14.808+0000] {taskinstance.py:2648} INFO - Exporting env vars: AIRFLOW_CTX_DAG_OWNER='***' AIRFLOW_CTX_DAG_ID='hiring_linear_pipeline' AIRFLOW_CTX_TASK_ID='create_folders' AIRFLOW_CTX_EXECUTION_DATE='2025-11-05T01:12:12.675755+00:00' AIRFLOW_CTX_TRY_NUMBER='1' AIRFLOW_CTX_DAG_RUN_ID='manual__2025-11-05T01:12:12.675755+00:00'
[2025-11-05T01:12:14.810+0000] {taskinstance.py:430} INFO - ::endgroup::
[2025-11-05T01:12:14.830+0000] {logging_mixin.py:188} INFO - [create_folders] Carpeta de corrida creada: /opt/***/dags/runs/20251105
[2025-11-05T01:12:14.831+0000] {logging_mixin.py:188} INFO - [create_folders] Subcarpetas: ['models', 'raw', 'splits']
[2025-11-05T01:12:14.831+0000] {python.py:237} INFO - Done. Returned value was: /opt/***/dags/runs/20251105
[2025-11-05T01:12:14.831+0000] {taskinstance.py:441} INFO - ::group::Post task execution logs
[2025-11-05T01:12:14.852+0000] {taskinstance.py:1206} INFO - Marking task as SUCCESS. dag_id=hiring_linear_pipeline, task_id=create_folders, run_id=manual__2025-11-05T01:12:12.675755+00:00, execution_date=20251105T011212, start_date=20251105T011214, end_date=20251105T011214
[2025-11-05T01:12:14.864+0000] {local_task_job_runner.py:240} INFO - Task exited with return code 0
[2025-11-05T01:12:14.873+0000] {taskinstance.py:3503} INFO - 0 downstream tasks scheduled from follow-on schedule check
[2025-11-05T01:12:14.874+0000] {local_task_job_runner.py:222} INFO - ::endgroup::
