[2025-11-05T02:02:20.893+0000] {local_task_job_runner.py:120} INFO - ::group::Pre task execution logs
[2025-11-05T02:02:20.913+0000] {taskinstance.py:2076} INFO - Dependencies all met for dep_context=non-requeueable deps ti=<TaskInstance: hiring_dynamic.train_random_forest manual__2025-11-05T02:02:10.512799+00:00 [queued]>
[2025-11-05T02:02:20.917+0000] {taskinstance.py:2076} INFO - Dependencies all met for dep_context=requeueable deps ti=<TaskInstance: hiring_dynamic.train_random_forest manual__2025-11-05T02:02:10.512799+00:00 [queued]>
[2025-11-05T02:02:20.919+0000] {taskinstance.py:2306} INFO - Starting attempt 1 of 3
[2025-11-05T02:02:20.926+0000] {taskinstance.py:2330} INFO - Executing <Task(PythonOperator): train_random_forest> on 2025-11-05 02:02:10.512799+00:00
[2025-11-05T02:02:20.938+0000] {standard_task_runner.py:90} INFO - Running: ['***', 'tasks', 'run', 'hiring_dynamic', 'train_random_forest', 'manual__2025-11-05T02:02:10.512799+00:00', '--job-id', '185', '--raw', '--subdir', 'DAGS_FOLDER/dag_dynamic.py', '--cfg-path', '/tmp/tmpx5qk19no']
[2025-11-05T02:02:20.943+0000] {standard_task_runner.py:91} INFO - Job 185: Subtask train_random_forest
[2025-11-05T02:02:20.942+0000] {logging_mixin.py:188} WARNING - /home/***/.local/lib/python3.12/site-packages/***/task/task_runner/standard_task_runner.py:61 DeprecationWarning: This process (pid=723) is multi-threaded, use of fork() may lead to deadlocks in the child.
[2025-11-05T02:02:20.945+0000] {standard_task_runner.py:63} INFO - Started process 750 to run task
[2025-11-05T02:02:20.988+0000] {task_command.py:426} INFO - Running <TaskInstance: hiring_dynamic.train_random_forest manual__2025-11-05T02:02:10.512799+00:00 [running]> on host 9d96bb82ceeb
[2025-11-05T02:02:21.060+0000] {taskinstance.py:2648} INFO - Exporting env vars: AIRFLOW_CTX_DAG_OWNER='***' AIRFLOW_CTX_DAG_ID='hiring_dynamic' AIRFLOW_CTX_TASK_ID='train_random_forest' AIRFLOW_CTX_EXECUTION_DATE='2025-11-05T02:02:10.512799+00:00' AIRFLOW_CTX_TRY_NUMBER='1' AIRFLOW_CTX_DAG_RUN_ID='manual__2025-11-05T02:02:10.512799+00:00'
[2025-11-05T02:02:21.061+0000] {taskinstance.py:430} INFO - ::endgroup::
[2025-11-05T02:02:21.084+0000] {logging_mixin.py:188} INFO - [train_model] Numéricas: ['Age', 'DistanceFromCompany', 'ExperienceYears', 'InterviewScore', 'PersonalityScore', 'PreviousCompanies', 'SkillScore']
[2025-11-05T02:02:21.084+0000] {logging_mixin.py:188} INFO - [train_model] Categóricas: ['EducationLevel', 'Gender', 'RecruitmentStrategy']
[2025-11-05T02:02:22.170+0000] {logging_mixin.py:188} INFO - [train_model] Modelo entrenado: RandomForestClassifier
[2025-11-05T02:02:22.170+0000] {logging_mixin.py:188} INFO - [train_model] Guardado en: /opt/***/dags/runs/20251105/models/model_random_forest_20251105T020221.joblib
[2025-11-05T02:02:22.170+0000] {python.py:237} INFO - Done. Returned value was: /opt/***/dags/runs/20251105/models/model_random_forest_20251105T020221.joblib
[2025-11-05T02:02:22.170+0000] {taskinstance.py:441} INFO - ::group::Post task execution logs
[2025-11-05T02:02:22.187+0000] {taskinstance.py:1206} INFO - Marking task as SUCCESS. dag_id=hiring_dynamic, task_id=train_random_forest, run_id=manual__2025-11-05T02:02:10.512799+00:00, execution_date=20251105T020210, start_date=20251105T020220, end_date=20251105T020222
[2025-11-05T02:02:22.202+0000] {local_task_job_runner.py:240} INFO - Task exited with return code 0
[2025-11-05T02:02:22.218+0000] {taskinstance.py:3503} INFO - 1 downstream tasks scheduled from follow-on schedule check
[2025-11-05T02:02:22.218+0000] {local_task_job_runner.py:222} INFO - ::endgroup::
