[2025-11-05T02:02:20.898+0000] {local_task_job_runner.py:120} INFO - ::group::Pre task execution logs
[2025-11-05T02:02:20.919+0000] {taskinstance.py:2076} INFO - Dependencies all met for dep_context=non-requeueable deps ti=<TaskInstance: hiring_dynamic.train_logreg manual__2025-11-05T02:02:10.512799+00:00 [queued]>
[2025-11-05T02:02:20.924+0000] {taskinstance.py:2076} INFO - Dependencies all met for dep_context=requeueable deps ti=<TaskInstance: hiring_dynamic.train_logreg manual__2025-11-05T02:02:10.512799+00:00 [queued]>
[2025-11-05T02:02:20.925+0000] {taskinstance.py:2306} INFO - Starting attempt 1 of 3
[2025-11-05T02:02:20.933+0000] {taskinstance.py:2330} INFO - Executing <Task(PythonOperator): train_logreg> on 2025-11-05 02:02:10.512799+00:00
[2025-11-05T02:02:20.944+0000] {logging_mixin.py:188} WARNING - /home/***/.local/lib/python3.12/site-packages/***/task/task_runner/standard_task_runner.py:61 DeprecationWarning: This process (pid=722) is multi-threaded, use of fork() may lead to deadlocks in the child.
[2025-11-05T02:02:20.945+0000] {standard_task_runner.py:63} INFO - Started process 751 to run task
[2025-11-05T02:02:20.945+0000] {standard_task_runner.py:90} INFO - Running: ['***', 'tasks', 'run', 'hiring_dynamic', 'train_logreg', 'manual__2025-11-05T02:02:10.512799+00:00', '--job-id', '187', '--raw', '--subdir', 'DAGS_FOLDER/dag_dynamic.py', '--cfg-path', '/tmp/tmpbv258ys9']
[2025-11-05T02:02:20.947+0000] {standard_task_runner.py:91} INFO - Job 187: Subtask train_logreg
[2025-11-05T02:02:20.987+0000] {task_command.py:426} INFO - Running <TaskInstance: hiring_dynamic.train_logreg manual__2025-11-05T02:02:10.512799+00:00 [running]> on host 9d96bb82ceeb
[2025-11-05T02:02:21.059+0000] {taskinstance.py:2648} INFO - Exporting env vars: AIRFLOW_CTX_DAG_OWNER='***' AIRFLOW_CTX_DAG_ID='hiring_dynamic' AIRFLOW_CTX_TASK_ID='train_logreg' AIRFLOW_CTX_EXECUTION_DATE='2025-11-05T02:02:10.512799+00:00' AIRFLOW_CTX_TRY_NUMBER='1' AIRFLOW_CTX_DAG_RUN_ID='manual__2025-11-05T02:02:10.512799+00:00'
[2025-11-05T02:02:21.060+0000] {taskinstance.py:430} INFO - ::endgroup::
[2025-11-05T02:02:21.084+0000] {logging_mixin.py:188} INFO - [train_model] Numéricas: ['Age', 'DistanceFromCompany', 'ExperienceYears', 'InterviewScore', 'PersonalityScore', 'PreviousCompanies', 'SkillScore']
[2025-11-05T02:02:21.084+0000] {logging_mixin.py:188} INFO - [train_model] Categóricas: ['EducationLevel', 'Gender', 'RecruitmentStrategy']
[2025-11-05T02:02:21.732+0000] {logging_mixin.py:188} INFO - [train_model] Modelo entrenado: LogisticRegression
[2025-11-05T02:02:21.738+0000] {logging_mixin.py:188} INFO - [train_model] Guardado en: /opt/***/dags/runs/20251105/models/model_logreg_20251105T020221.joblib
[2025-11-05T02:02:21.739+0000] {python.py:237} INFO - Done. Returned value was: /opt/***/dags/runs/20251105/models/model_logreg_20251105T020221.joblib
[2025-11-05T02:02:21.740+0000] {taskinstance.py:441} INFO - ::group::Post task execution logs
[2025-11-05T02:02:21.783+0000] {taskinstance.py:1206} INFO - Marking task as SUCCESS. dag_id=hiring_dynamic, task_id=train_logreg, run_id=manual__2025-11-05T02:02:10.512799+00:00, execution_date=20251105T020210, start_date=20251105T020220, end_date=20251105T020221
[2025-11-05T02:02:21.827+0000] {local_task_job_runner.py:240} INFO - Task exited with return code 0
[2025-11-05T02:02:21.843+0000] {taskinstance.py:3503} INFO - 0 downstream tasks scheduled from follow-on schedule check
[2025-11-05T02:02:21.844+0000] {local_task_job_runner.py:222} INFO - ::endgroup::
