[2025-11-04T23:30:01.073+0000] {local_task_job_runner.py:120} INFO - ::group::Pre task execution logs
[2025-11-04T23:30:01.092+0000] {taskinstance.py:2076} INFO - Dependencies all met for dep_context=non-requeueable deps ti=<TaskInstance: hiring_lineal.preprocess_and_train manual__2025-11-04T23:29:52.815335+00:00 [queued]>
[2025-11-04T23:30:01.096+0000] {taskinstance.py:2076} INFO - Dependencies all met for dep_context=requeueable deps ti=<TaskInstance: hiring_lineal.preprocess_and_train manual__2025-11-04T23:29:52.815335+00:00 [queued]>
[2025-11-04T23:30:01.096+0000] {taskinstance.py:2306} INFO - Starting attempt 1 of 1
[2025-11-04T23:30:01.102+0000] {taskinstance.py:2330} INFO - Executing <Task(PythonOperator): preprocess_and_train> on 2025-11-04 23:29:52.815335+00:00
[2025-11-04T23:30:01.114+0000] {standard_task_runner.py:90} INFO - Running: ['***', 'tasks', 'run', 'hiring_lineal', 'preprocess_and_train', 'manual__2025-11-04T23:29:52.815335+00:00', '--job-id', '12', '--raw', '--subdir', 'DAGS_FOLDER/dag_lineal.py', '--cfg-path', '/tmp/tmpprdg6wf5']
[2025-11-04T23:30:01.115+0000] {standard_task_runner.py:91} INFO - Job 12: Subtask preprocess_and_train
[2025-11-04T23:30:01.117+0000] {logging_mixin.py:188} WARNING - /home/***/.local/lib/python3.12/site-packages/***/task/task_runner/standard_task_runner.py:61 DeprecationWarning: This process (pid=1833) is multi-threaded, use of fork() may lead to deadlocks in the child.
[2025-11-04T23:30:01.118+0000] {standard_task_runner.py:63} INFO - Started process 1843 to run task
[2025-11-04T23:30:01.150+0000] {task_command.py:426} INFO - Running <TaskInstance: hiring_lineal.preprocess_and_train manual__2025-11-04T23:29:52.815335+00:00 [running]> on host 6be06b25021f
[2025-11-04T23:30:01.204+0000] {taskinstance.py:2648} INFO - Exporting env vars: AIRFLOW_CTX_DAG_OWNER='***' AIRFLOW_CTX_DAG_ID='hiring_lineal' AIRFLOW_CTX_TASK_ID='preprocess_and_train' AIRFLOW_CTX_EXECUTION_DATE='2025-11-04T23:29:52.815335+00:00' AIRFLOW_CTX_TRY_NUMBER='1' AIRFLOW_CTX_DAG_RUN_ID='manual__2025-11-04T23:29:52.815335+00:00'
[2025-11-04T23:30:01.206+0000] {taskinstance.py:430} INFO - ::endgroup::
[2025-11-04T23:30:01.647+0000] {logging_mixin.py:188} WARNING - /home/***/.local/lib/python3.12/site-packages/sklearn/ensemble/_base.py:172 UserWarning: Loky-backed parallel loops cannot be called in a multiprocessing, setting n_jobs=1
[2025-11-04T23:30:01.660+0000] {logging_mixin.py:188} INFO - [metrics] accuracy=0.9267 | f1(contratado)= 0.8706
[2025-11-04T23:30:01.810+0000] {logging_mixin.py:188} INFO - [preprocess_and_train] Modelo persistido en: /opt/***/dags/runs/20251104/models/rf_pipeline.joblib
[2025-11-04T23:30:01.810+0000] {python.py:237} INFO - Done. Returned value was: /opt/***/dags/runs/20251104/models/rf_pipeline.joblib
[2025-11-04T23:30:01.810+0000] {taskinstance.py:441} INFO - ::group::Post task execution logs
[2025-11-04T23:30:01.824+0000] {taskinstance.py:1206} INFO - Marking task as SUCCESS. dag_id=hiring_lineal, task_id=preprocess_and_train, run_id=manual__2025-11-04T23:29:52.815335+00:00, execution_date=20251104T232952, start_date=20251104T233001, end_date=20251104T233001
[2025-11-04T23:30:01.845+0000] {local_task_job_runner.py:240} INFO - Task exited with return code 0
[2025-11-04T23:30:01.859+0000] {taskinstance.py:3503} INFO - 0 downstream tasks scheduled from follow-on schedule check
[2025-11-04T23:30:01.860+0000] {local_task_job_runner.py:222} INFO - ::endgroup::
