[2025-11-05T01:36:03.928+0000] {local_task_job_runner.py:120} INFO - ::group::Pre task execution logs
[2025-11-05T01:36:04.329+0000] {taskinstance.py:2076} INFO - Dependencies all met for dep_context=non-requeueable deps ti=<TaskInstance: hiring_dynamic.train_logreg scheduled__2025-09-05T15:00:00+00:00 [queued]>
[2025-11-05T01:36:04.403+0000] {taskinstance.py:2076} INFO - Dependencies all met for dep_context=requeueable deps ti=<TaskInstance: hiring_dynamic.train_logreg scheduled__2025-09-05T15:00:00+00:00 [queued]>
[2025-11-05T01:36:04.404+0000] {taskinstance.py:2306} INFO - Starting attempt 1 of 1
[2025-11-05T01:36:04.503+0000] {taskinstance.py:2330} INFO - Executing <Task(PythonOperator): train_logreg> on 2025-09-05 15:00:00+00:00
[2025-11-05T01:36:04.540+0000] {logging_mixin.py:188} WARNING - /home/***/.local/lib/python3.12/site-packages/***/task/task_runner/standard_task_runner.py:61 DeprecationWarning: This process (pid=1484) is multi-threaded, use of fork() may lead to deadlocks in the child.
[2025-11-05T01:36:04.543+0000] {standard_task_runner.py:63} INFO - Started process 1573 to run task
[2025-11-05T01:36:04.553+0000] {standard_task_runner.py:90} INFO - Running: ['***', 'tasks', 'run', 'hiring_dynamic', 'train_logreg', 'scheduled__2025-09-05T15:00:00+00:00', '--job-id', '171', '--raw', '--subdir', 'DAGS_FOLDER/dag_dynamic.py', '--cfg-path', '/tmp/tmp0sdcx11t']
[2025-11-05T01:36:04.579+0000] {standard_task_runner.py:91} INFO - Job 171: Subtask train_logreg
[2025-11-05T01:36:04.921+0000] {task_command.py:426} INFO - Running <TaskInstance: hiring_dynamic.train_logreg scheduled__2025-09-05T15:00:00+00:00 [running]> on host ddceee407281
[2025-11-05T01:36:05.309+0000] {taskinstance.py:2648} INFO - Exporting env vars: AIRFLOW_CTX_DAG_OWNER='***' AIRFLOW_CTX_DAG_ID='hiring_dynamic' AIRFLOW_CTX_TASK_ID='train_logreg' AIRFLOW_CTX_EXECUTION_DATE='2025-09-05T15:00:00+00:00' AIRFLOW_CTX_TRY_NUMBER='1' AIRFLOW_CTX_DAG_RUN_ID='scheduled__2025-09-05T15:00:00+00:00'
[2025-11-05T01:36:05.314+0000] {taskinstance.py:430} INFO - ::endgroup::
[2025-11-05T01:36:05.491+0000] {logging_mixin.py:188} INFO - [train_model] Numéricas: ['Age', 'DistanceFromCompany', 'ExperienceYears', 'InterviewScore', 'PersonalityScore', 'PreviousCompanies', 'SkillScore']
[2025-11-05T01:36:05.498+0000] {logging_mixin.py:188} INFO - [train_model] Categóricas: ['EducationLevel', 'Gender', 'RecruitmentStrategy']
[2025-11-05T01:36:07.306+0000] {logging_mixin.py:188} INFO - [train_model] Modelo entrenado: LogisticRegression
[2025-11-05T01:36:07.309+0000] {logging_mixin.py:188} INFO - [train_model] Guardado en: /opt/***/dags/runs/20250905/models/model_logreg_20251105T013607.joblib
[2025-11-05T01:36:07.317+0000] {python.py:237} INFO - Done. Returned value was: /opt/***/dags/runs/20250905/models/model_logreg_20251105T013607.joblib
[2025-11-05T01:36:07.320+0000] {taskinstance.py:441} INFO - ::group::Post task execution logs
[2025-11-05T01:36:07.498+0000] {taskinstance.py:1206} INFO - Marking task as SUCCESS. dag_id=hiring_dynamic, task_id=train_logreg, run_id=scheduled__2025-09-05T15:00:00+00:00, execution_date=20250905T150000, start_date=20251105T013604, end_date=20251105T013607
[2025-11-05T01:36:07.638+0000] {local_task_job_runner.py:240} INFO - Task exited with return code 0
[2025-11-05T01:36:07.732+0000] {local_task_job_runner.py:222} INFO - ::endgroup::
