[2025-11-04T20:34:56.355+0000] {local_task_job_runner.py:120} INFO - ::group::Pre task execution logs
[2025-11-04T20:34:56.389+0000] {taskinstance.py:2076} INFO - Dependencies all met for dep_context=non-requeueable deps ti=<TaskInstance: hiring_linear_pipeline.create_folders scheduled__2025-11-03T00:00:00+00:00 [queued]>
[2025-11-04T20:34:56.393+0000] {taskinstance.py:2076} INFO - Dependencies all met for dep_context=requeueable deps ti=<TaskInstance: hiring_linear_pipeline.create_folders scheduled__2025-11-03T00:00:00+00:00 [queued]>
[2025-11-04T20:34:56.394+0000] {taskinstance.py:2306} INFO - Starting attempt 1 of 1
[2025-11-04T20:34:56.401+0000] {taskinstance.py:2330} INFO - Executing <Task(PythonOperator): create_folders> on 2025-11-03 00:00:00+00:00
[2025-11-04T20:34:56.407+0000] {standard_task_runner.py:90} INFO - Running: ['***', 'tasks', 'run', 'hiring_linear_pipeline', 'create_folders', 'scheduled__2025-11-03T00:00:00+00:00', '--job-id', '2', '--raw', '--subdir', 'DAGS_FOLDER/hiring_dag.py', '--cfg-path', '/tmp/tmpu6phpe54']
[2025-11-04T20:34:56.414+0000] {logging_mixin.py:188} WARNING - /home/***/.local/lib/python3.12/site-packages/***/task/task_runner/standard_task_runner.py:61 DeprecationWarning: This process (pid=434) is multi-threaded, use of fork() may lead to deadlocks in the child.
[2025-11-04T20:34:56.415+0000] {standard_task_runner.py:91} INFO - Job 2: Subtask create_folders
[2025-11-04T20:34:56.415+0000] {standard_task_runner.py:63} INFO - Started process 435 to run task
[2025-11-04T20:34:56.456+0000] {task_command.py:426} INFO - Running <TaskInstance: hiring_linear_pipeline.create_folders scheduled__2025-11-03T00:00:00+00:00 [running]> on host 5dc60a3f7ab4
[2025-11-04T20:34:56.523+0000] {taskinstance.py:2648} INFO - Exporting env vars: AIRFLOW_CTX_DAG_OWNER='***' AIRFLOW_CTX_DAG_ID='hiring_linear_pipeline' AIRFLOW_CTX_TASK_ID='create_folders' AIRFLOW_CTX_EXECUTION_DATE='2025-11-03T00:00:00+00:00' AIRFLOW_CTX_TRY_NUMBER='1' AIRFLOW_CTX_DAG_RUN_ID='scheduled__2025-11-03T00:00:00+00:00'
[2025-11-04T20:34:56.523+0000] {taskinstance.py:430} INFO - ::endgroup::
[2025-11-04T20:34:56.549+0000] {logging_mixin.py:188} INFO - [create_folders] Directorio base     : /opt/***/data
[2025-11-04T20:34:56.549+0000] {logging_mixin.py:188} INFO - [create_folders] Carpeta de ejecución: /opt/***/data/20251103
[2025-11-04T20:34:56.549+0000] {logging_mixin.py:188} INFO - [create_folders] Subcarpetas         : /opt/***/data/20251103/raw, /opt/***/data/20251103/splits, /opt/***/data/20251103/models
[2025-11-04T20:34:56.549+0000] {python.py:237} INFO - Done. Returned value was: {'base_dir': '/opt/***/data', 'run_dir': '/opt/***/data/20251103', 'raw_dir': '/opt/***/data/20251103/raw', 'splits_dir': '/opt/***/data/20251103/splits', 'models_dir': '/opt/***/data/20251103/models', 'run_folder_name': '20251103'}
[2025-11-04T20:34:56.550+0000] {taskinstance.py:441} INFO - ::group::Post task execution logs
[2025-11-04T20:34:56.566+0000] {taskinstance.py:1206} INFO - Marking task as SUCCESS. dag_id=hiring_linear_pipeline, task_id=create_folders, run_id=scheduled__2025-11-03T00:00:00+00:00, execution_date=20251103T000000, start_date=20251104T203456, end_date=20251104T203456
[2025-11-04T20:34:56.599+0000] {local_task_job_runner.py:240} INFO - Task exited with return code 0
[2025-11-04T20:34:56.612+0000] {taskinstance.py:3503} INFO - 0 downstream tasks scheduled from follow-on schedule check
[2025-11-04T20:34:56.613+0000] {local_task_job_runner.py:222} INFO - ::endgroup::
[2025-11-04T22:53:25.185+0000] {local_task_job_runner.py:120} INFO - ::group::Pre task execution logs
[2025-11-04T22:53:25.204+0000] {taskinstance.py:2076} INFO - Dependencies all met for dep_context=non-requeueable deps ti=<TaskInstance: hiring_linear_pipeline.create_folders scheduled__2025-11-03T00:00:00+00:00 [queued]>
[2025-11-04T22:53:25.208+0000] {taskinstance.py:2076} INFO - Dependencies all met for dep_context=requeueable deps ti=<TaskInstance: hiring_linear_pipeline.create_folders scheduled__2025-11-03T00:00:00+00:00 [queued]>
[2025-11-04T22:53:25.208+0000] {taskinstance.py:2306} INFO - Starting attempt 1 of 1
[2025-11-04T22:53:25.213+0000] {taskinstance.py:2330} INFO - Executing <Task(PythonOperator): create_folders> on 2025-11-03 00:00:00+00:00
[2025-11-04T22:53:25.219+0000] {standard_task_runner.py:90} INFO - Running: ['***', 'tasks', 'run', 'hiring_linear_pipeline', 'create_folders', 'scheduled__2025-11-03T00:00:00+00:00', '--job-id', '2', '--raw', '--subdir', 'DAGS_FOLDER/hiring_dag.py', '--cfg-path', '/tmp/tmpc7na6shp']
[2025-11-04T22:53:25.223+0000] {logging_mixin.py:188} WARNING - /home/***/.local/lib/python3.12/site-packages/***/task/task_runner/standard_task_runner.py:61 DeprecationWarning: This process (pid=228) is multi-threaded, use of fork() may lead to deadlocks in the child.
[2025-11-04T22:53:25.224+0000] {standard_task_runner.py:91} INFO - Job 2: Subtask create_folders
[2025-11-04T22:53:25.224+0000] {standard_task_runner.py:63} INFO - Started process 238 to run task
[2025-11-04T22:53:25.254+0000] {task_command.py:426} INFO - Running <TaskInstance: hiring_linear_pipeline.create_folders scheduled__2025-11-03T00:00:00+00:00 [running]> on host f3b403659f43
[2025-11-04T22:53:25.303+0000] {taskinstance.py:2648} INFO - Exporting env vars: AIRFLOW_CTX_DAG_OWNER='***' AIRFLOW_CTX_DAG_ID='hiring_linear_pipeline' AIRFLOW_CTX_TASK_ID='create_folders' AIRFLOW_CTX_EXECUTION_DATE='2025-11-03T00:00:00+00:00' AIRFLOW_CTX_TRY_NUMBER='1' AIRFLOW_CTX_DAG_RUN_ID='scheduled__2025-11-03T00:00:00+00:00'
[2025-11-04T22:53:25.305+0000] {taskinstance.py:430} INFO - ::endgroup::
[2025-11-04T22:53:25.330+0000] {logging_mixin.py:188} INFO - [create_folders] Carpeta de corrida creada: /opt/***/dags/runs/20251103
[2025-11-04T22:53:25.331+0000] {logging_mixin.py:188} INFO - [create_folders] Subcarpetas: ['models', 'raw', 'splits']
[2025-11-04T22:53:25.331+0000] {python.py:237} INFO - Done. Returned value was: /opt/***/dags/runs/20251103
[2025-11-04T22:53:25.331+0000] {taskinstance.py:441} INFO - ::group::Post task execution logs
[2025-11-04T22:53:25.345+0000] {taskinstance.py:1206} INFO - Marking task as SUCCESS. dag_id=hiring_linear_pipeline, task_id=create_folders, run_id=scheduled__2025-11-03T00:00:00+00:00, execution_date=20251103T000000, start_date=20251104T225325, end_date=20251104T225325
[2025-11-04T22:53:25.369+0000] {local_task_job_runner.py:240} INFO - Task exited with return code 0
[2025-11-04T22:53:25.381+0000] {taskinstance.py:3503} INFO - 0 downstream tasks scheduled from follow-on schedule check
[2025-11-04T22:53:25.382+0000] {local_task_job_runner.py:222} INFO - ::endgroup::
[2025-11-04T23:12:42.366+0000] {local_task_job_runner.py:120} INFO - ::group::Pre task execution logs
[2025-11-04T23:12:42.382+0000] {taskinstance.py:2076} INFO - Dependencies all met for dep_context=non-requeueable deps ti=<TaskInstance: hiring_linear_pipeline.create_folders scheduled__2025-11-03T00:00:00+00:00 [queued]>
[2025-11-04T23:12:42.386+0000] {taskinstance.py:2076} INFO - Dependencies all met for dep_context=requeueable deps ti=<TaskInstance: hiring_linear_pipeline.create_folders scheduled__2025-11-03T00:00:00+00:00 [queued]>
[2025-11-04T23:12:42.386+0000] {taskinstance.py:2306} INFO - Starting attempt 1 of 1
[2025-11-04T23:12:42.391+0000] {taskinstance.py:2330} INFO - Executing <Task(PythonOperator): create_folders> on 2025-11-03 00:00:00+00:00
[2025-11-04T23:12:42.396+0000] {standard_task_runner.py:90} INFO - Running: ['***', 'tasks', 'run', 'hiring_linear_pipeline', 'create_folders', 'scheduled__2025-11-03T00:00:00+00:00', '--job-id', '2', '--raw', '--subdir', 'DAGS_FOLDER/hiring_dag.py', '--cfg-path', '/tmp/tmpn43qs1v1']
[2025-11-04T23:12:42.398+0000] {standard_task_runner.py:91} INFO - Job 2: Subtask create_folders
[2025-11-04T23:12:42.398+0000] {logging_mixin.py:188} WARNING - /home/***/.local/lib/python3.12/site-packages/***/task/task_runner/standard_task_runner.py:61 DeprecationWarning: This process (pid=220) is multi-threaded, use of fork() may lead to deadlocks in the child.
[2025-11-04T23:12:42.400+0000] {standard_task_runner.py:63} INFO - Started process 230 to run task
[2025-11-04T23:12:42.432+0000] {task_command.py:426} INFO - Running <TaskInstance: hiring_linear_pipeline.create_folders scheduled__2025-11-03T00:00:00+00:00 [running]> on host 6be06b25021f
[2025-11-04T23:12:42.483+0000] {taskinstance.py:2648} INFO - Exporting env vars: AIRFLOW_CTX_DAG_OWNER='***' AIRFLOW_CTX_DAG_ID='hiring_linear_pipeline' AIRFLOW_CTX_TASK_ID='create_folders' AIRFLOW_CTX_EXECUTION_DATE='2025-11-03T00:00:00+00:00' AIRFLOW_CTX_TRY_NUMBER='1' AIRFLOW_CTX_DAG_RUN_ID='scheduled__2025-11-03T00:00:00+00:00'
[2025-11-04T23:12:42.484+0000] {taskinstance.py:430} INFO - ::endgroup::
[2025-11-04T23:12:42.502+0000] {logging_mixin.py:188} INFO - [create_folders] Carpeta de corrida creada: /opt/***/dags/runs/20251103
[2025-11-04T23:12:42.502+0000] {logging_mixin.py:188} INFO - [create_folders] Subcarpetas: ['models', 'raw', 'splits']
[2025-11-04T23:12:42.502+0000] {python.py:237} INFO - Done. Returned value was: /opt/***/dags/runs/20251103
[2025-11-04T23:12:42.502+0000] {taskinstance.py:441} INFO - ::group::Post task execution logs
[2025-11-04T23:12:42.514+0000] {taskinstance.py:1206} INFO - Marking task as SUCCESS. dag_id=hiring_linear_pipeline, task_id=create_folders, run_id=scheduled__2025-11-03T00:00:00+00:00, execution_date=20251103T000000, start_date=20251104T231242, end_date=20251104T231242
[2025-11-04T23:12:42.543+0000] {local_task_job_runner.py:240} INFO - Task exited with return code 0
[2025-11-04T23:12:42.559+0000] {taskinstance.py:3503} INFO - 0 downstream tasks scheduled from follow-on schedule check
[2025-11-04T23:12:42.560+0000] {local_task_job_runner.py:222} INFO - ::endgroup::
