[2025-11-20T02:09:34.217+0000] {local_task_job_runner.py:120} INFO - ::group::Pre task execution logs
[2025-11-20T02:09:34.245+0000] {taskinstance.py:2076} INFO - Dependencies all met for dep_context=non-requeueable deps ti=<TaskInstance: sodai_ml_pipeline.generate_predictions manual__2025-11-20T01:58:22.388431+00:00 [queued]>
[2025-11-20T02:09:34.252+0000] {taskinstance.py:2076} INFO - Dependencies all met for dep_context=requeueable deps ti=<TaskInstance: sodai_ml_pipeline.generate_predictions manual__2025-11-20T01:58:22.388431+00:00 [queued]>
[2025-11-20T02:09:34.253+0000] {taskinstance.py:2306} INFO - Starting attempt 1 of 2
[2025-11-20T02:09:34.268+0000] {taskinstance.py:2330} INFO - Executing <Task(PythonOperator): generate_predictions> on 2025-11-20 01:58:22.388431+00:00
[2025-11-20T02:09:34.280+0000] {standard_task_runner.py:64} INFO - Started process 833 to run task
[2025-11-20T02:09:34.284+0000] {standard_task_runner.py:90} INFO - Running: ['***', 'tasks', 'run', 'sodai_ml_pipeline', 'generate_predictions', 'manual__2025-11-20T01:58:22.388431+00:00', '--job-id', '201', '--raw', '--subdir', 'DAGS_FOLDER/sodai_ml_pipeline_dag.py', '--cfg-path', '/tmp/tmp3k5zd5mx']
[2025-11-20T02:09:34.288+0000] {standard_task_runner.py:91} INFO - Job 201: Subtask generate_predictions
[2025-11-20T02:09:34.383+0000] {task_command.py:426} INFO - Running <TaskInstance: sodai_ml_pipeline.generate_predictions manual__2025-11-20T01:58:22.388431+00:00 [running]> on host 9937dd56ecd4
[2025-11-20T02:09:34.502+0000] {taskinstance.py:2648} INFO - Exporting env vars: AIRFLOW_CTX_DAG_OWNER='deep_drinkers' AIRFLOW_CTX_DAG_ID='sodai_ml_pipeline' AIRFLOW_CTX_TASK_ID='generate_predictions' AIRFLOW_CTX_EXECUTION_DATE='2025-11-20T01:58:22.388431+00:00' AIRFLOW_CTX_TRY_NUMBER='1' AIRFLOW_CTX_DAG_RUN_ID='manual__2025-11-20T01:58:22.388431+00:00'
[2025-11-20T02:09:34.503+0000] {taskinstance.py:430} INFO - ::endgroup::
[2025-11-20T02:11:40.200+0000] {logging_mixin.py:188} INFO - Error generating predictions with chosen artifacts: NotFittedError Estimator not fitted, call fit before exploiting the model.
[2025-11-20T02:11:40.201+0000] {logging_mixin.py:188} INFO - Attempting fallback to baseline artifacts...
[2025-11-20T02:13:46.003+0000] {logging_mixin.py:188} WARNING - /home/***/.local/lib/python3.11/site-packages/sklearn/base.py:442 InconsistentVersionWarning: Trying to unpickle estimator SimpleImputer from version 1.6.1 when using version 1.7.2. This might lead to breaking code or invalid results. Use at your own risk. For more info please refer to:
https://scikit-learn.org/stable/model_persistence.html#security-maintainability-limitations
[2025-11-20T02:13:46.004+0000] {logging_mixin.py:188} WARNING - /home/***/.local/lib/python3.11/site-packages/sklearn/base.py:442 InconsistentVersionWarning: Trying to unpickle estimator RobustScaler from version 1.6.1 when using version 1.7.2. This might lead to breaking code or invalid results. Use at your own risk. For more info please refer to:
https://scikit-learn.org/stable/model_persistence.html#security-maintainability-limitations
[2025-11-20T02:13:46.005+0000] {logging_mixin.py:188} WARNING - /home/***/.local/lib/python3.11/site-packages/sklearn/base.py:442 InconsistentVersionWarning: Trying to unpickle estimator Pipeline from version 1.6.1 when using version 1.7.2. This might lead to breaking code or invalid results. Use at your own risk. For more info please refer to:
https://scikit-learn.org/stable/model_persistence.html#security-maintainability-limitations
[2025-11-20T02:13:46.006+0000] {logging_mixin.py:188} WARNING - /home/***/.local/lib/python3.11/site-packages/sklearn/base.py:442 InconsistentVersionWarning: Trying to unpickle estimator OneHotEncoder from version 1.6.1 when using version 1.7.2. This might lead to breaking code or invalid results. Use at your own risk. For more info please refer to:
https://scikit-learn.org/stable/model_persistence.html#security-maintainability-limitations
[2025-11-20T02:13:46.011+0000] {logging_mixin.py:188} WARNING - /home/***/.local/lib/python3.11/site-packages/sklearn/base.py:442 InconsistentVersionWarning: Trying to unpickle estimator ColumnTransformer from version 1.6.1 when using version 1.7.2. This might lead to breaking code or invalid results. Use at your own risk. For more info please refer to:
https://scikit-learn.org/stable/model_persistence.html#security-maintainability-limitations
[2025-11-20T02:13:46.114+0000] {logging_mixin.py:188} WARNING - /home/***/.local/lib/python3.11/site-packages/sklearn/base.py:442 InconsistentVersionWarning: Trying to unpickle estimator LabelEncoder from version 1.6.1 when using version 1.7.2. This might lead to breaking code or invalid results. Use at your own risk. For more info please refer to:
https://scikit-learn.org/stable/model_persistence.html#security-maintainability-limitations
[2025-11-20T02:13:51.444+0000] {logging_mixin.py:188} WARNING - /home/***/.local/lib/python3.11/site-packages/mlflow/tracking/_tracking_service/utils.py:140 FutureWarning: Filesystem tracking backend (e.g., './mlruns') is deprecated. Please switch to a database backend (e.g., 'sqlite:///mlflow.db'). For feedback, see: https://github.com/mlflow/mlflow/issues/18534
[2025-11-20T02:13:51.583+0000] {logging_mixin.py:188} INFO - Fallback predictions generated in: /opt/***/data/predictions/predictions_20251120_021351.parquet
[2025-11-20T02:13:51.629+0000] {python.py:237} INFO - Done. Returned value was: {'predictions_path': '/opt/***/data/predictions/predictions_20251120_021351.parquet'}
[2025-11-20T02:13:51.630+0000] {taskinstance.py:441} INFO - ::group::Post task execution logs
[2025-11-20T02:13:51.901+0000] {taskinstance.py:1206} INFO - Marking task as SUCCESS. dag_id=sodai_ml_pipeline, task_id=generate_predictions, run_id=manual__2025-11-20T01:58:22.388431+00:00, execution_date=20251120T015822, start_date=20251120T020934, end_date=20251120T021351
[2025-11-20T02:13:52.005+0000] {local_task_job_runner.py:243} INFO - Task exited with return code 0
[2025-11-20T02:13:52.024+0000] {taskinstance.py:3503} INFO - 0 downstream tasks scheduled from follow-on schedule check
[2025-11-20T02:13:52.036+0000] {local_task_job_runner.py:222} INFO - ::endgroup::
