[2025-11-04T23:05:49.725+0000] {local_task_job_runner.py:120} INFO - ::group::Pre task execution logs
[2025-11-04T23:05:49.745+0000] {taskinstance.py:2076} INFO - Dependencies all met for dep_context=non-requeueable deps ti=<TaskInstance: hiring_lineal.preprocess_and_train manual__2025-11-04T23:05:40.492679+00:00 [queued]>
[2025-11-04T23:05:49.749+0000] {taskinstance.py:2076} INFO - Dependencies all met for dep_context=requeueable deps ti=<TaskInstance: hiring_lineal.preprocess_and_train manual__2025-11-04T23:05:40.492679+00:00 [queued]>
[2025-11-04T23:05:49.749+0000] {taskinstance.py:2306} INFO - Starting attempt 1 of 2
[2025-11-04T23:05:49.755+0000] {taskinstance.py:2330} INFO - Executing <Task(PythonOperator): preprocess_and_train> on 2025-11-04 23:05:40.492679+00:00
[2025-11-04T23:05:49.769+0000] {standard_task_runner.py:90} INFO - Running: ['***', 'tasks', 'run', 'hiring_lineal', 'preprocess_and_train', 'manual__2025-11-04T23:05:40.492679+00:00', '--job-id', '7', '--raw', '--subdir', 'DAGS_FOLDER/dag_lineal.py', '--cfg-path', '/tmp/tmpbf5wgh18']
[2025-11-04T23:05:49.771+0000] {standard_task_runner.py:91} INFO - Job 7: Subtask preprocess_and_train
[2025-11-04T23:05:49.771+0000] {logging_mixin.py:188} WARNING - /home/***/.local/lib/python3.12/site-packages/***/task/task_runner/standard_task_runner.py:61 DeprecationWarning: This process (pid=1112) is multi-threaded, use of fork() may lead to deadlocks in the child.
[2025-11-04T23:05:49.773+0000] {standard_task_runner.py:63} INFO - Started process 1122 to run task
[2025-11-04T23:05:49.813+0000] {task_command.py:426} INFO - Running <TaskInstance: hiring_lineal.preprocess_and_train manual__2025-11-04T23:05:40.492679+00:00 [running]> on host f3b403659f43
[2025-11-04T23:05:49.866+0000] {taskinstance.py:2648} INFO - Exporting env vars: AIRFLOW_CTX_DAG_OWNER='***' AIRFLOW_CTX_DAG_ID='hiring_lineal' AIRFLOW_CTX_TASK_ID='preprocess_and_train' AIRFLOW_CTX_EXECUTION_DATE='2025-11-04T23:05:40.492679+00:00' AIRFLOW_CTX_TRY_NUMBER='1' AIRFLOW_CTX_DAG_RUN_ID='manual__2025-11-04T23:05:40.492679+00:00'
[2025-11-04T23:05:49.867+0000] {taskinstance.py:430} INFO - ::endgroup::
[2025-11-04T23:05:50.437+0000] {logging_mixin.py:188} WARNING - /home/***/.local/lib/python3.12/site-packages/sklearn/ensemble/_base.py:172 UserWarning: Loky-backed parallel loops cannot be called in a multiprocessing, setting n_jobs=1
[2025-11-04T23:05:50.453+0000] {logging_mixin.py:188} INFO - [metrics] accuracy=0.9267 | f1(contratado)= 0.8706
[2025-11-04T23:05:50.614+0000] {logging_mixin.py:188} INFO - [preprocess_and_train] Modelo persistido en: /opt/***/dags/runs/20251104/models/rf_pipeline.joblib
[2025-11-04T23:05:50.614+0000] {python.py:237} INFO - Done. Returned value was: /opt/***/dags/runs/20251104/models/rf_pipeline.joblib
[2025-11-04T23:05:50.614+0000] {taskinstance.py:441} INFO - ::group::Post task execution logs
[2025-11-04T23:05:50.632+0000] {taskinstance.py:1206} INFO - Marking task as SUCCESS. dag_id=hiring_lineal, task_id=preprocess_and_train, run_id=manual__2025-11-04T23:05:40.492679+00:00, execution_date=20251104T230540, start_date=20251104T230549, end_date=20251104T230550
[2025-11-04T23:05:50.657+0000] {local_task_job_runner.py:240} INFO - Task exited with return code 0
[2025-11-04T23:05:50.675+0000] {taskinstance.py:3503} INFO - 1 downstream tasks scheduled from follow-on schedule check
[2025-11-04T23:05:50.676+0000] {local_task_job_runner.py:222} INFO - ::endgroup::
