[2025-11-05T01:33:55.593+0000] {local_task_job_runner.py:120} INFO - ::group::Pre task execution logs
[2025-11-05T01:33:56.172+0000] {taskinstance.py:2076} INFO - Dependencies all met for dep_context=non-requeueable deps ti=<TaskInstance: hiring_dynamic.branch_downloads scheduled__2025-09-05T15:00:00+00:00 [queued]>
[2025-11-05T01:33:56.218+0000] {taskinstance.py:2076} INFO - Dependencies all met for dep_context=requeueable deps ti=<TaskInstance: hiring_dynamic.branch_downloads scheduled__2025-09-05T15:00:00+00:00 [queued]>
[2025-11-05T01:33:56.223+0000] {taskinstance.py:2306} INFO - Starting attempt 1 of 1
[2025-11-05T01:33:56.332+0000] {taskinstance.py:2330} INFO - Executing <Task(BranchPythonOperator): branch_downloads> on 2025-09-05 15:00:00+00:00
[2025-11-05T01:33:56.494+0000] {logging_mixin.py:188} WARNING - /home/***/.local/lib/python3.12/site-packages/***/task/task_runner/standard_task_runner.py:61 DeprecationWarning: This process (pid=702) is multi-threaded, use of fork() may lead to deadlocks in the child.
[2025-11-05T01:33:56.581+0000] {standard_task_runner.py:63} INFO - Started process 860 to run task
[2025-11-05T01:33:56.619+0000] {standard_task_runner.py:90} INFO - Running: ['***', 'tasks', 'run', 'hiring_dynamic', 'branch_downloads', 'scheduled__2025-09-05T15:00:00+00:00', '--job-id', '123', '--raw', '--subdir', 'DAGS_FOLDER/dag_dynamic.py', '--cfg-path', '/tmp/tmp56hp17u8']
[2025-11-05T01:33:56.671+0000] {standard_task_runner.py:91} INFO - Job 123: Subtask branch_downloads
[2025-11-05T01:33:58.899+0000] {task_command.py:426} INFO - Running <TaskInstance: hiring_dynamic.branch_downloads scheduled__2025-09-05T15:00:00+00:00 [running]> on host ddceee407281
[2025-11-05T01:33:59.529+0000] {taskinstance.py:2648} INFO - Exporting env vars: AIRFLOW_CTX_DAG_OWNER='***' AIRFLOW_CTX_DAG_ID='hiring_dynamic' AIRFLOW_CTX_TASK_ID='branch_downloads' AIRFLOW_CTX_EXECUTION_DATE='2025-09-05T15:00:00+00:00' AIRFLOW_CTX_TRY_NUMBER='1' AIRFLOW_CTX_DAG_RUN_ID='scheduled__2025-09-05T15:00:00+00:00'
[2025-11-05T01:33:59.573+0000] {taskinstance.py:430} INFO - ::endgroup::
[2025-11-05T01:33:59.743+0000] {baseoperator.py:400} WARNING - BranchPythonOperator.execute cannot be called outside TaskInstance!
[2025-11-05T01:33:59.752+0000] {python.py:237} INFO - Done. Returned value was: ['download_data_1', 'download_data_2']
[2025-11-05T01:33:59.756+0000] {branch.py:36} INFO - Branch into ['download_data_1', 'download_data_2']
[2025-11-05T01:33:59.757+0000] {skipmixin.py:178} INFO - Following branch ['download_data_1', 'download_data_2']
[2025-11-05T01:33:59.926+0000] {skipmixin.py:246} INFO - Skipping tasks []
[2025-11-05T01:34:00.086+0000] {taskinstance.py:441} INFO - ::group::Post task execution logs
[2025-11-05T01:34:00.195+0000] {taskinstance.py:1206} INFO - Marking task as SUCCESS. dag_id=hiring_dynamic, task_id=branch_downloads, run_id=scheduled__2025-09-05T15:00:00+00:00, execution_date=20250905T150000, start_date=20251105T013356, end_date=20251105T013400
[2025-11-05T01:34:00.306+0000] {local_task_job_runner.py:240} INFO - Task exited with return code 0
[2025-11-05T01:34:00.515+0000] {local_task_job_runner.py:222} INFO - ::endgroup::
