[2025-11-20T01:30:53.865+0000] {local_task_job_runner.py:120} INFO - ::group::Pre task execution logs
[2025-11-20T01:30:53.909+0000] {taskinstance.py:2076} INFO - Dependencies all met for dep_context=non-requeueable deps ti=<TaskInstance: sodai_ml_pipeline.retrain_model manual__2025-11-20T01:28:08.275673+00:00 [queued]>
[2025-11-20T01:30:53.923+0000] {taskinstance.py:2076} INFO - Dependencies all met for dep_context=requeueable deps ti=<TaskInstance: sodai_ml_pipeline.retrain_model manual__2025-11-20T01:28:08.275673+00:00 [queued]>
[2025-11-20T01:30:53.926+0000] {taskinstance.py:2306} INFO - Starting attempt 1 of 2
[2025-11-20T01:30:53.944+0000] {taskinstance.py:2330} INFO - Executing <Task(PythonOperator): retrain_model> on 2025-11-20 01:28:08.275673+00:00
[2025-11-20T01:30:53.958+0000] {standard_task_runner.py:64} INFO - Started process 3335 to run task
[2025-11-20T01:30:53.962+0000] {standard_task_runner.py:90} INFO - Running: ['***', 'tasks', 'run', 'sodai_ml_pipeline', 'retrain_model', 'manual__2025-11-20T01:28:08.275673+00:00', '--job-id', '191', '--raw', '--subdir', 'DAGS_FOLDER/sodai_ml_pipeline_dag.py', '--cfg-path', '/tmp/tmpk6wpshfv']
[2025-11-20T01:30:53.966+0000] {standard_task_runner.py:91} INFO - Job 191: Subtask retrain_model
[2025-11-20T01:30:54.052+0000] {task_command.py:426} INFO - Running <TaskInstance: sodai_ml_pipeline.retrain_model manual__2025-11-20T01:28:08.275673+00:00 [running]> on host 9937dd56ecd4
[2025-11-20T01:30:54.162+0000] {taskinstance.py:2648} INFO - Exporting env vars: AIRFLOW_CTX_DAG_OWNER='deep_drinkers' AIRFLOW_CTX_DAG_ID='sodai_ml_pipeline' AIRFLOW_CTX_TASK_ID='retrain_model' AIRFLOW_CTX_EXECUTION_DATE='2025-11-20T01:28:08.275673+00:00' AIRFLOW_CTX_TRY_NUMBER='1' AIRFLOW_CTX_DAG_RUN_ID='manual__2025-11-20T01:28:08.275673+00:00'
[2025-11-20T01:30:54.164+0000] {taskinstance.py:430} INFO - ::endgroup::
[2025-11-20T01:38:05.604+0000] {data_io.py:274} INFO - Saved preprocess to /opt/airflow/models/preprocess_best.joblib
[2025-11-20T01:38:05.619+0000] {data_io.py:276} INFO - Saved model to /opt/airflow/models/model_lgbm_best.joblib
[2025-11-20T01:38:05.624+0000] {data_io.py:281} INFO - Saved combined pipeline to /opt/airflow/models/pipeline_best.joblib
[2025-11-20T01:38:05.626+0000] {data_io.py:289} INFO - Saved metadata to /opt/airflow/models/metadata_best.json
[2025-11-20T01:38:05.627+0000] {data_io.py:297} INFO - Saved metadata to /opt/airflow/models/metadata.json
[2025-11-20T01:38:05.745+0000] {python.py:237} INFO - Done. Returned value was: None
[2025-11-20T01:38:05.745+0000] {taskinstance.py:441} INFO - ::group::Post task execution logs
[2025-11-20T01:38:05.797+0000] {taskinstance.py:1206} INFO - Marking task as SUCCESS. dag_id=sodai_ml_pipeline, task_id=retrain_model, run_id=manual__2025-11-20T01:28:08.275673+00:00, execution_date=20251120T012808, start_date=20251120T013053, end_date=20251120T013805
[2025-11-20T01:38:05.935+0000] {local_task_job_runner.py:243} INFO - Task exited with return code 0
[2025-11-20T01:38:06.006+0000] {taskinstance.py:3503} INFO - 1 downstream tasks scheduled from follow-on schedule check
[2025-11-20T01:38:06.009+0000] {local_task_job_runner.py:222} INFO - ::endgroup::
