[2025-11-05T02:26:45.267+0000] {local_task_job_runner.py:120} INFO - ::group::Pre task execution logs
[2025-11-05T02:26:45.286+0000] {taskinstance.py:2076} INFO - Dependencies all met for dep_context=non-requeueable deps ti=<TaskInstance: hiring_dynamic.evaluate_models manual__2024-11-05T15:00:00+00:00 [queued]>
[2025-11-05T02:26:45.290+0000] {taskinstance.py:2076} INFO - Dependencies all met for dep_context=requeueable deps ti=<TaskInstance: hiring_dynamic.evaluate_models manual__2024-11-05T15:00:00+00:00 [queued]>
[2025-11-05T02:26:45.290+0000] {taskinstance.py:2306} INFO - Starting attempt 1 of 3
[2025-11-05T02:26:45.295+0000] {taskinstance.py:2330} INFO - Executing <Task(PythonOperator): evaluate_models> on 2024-11-05 15:00:00+00:00
[2025-11-05T02:26:45.301+0000] {standard_task_runner.py:90} INFO - Running: ['***', 'tasks', 'run', 'hiring_dynamic', 'evaluate_models', 'manual__2024-11-05T15:00:00+00:00', '--job-id', '221', '--raw', '--subdir', 'DAGS_FOLDER/dag_dynamic.py', '--cfg-path', '/tmp/tmprd4y6jum']
[2025-11-05T02:26:45.303+0000] {standard_task_runner.py:91} INFO - Job 221: Subtask evaluate_models
[2025-11-05T02:26:45.302+0000] {logging_mixin.py:188} WARNING - /home/***/.local/lib/python3.12/site-packages/***/task/task_runner/standard_task_runner.py:61 DeprecationWarning: This process (pid=2407) is multi-threaded, use of fork() may lead to deadlocks in the child.
[2025-11-05T02:26:45.304+0000] {standard_task_runner.py:63} INFO - Started process 2416 to run task
[2025-11-05T02:26:45.329+0000] {task_command.py:426} INFO - Running <TaskInstance: hiring_dynamic.evaluate_models manual__2024-11-05T15:00:00+00:00 [running]> on host 9d96bb82ceeb
[2025-11-05T02:26:45.378+0000] {taskinstance.py:2648} INFO - Exporting env vars: AIRFLOW_CTX_DAG_OWNER='***' AIRFLOW_CTX_DAG_ID='hiring_dynamic' AIRFLOW_CTX_TASK_ID='evaluate_models' AIRFLOW_CTX_EXECUTION_DATE='2024-11-05T15:00:00+00:00' AIRFLOW_CTX_TRY_NUMBER='1' AIRFLOW_CTX_DAG_RUN_ID='manual__2024-11-05T15:00:00+00:00'
[2025-11-05T02:26:45.379+0000] {taskinstance.py:430} INFO - ::endgroup::
[2025-11-05T02:26:45.408+0000] {logging_mixin.py:188} INFO - [evaluate_models] model_gbc_20251105T013508.joblib: accuracy=0.9267
[2025-11-05T02:26:45.414+0000] {logging_mixin.py:188} INFO - [evaluate_models] model_gbc_20251105T022643.joblib: accuracy=0.9333
[2025-11-05T02:26:45.417+0000] {logging_mixin.py:188} INFO - [evaluate_models] model_logreg_20251105T013506.joblib: accuracy=0.8933
[2025-11-05T02:26:45.420+0000] {logging_mixin.py:188} INFO - [evaluate_models] model_logreg_20251105T022643.joblib: accuracy=0.9067
[2025-11-05T02:26:45.472+0000] {logging_mixin.py:188} INFO - [evaluate_models] model_random_forest_20251105T022643.joblib: accuracy=0.9333
[2025-11-05T02:26:45.480+0000] {logging_mixin.py:188} INFO - [evaluate_models] Mejor modelo: model_gbc_20251105T022643.joblib | accuracy=0.9333
[2025-11-05T02:26:45.480+0000] {logging_mixin.py:188} INFO - [evaluate_models] Guardado como: /opt/***/dags/runs/20241105/models/best_model.joblib
[2025-11-05T02:26:45.480+0000] {python.py:237} INFO - Done. Returned value was: /opt/***/dags/runs/20241105/models/best_model.joblib
[2025-11-05T02:26:45.480+0000] {taskinstance.py:441} INFO - ::group::Post task execution logs
[2025-11-05T02:26:45.493+0000] {taskinstance.py:1206} INFO - Marking task as SUCCESS. dag_id=hiring_dynamic, task_id=evaluate_models, run_id=manual__2024-11-05T15:00:00+00:00, execution_date=20241105T150000, start_date=20251105T022645, end_date=20251105T022645
[2025-11-05T02:26:45.526+0000] {local_task_job_runner.py:240} INFO - Task exited with return code 0
[2025-11-05T02:26:45.537+0000] {taskinstance.py:3503} INFO - 0 downstream tasks scheduled from follow-on schedule check
[2025-11-05T02:26:45.538+0000] {local_task_job_runner.py:222} INFO - ::endgroup::
