[2025-11-04T20:35:01.019+0000] {local_task_job_runner.py:120} INFO - ::group::Pre task execution logs
[2025-11-04T20:35:01.048+0000] {taskinstance.py:2076} INFO - Dependencies all met for dep_context=non-requeueable deps ti=<TaskInstance: hiring_linear_pipeline.create_folders manual__2025-11-04T20:35:00.058387+00:00 [queued]>
[2025-11-04T20:35:01.053+0000] {taskinstance.py:2076} INFO - Dependencies all met for dep_context=requeueable deps ti=<TaskInstance: hiring_linear_pipeline.create_folders manual__2025-11-04T20:35:00.058387+00:00 [queued]>
[2025-11-04T20:35:01.053+0000] {taskinstance.py:2306} INFO - Starting attempt 1 of 1
[2025-11-04T20:35:01.059+0000] {taskinstance.py:2330} INFO - Executing <Task(PythonOperator): create_folders> on 2025-11-04 20:35:00.058387+00:00
[2025-11-04T20:35:01.064+0000] {standard_task_runner.py:90} INFO - Running: ['***', 'tasks', 'run', 'hiring_linear_pipeline', 'create_folders', 'manual__2025-11-04T20:35:00.058387+00:00', '--job-id', '3', '--raw', '--subdir', 'DAGS_FOLDER/hiring_dag.py', '--cfg-path', '/tmp/tmpygb2ya6m']
[2025-11-04T20:35:01.070+0000] {standard_task_runner.py:91} INFO - Job 3: Subtask create_folders
[2025-11-04T20:35:01.078+0000] {logging_mixin.py:188} WARNING - /home/***/.local/lib/python3.12/site-packages/***/task/task_runner/standard_task_runner.py:61 DeprecationWarning: This process (pid=436) is multi-threaded, use of fork() may lead to deadlocks in the child.
[2025-11-04T20:35:01.079+0000] {standard_task_runner.py:63} INFO - Started process 437 to run task
[2025-11-04T20:35:01.132+0000] {task_command.py:426} INFO - Running <TaskInstance: hiring_linear_pipeline.create_folders manual__2025-11-04T20:35:00.058387+00:00 [running]> on host 5dc60a3f7ab4
[2025-11-04T20:35:01.191+0000] {taskinstance.py:2648} INFO - Exporting env vars: AIRFLOW_CTX_DAG_OWNER='***' AIRFLOW_CTX_DAG_ID='hiring_linear_pipeline' AIRFLOW_CTX_TASK_ID='create_folders' AIRFLOW_CTX_EXECUTION_DATE='2025-11-04T20:35:00.058387+00:00' AIRFLOW_CTX_TRY_NUMBER='1' AIRFLOW_CTX_DAG_RUN_ID='manual__2025-11-04T20:35:00.058387+00:00'
[2025-11-04T20:35:01.192+0000] {taskinstance.py:430} INFO - ::endgroup::
[2025-11-04T20:35:01.200+0000] {logging_mixin.py:188} INFO - [create_folders] Directorio base     : /opt/***/data
[2025-11-04T20:35:01.201+0000] {logging_mixin.py:188} INFO - [create_folders] Carpeta de ejecución: /opt/***/data/20251104
[2025-11-04T20:35:01.201+0000] {logging_mixin.py:188} INFO - [create_folders] Subcarpetas         : /opt/***/data/20251104/raw, /opt/***/data/20251104/splits, /opt/***/data/20251104/models
[2025-11-04T20:35:01.201+0000] {python.py:237} INFO - Done. Returned value was: {'base_dir': '/opt/***/data', 'run_dir': '/opt/***/data/20251104', 'raw_dir': '/opt/***/data/20251104/raw', 'splits_dir': '/opt/***/data/20251104/splits', 'models_dir': '/opt/***/data/20251104/models', 'run_folder_name': '20251104'}
[2025-11-04T20:35:01.201+0000] {taskinstance.py:441} INFO - ::group::Post task execution logs
[2025-11-04T20:35:01.219+0000] {taskinstance.py:1206} INFO - Marking task as SUCCESS. dag_id=hiring_linear_pipeline, task_id=create_folders, run_id=manual__2025-11-04T20:35:00.058387+00:00, execution_date=20251104T203500, start_date=20251104T203501, end_date=20251104T203501
[2025-11-04T20:35:01.271+0000] {local_task_job_runner.py:240} INFO - Task exited with return code 0
[2025-11-04T20:35:01.283+0000] {taskinstance.py:3503} INFO - 0 downstream tasks scheduled from follow-on schedule check
[2025-11-04T20:35:01.285+0000] {local_task_job_runner.py:222} INFO - ::endgroup::
