[2025-11-05T01:02:05.574+0000] {local_task_job_runner.py:120} INFO - ::group::Pre task execution logs
[2025-11-05T01:02:05.593+0000] {taskinstance.py:2076} INFO - Dependencies all met for dep_context=non-requeueable deps ti=<TaskInstance: hiring_lineal.create_folders manual__2025-11-05T00:53:27.274544+00:00 [queued]>
[2025-11-05T01:02:05.600+0000] {taskinstance.py:2076} INFO - Dependencies all met for dep_context=requeueable deps ti=<TaskInstance: hiring_lineal.create_folders manual__2025-11-05T00:53:27.274544+00:00 [queued]>
[2025-11-05T01:02:05.601+0000] {taskinstance.py:2306} INFO - Starting attempt 1 of 1
[2025-11-05T01:02:05.613+0000] {taskinstance.py:2330} INFO - Executing <Task(PythonOperator): create_folders> on 2025-11-05 00:53:27.274544+00:00
[2025-11-05T01:02:05.622+0000] {standard_task_runner.py:90} INFO - Running: ['***', 'tasks', 'run', 'hiring_lineal', 'create_folders', 'manual__2025-11-05T00:53:27.274544+00:00', '--job-id', '71', '--raw', '--subdir', 'DAGS_FOLDER/dag_lineal.py', '--cfg-path', '/tmp/tmpwz06_0q3']
[2025-11-05T01:02:05.624+0000] {standard_task_runner.py:91} INFO - Job 71: Subtask create_folders
[2025-11-05T01:02:05.624+0000] {logging_mixin.py:188} WARNING - /home/***/.local/lib/python3.12/site-packages/***/task/task_runner/standard_task_runner.py:61 DeprecationWarning: This process (pid=200) is multi-threaded, use of fork() may lead to deadlocks in the child.
[2025-11-05T01:02:05.627+0000] {standard_task_runner.py:63} INFO - Started process 218 to run task
[2025-11-05T01:02:05.671+0000] {task_command.py:426} INFO - Running <TaskInstance: hiring_lineal.create_folders manual__2025-11-05T00:53:27.274544+00:00 [running]> on host 67cce8f1dc94
[2025-11-05T01:02:05.704+0000] {_client.py:1025} INFO - HTTP Request: GET https://api.gradio.app/gradio-messaging/en "HTTP/1.1 200 OK"
[2025-11-05T01:02:05.744+0000] {taskinstance.py:2648} INFO - Exporting env vars: AIRFLOW_CTX_DAG_OWNER='***' AIRFLOW_CTX_DAG_ID='hiring_lineal' AIRFLOW_CTX_TASK_ID='create_folders' AIRFLOW_CTX_EXECUTION_DATE='2025-11-05T00:53:27.274544+00:00' AIRFLOW_CTX_TRY_NUMBER='1' AIRFLOW_CTX_DAG_RUN_ID='manual__2025-11-05T00:53:27.274544+00:00'
[2025-11-05T01:02:05.746+0000] {taskinstance.py:430} INFO - ::endgroup::
[2025-11-05T01:02:05.773+0000] {logging_mixin.py:188} INFO - [create_folders] Carpeta de corrida creada: /opt/***/dags/runs/20251105
[2025-11-05T01:02:05.774+0000] {logging_mixin.py:188} INFO - [create_folders] Subcarpetas: ['models', 'raw', 'splits']
[2025-11-05T01:02:05.774+0000] {python.py:237} INFO - Done. Returned value was: /opt/***/dags/runs/20251105
[2025-11-05T01:02:05.774+0000] {taskinstance.py:441} INFO - ::group::Post task execution logs
[2025-11-05T01:02:05.810+0000] {taskinstance.py:1206} INFO - Marking task as SUCCESS. dag_id=hiring_lineal, task_id=create_folders, run_id=manual__2025-11-05T00:53:27.274544+00:00, execution_date=20251105T005327, start_date=20251105T010205, end_date=20251105T010205
[2025-11-05T01:02:05.894+0000] {local_task_job_runner.py:240} INFO - Task exited with return code 0
[2025-11-05T01:02:05.918+0000] {taskinstance.py:3503} INFO - 1 downstream tasks scheduled from follow-on schedule check
[2025-11-05T01:02:05.919+0000] {local_task_job_runner.py:222} INFO - ::endgroup::
