[2025-11-05T02:16:00.882+0000] {local_task_job_runner.py:120} INFO - ::group::Pre task execution logs
[2025-11-05T02:16:00.907+0000] {taskinstance.py:2076} INFO - Dependencies all met for dep_context=non-requeueable deps ti=<TaskInstance: hiring_dynamic.train_random_forest manual__2025-11-05T02:15:47.240796+00:00 [queued]>
[2025-11-05T02:16:00.917+0000] {taskinstance.py:2076} INFO - Dependencies all met for dep_context=requeueable deps ti=<TaskInstance: hiring_dynamic.train_random_forest manual__2025-11-05T02:15:47.240796+00:00 [queued]>
[2025-11-05T02:16:00.919+0000] {taskinstance.py:2306} INFO - Starting attempt 1 of 3
[2025-11-05T02:16:00.932+0000] {taskinstance.py:2330} INFO - Executing <Task(PythonOperator): train_random_forest> on 2025-11-05 02:15:47.240796+00:00
[2025-11-05T02:16:00.952+0000] {standard_task_runner.py:90} INFO - Running: ['***', 'tasks', 'run', 'hiring_dynamic', 'train_random_forest', 'manual__2025-11-05T02:15:47.240796+00:00', '--job-id', '201', '--raw', '--subdir', 'DAGS_FOLDER/dag_dynamic.py', '--cfg-path', '/tmp/tmpn7d13eji']
[2025-11-05T02:16:00.955+0000] {logging_mixin.py:188} WARNING - /home/***/.local/lib/python3.12/site-packages/***/task/task_runner/standard_task_runner.py:61 DeprecationWarning: This process (pid=790) is multi-threaded, use of fork() may lead to deadlocks in the child.
[2025-11-05T02:16:00.957+0000] {standard_task_runner.py:91} INFO - Job 201: Subtask train_random_forest
[2025-11-05T02:16:00.958+0000] {standard_task_runner.py:63} INFO - Started process 816 to run task
[2025-11-05T02:16:01.044+0000] {task_command.py:426} INFO - Running <TaskInstance: hiring_dynamic.train_random_forest manual__2025-11-05T02:15:47.240796+00:00 [running]> on host 9d96bb82ceeb
[2025-11-05T02:16:01.187+0000] {taskinstance.py:2648} INFO - Exporting env vars: AIRFLOW_CTX_DAG_OWNER='***' AIRFLOW_CTX_DAG_ID='hiring_dynamic' AIRFLOW_CTX_TASK_ID='train_random_forest' AIRFLOW_CTX_EXECUTION_DATE='2025-11-05T02:15:47.240796+00:00' AIRFLOW_CTX_TRY_NUMBER='1' AIRFLOW_CTX_DAG_RUN_ID='manual__2025-11-05T02:15:47.240796+00:00'
[2025-11-05T02:16:01.188+0000] {taskinstance.py:430} INFO - ::endgroup::
[2025-11-05T02:16:01.251+0000] {logging_mixin.py:188} INFO - [train_model] Numéricas: ['Age', 'DistanceFromCompany', 'ExperienceYears', 'InterviewScore', 'PersonalityScore', 'PreviousCompanies', 'SkillScore']
[2025-11-05T02:16:01.255+0000] {logging_mixin.py:188} INFO - [train_model] Categóricas: ['EducationLevel', 'Gender', 'RecruitmentStrategy']
[2025-11-05T02:16:02.422+0000] {logging_mixin.py:188} INFO - [train_model] Modelo entrenado: RandomForestClassifier
[2025-11-05T02:16:02.423+0000] {logging_mixin.py:188} INFO - [train_model] Guardado en: /opt/***/dags/runs/20251105/models/model_random_forest_20251105T021602.joblib
[2025-11-05T02:16:02.423+0000] {python.py:237} INFO - Done. Returned value was: /opt/***/dags/runs/20251105/models/model_random_forest_20251105T021602.joblib
[2025-11-05T02:16:02.424+0000] {taskinstance.py:441} INFO - ::group::Post task execution logs
[2025-11-05T02:16:02.439+0000] {taskinstance.py:1206} INFO - Marking task as SUCCESS. dag_id=hiring_dynamic, task_id=train_random_forest, run_id=manual__2025-11-05T02:15:47.240796+00:00, execution_date=20251105T021547, start_date=20251105T021600, end_date=20251105T021602
[2025-11-05T02:16:02.481+0000] {local_task_job_runner.py:240} INFO - Task exited with return code 0
[2025-11-05T02:16:02.511+0000] {taskinstance.py:3503} INFO - 1 downstream tasks scheduled from follow-on schedule check
[2025-11-05T02:16:02.513+0000] {local_task_job_runner.py:222} INFO - ::endgroup::
