[2025-11-05T02:26:42.669+0000] {local_task_job_runner.py:120} INFO - ::group::Pre task execution logs
[2025-11-05T02:26:42.693+0000] {taskinstance.py:2076} INFO - Dependencies all met for dep_context=non-requeueable deps ti=<TaskInstance: hiring_dynamic.train_random_forest manual__2024-11-05T15:00:00+00:00 [queued]>
[2025-11-05T02:26:42.699+0000] {taskinstance.py:2076} INFO - Dependencies all met for dep_context=requeueable deps ti=<TaskInstance: hiring_dynamic.train_random_forest manual__2024-11-05T15:00:00+00:00 [queued]>
[2025-11-05T02:26:42.699+0000] {taskinstance.py:2306} INFO - Starting attempt 1 of 3
[2025-11-05T02:26:42.707+0000] {taskinstance.py:2330} INFO - Executing <Task(PythonOperator): train_random_forest> on 2024-11-05 15:00:00+00:00
[2025-11-05T02:26:42.721+0000] {standard_task_runner.py:90} INFO - Running: ['***', 'tasks', 'run', 'hiring_dynamic', 'train_random_forest', 'manual__2024-11-05T15:00:00+00:00', '--job-id', '218', '--raw', '--subdir', 'DAGS_FOLDER/dag_dynamic.py', '--cfg-path', '/tmp/tmpyrfepcbq']
[2025-11-05T02:26:42.725+0000] {standard_task_runner.py:91} INFO - Job 218: Subtask train_random_forest
[2025-11-05T02:26:42.726+0000] {logging_mixin.py:188} WARNING - /home/***/.local/lib/python3.12/site-packages/***/task/task_runner/standard_task_runner.py:61 DeprecationWarning: This process (pid=2337) is multi-threaded, use of fork() may lead to deadlocks in the child.
[2025-11-05T02:26:42.726+0000] {standard_task_runner.py:63} INFO - Started process 2366 to run task
[2025-11-05T02:26:42.767+0000] {task_command.py:426} INFO - Running <TaskInstance: hiring_dynamic.train_random_forest manual__2024-11-05T15:00:00+00:00 [running]> on host 9d96bb82ceeb
[2025-11-05T02:26:42.835+0000] {taskinstance.py:2648} INFO - Exporting env vars: AIRFLOW_CTX_DAG_OWNER='***' AIRFLOW_CTX_DAG_ID='hiring_dynamic' AIRFLOW_CTX_TASK_ID='train_random_forest' AIRFLOW_CTX_EXECUTION_DATE='2024-11-05T15:00:00+00:00' AIRFLOW_CTX_TRY_NUMBER='1' AIRFLOW_CTX_DAG_RUN_ID='manual__2024-11-05T15:00:00+00:00'
[2025-11-05T02:26:42.836+0000] {taskinstance.py:430} INFO - ::endgroup::
[2025-11-05T02:26:42.867+0000] {logging_mixin.py:188} INFO - [train_model] Numéricas: ['Age', 'DistanceFromCompany', 'ExperienceYears', 'InterviewScore', 'PersonalityScore', 'PreviousCompanies', 'SkillScore']
[2025-11-05T02:26:42.868+0000] {logging_mixin.py:188} INFO - [train_model] Categóricas: ['EducationLevel', 'Gender', 'RecruitmentStrategy']
[2025-11-05T02:26:44.045+0000] {logging_mixin.py:188} INFO - [train_model] Modelo entrenado: RandomForestClassifier
[2025-11-05T02:26:44.045+0000] {logging_mixin.py:188} INFO - [train_model] Guardado en: /opt/***/dags/runs/20241105/models/model_random_forest_20251105T022643.joblib
[2025-11-05T02:26:44.046+0000] {python.py:237} INFO - Done. Returned value was: /opt/***/dags/runs/20241105/models/model_random_forest_20251105T022643.joblib
[2025-11-05T02:26:44.046+0000] {taskinstance.py:441} INFO - ::group::Post task execution logs
[2025-11-05T02:26:44.067+0000] {taskinstance.py:1206} INFO - Marking task as SUCCESS. dag_id=hiring_dynamic, task_id=train_random_forest, run_id=manual__2024-11-05T15:00:00+00:00, execution_date=20241105T150000, start_date=20251105T022642, end_date=20251105T022644
[2025-11-05T02:26:44.109+0000] {local_task_job_runner.py:240} INFO - Task exited with return code 0
[2025-11-05T02:26:44.128+0000] {taskinstance.py:3503} INFO - 1 downstream tasks scheduled from follow-on schedule check
[2025-11-05T02:26:44.129+0000] {local_task_job_runner.py:222} INFO - ::endgroup::
