[2025-11-05T01:02:08.683+0000] {local_task_job_runner.py:120} INFO - ::group::Pre task execution logs
[2025-11-05T01:02:08.709+0000] {taskinstance.py:2076} INFO - Dependencies all met for dep_context=non-requeueable deps ti=<TaskInstance: hiring_lineal.download_data manual__2025-11-05T00:53:27.274544+00:00 [queued]>
[2025-11-05T01:02:08.717+0000] {taskinstance.py:2076} INFO - Dependencies all met for dep_context=requeueable deps ti=<TaskInstance: hiring_lineal.download_data manual__2025-11-05T00:53:27.274544+00:00 [queued]>
[2025-11-05T01:02:08.717+0000] {taskinstance.py:2306} INFO - Starting attempt 1 of 1
[2025-11-05T01:02:08.725+0000] {taskinstance.py:2330} INFO - Executing <Task(BashOperator): download_data> on 2025-11-05 00:53:27.274544+00:00
[2025-11-05T01:02:08.740+0000] {standard_task_runner.py:90} INFO - Running: ['***', 'tasks', 'run', 'hiring_lineal', 'download_data', 'manual__2025-11-05T00:53:27.274544+00:00', '--job-id', '72', '--raw', '--subdir', 'DAGS_FOLDER/dag_lineal.py', '--cfg-path', '/tmp/tmpb1tlk_lh']
[2025-11-05T01:02:08.742+0000] {standard_task_runner.py:91} INFO - Job 72: Subtask download_data
[2025-11-05T01:02:08.743+0000] {logging_mixin.py:188} WARNING - /home/***/.local/lib/python3.12/site-packages/***/task/task_runner/standard_task_runner.py:61 DeprecationWarning: This process (pid=226) is multi-threaded, use of fork() may lead to deadlocks in the child.
[2025-11-05T01:02:08.744+0000] {standard_task_runner.py:63} INFO - Started process 241 to run task
[2025-11-05T01:02:08.783+0000] {task_command.py:426} INFO - Running <TaskInstance: hiring_lineal.download_data manual__2025-11-05T00:53:27.274544+00:00 [running]> on host 67cce8f1dc94
[2025-11-05T01:02:08.860+0000] {taskinstance.py:2648} INFO - Exporting env vars: AIRFLOW_CTX_DAG_OWNER='***' AIRFLOW_CTX_DAG_ID='hiring_lineal' AIRFLOW_CTX_TASK_ID='download_data' AIRFLOW_CTX_EXECUTION_DATE='2025-11-05T00:53:27.274544+00:00' AIRFLOW_CTX_TRY_NUMBER='1' AIRFLOW_CTX_DAG_RUN_ID='manual__2025-11-05T00:53:27.274544+00:00'
[2025-11-05T01:02:08.862+0000] {taskinstance.py:430} INFO - ::endgroup::
[2025-11-05T01:02:08.867+0000] {_client.py:1025} INFO - HTTP Request: GET https://api.gradio.app/gradio-messaging/en "HTTP/1.1 200 OK"
[2025-11-05T01:02:08.871+0000] {subprocess.py:63} INFO - Tmp dir root location: /tmp
[2025-11-05T01:02:08.872+0000] {subprocess.py:75} INFO - Running command: ['/usr/bin/bash', '-c', '\nset -euo pipefail\nRAW_DIR="/opt/***/dags/runs/20251105/raw"\nmkdir -p "$RAW_DIR"\necho "[download_data] guardando en: $RAW_DIR/data_1.csv"\n\ncurl -fSL --retry 3 --connect-timeout 10 --max-time 120 \\\n  -o "$RAW_DIR/data_1.csv" "https://gitlab.com/eduardomoyab/laboratorio-13/-/raw/main/files/data_1.csv"\n\n# validación y evidencia\ntest -s "$RAW_DIR/data_1.csv"\necho "[download_data] Tamaño:"; ls -lh "$RAW_DIR/data_1.csv"\necho "[download_data] Preview:"; head -n 3 "$RAW_DIR/data_1.csv"']
[2025-11-05T01:02:08.880+0000] {subprocess.py:86} INFO - Output:
[2025-11-05T01:02:08.888+0000] {subprocess.py:93} INFO - [download_data] guardando en: /opt/***/dags/runs/20251105/raw/data_1.csv
[2025-11-05T01:02:08.900+0000] {subprocess.py:93} INFO -   % Total    % Received % Xferd  Average Speed   Time    Time     Time  Current
[2025-11-05T01:02:08.900+0000] {subprocess.py:93} INFO -                                  Dload  Upload   Total   Spent    Left  Speed
[2025-11-05T01:02:09.280+0000] {subprocess.py:93} INFO -   0     0    0     0    0     0      0      0 --:--:-- --:--:-- --:--:--     0100 32735  100 32735    0     0  86083      0 --:--:-- --:--:-- --:--:-- 86144
[2025-11-05T01:02:09.283+0000] {subprocess.py:93} INFO - [download_data] Tamaño:
[2025-11-05T01:02:09.285+0000] {subprocess.py:93} INFO - -rw-r--r-- 1 *** root 32K Nov  5 01:02 /opt/***/dags/runs/20251105/raw/data_1.csv
[2025-11-05T01:02:09.286+0000] {subprocess.py:93} INFO - [download_data] Preview:
[2025-11-05T01:02:09.287+0000] {subprocess.py:93} INFO - Age,Gender,EducationLevel,ExperienceYears,PreviousCompanies,DistanceFromCompany,InterviewScore,SkillScore,PersonalityScore,RecruitmentStrategy,HiringDecision
[2025-11-05T01:02:09.287+0000] {subprocess.py:93} INFO - 25,1,2,14,4,50.18675168378789,90,79,90,2,1
[2025-11-05T01:02:09.287+0000] {subprocess.py:93} INFO - 45,0,2,5,2,23.663373037751068,57,56,60,3,0
[2025-11-05T01:02:09.287+0000] {subprocess.py:97} INFO - Command exited with return code 0
[2025-11-05T01:02:09.288+0000] {taskinstance.py:441} INFO - ::group::Post task execution logs
[2025-11-05T01:02:09.318+0000] {taskinstance.py:1206} INFO - Marking task as SUCCESS. dag_id=hiring_lineal, task_id=download_data, run_id=manual__2025-11-05T00:53:27.274544+00:00, execution_date=20251105T005327, start_date=20251105T010208, end_date=20251105T010209
[2025-11-05T01:02:09.340+0000] {local_task_job_runner.py:240} INFO - Task exited with return code 0
[2025-11-05T01:02:09.368+0000] {taskinstance.py:3503} INFO - 1 downstream tasks scheduled from follow-on schedule check
[2025-11-05T01:02:09.369+0000] {local_task_job_runner.py:222} INFO - ::endgroup::
