[2025-11-05T00:40:34.726+0000] {local_task_job_runner.py:120} INFO - ::group::Pre task execution logs
[2025-11-05T00:40:34.742+0000] {taskinstance.py:2076} INFO - Dependencies all met for dep_context=non-requeueable deps ti=<TaskInstance: hiring_lineal.download_data manual__2025-11-05T00:40:29.322979+00:00 [queued]>
[2025-11-05T00:40:34.746+0000] {taskinstance.py:2076} INFO - Dependencies all met for dep_context=requeueable deps ti=<TaskInstance: hiring_lineal.download_data manual__2025-11-05T00:40:29.322979+00:00 [queued]>
[2025-11-05T00:40:34.746+0000] {taskinstance.py:2306} INFO - Starting attempt 1 of 1
[2025-11-05T00:40:34.751+0000] {taskinstance.py:2330} INFO - Executing <Task(BashOperator): download_data> on 2025-11-05 00:40:29.322979+00:00
[2025-11-05T00:40:34.768+0000] {standard_task_runner.py:90} INFO - Running: ['***', 'tasks', 'run', 'hiring_lineal', 'download_data', 'manual__2025-11-05T00:40:29.322979+00:00', '--job-id', '55', '--raw', '--subdir', 'DAGS_FOLDER/dag_lineal.py', '--cfg-path', '/tmp/tmpgjh6z3ge']
[2025-11-05T00:40:34.770+0000] {standard_task_runner.py:91} INFO - Job 55: Subtask download_data
[2025-11-05T00:40:34.770+0000] {logging_mixin.py:188} WARNING - /home/***/.local/lib/python3.12/site-packages/***/task/task_runner/standard_task_runner.py:61 DeprecationWarning: This process (pid=231) is multi-threaded, use of fork() may lead to deadlocks in the child.
[2025-11-05T00:40:34.772+0000] {standard_task_runner.py:63} INFO - Started process 241 to run task
[2025-11-05T00:40:34.803+0000] {task_command.py:426} INFO - Running <TaskInstance: hiring_lineal.download_data manual__2025-11-05T00:40:29.322979+00:00 [running]> on host 5e9e36c5f12f
[2025-11-05T00:40:34.857+0000] {taskinstance.py:2648} INFO - Exporting env vars: AIRFLOW_CTX_DAG_OWNER='***' AIRFLOW_CTX_DAG_ID='hiring_lineal' AIRFLOW_CTX_TASK_ID='download_data' AIRFLOW_CTX_EXECUTION_DATE='2025-11-05T00:40:29.322979+00:00' AIRFLOW_CTX_TRY_NUMBER='1' AIRFLOW_CTX_DAG_RUN_ID='manual__2025-11-05T00:40:29.322979+00:00'
[2025-11-05T00:40:34.858+0000] {taskinstance.py:430} INFO - ::endgroup::
[2025-11-05T00:40:34.864+0000] {subprocess.py:63} INFO - Tmp dir root location: /tmp
[2025-11-05T00:40:34.864+0000] {subprocess.py:75} INFO - Running command: ['/usr/bin/bash', '-c', '\nset -euo pipefail\nRAW_DIR="/opt/***/dags/runs/20251105/raw"\nmkdir -p "$RAW_DIR"\necho "[download_data] guardando en: $RAW_DIR/data_1.csv"\n\ncurl -fSL --retry 3 --connect-timeout 10 --max-time 120 \\\n  -o "$RAW_DIR/data_1.csv" "https://gitlab.com/eduardomoyab/laboratorio-13/-/raw/main/files/data_1.csv"\n\n# validación: archivo existe y no está vacío\ntest -s "$RAW_DIR/data_1.csv"\n\n# evidencia en logs\necho "[download_data] Tamaño:"; ls -lh "$RAW_DIR/data_1.csv"\necho "[download_data] Preview:"; head -n 3 "$RAW_DIR/data_1.csv"']
[2025-11-05T00:40:34.871+0000] {subprocess.py:86} INFO - Output:
[2025-11-05T00:40:34.874+0000] {subprocess.py:93} INFO - [download_data] guardando en: /opt/***/dags/runs/20251105/raw/data_1.csv
[2025-11-05T00:40:34.882+0000] {subprocess.py:93} INFO -   % Total    % Received % Xferd  Average Speed   Time    Time     Time  Current
[2025-11-05T00:40:34.883+0000] {subprocess.py:93} INFO -                                  Dload  Upload   Total   Spent    Left  Speed
[2025-11-05T00:40:34.998+0000] {subprocess.py:93} INFO -   0     0    0     0    0     0      0      0 --:--:-- --:--:-- --:--:--     0100 32735  100 32735    0     0   277k      0 --:--:-- --:--:-- --:--:--  277k
[2025-11-05T00:40:35.002+0000] {subprocess.py:93} INFO - [download_data] Tamaño:
[2025-11-05T00:40:35.005+0000] {subprocess.py:93} INFO - -rw-r--r-- 1 *** root 32K Nov  5 00:40 /opt/***/dags/runs/20251105/raw/data_1.csv
[2025-11-05T00:40:35.005+0000] {subprocess.py:93} INFO - [download_data] Preview:
[2025-11-05T00:40:35.006+0000] {subprocess.py:93} INFO - Age,Gender,EducationLevel,ExperienceYears,PreviousCompanies,DistanceFromCompany,InterviewScore,SkillScore,PersonalityScore,RecruitmentStrategy,HiringDecision
[2025-11-05T00:40:35.007+0000] {subprocess.py:93} INFO - 25,1,2,14,4,50.18675168378789,90,79,90,2,1
[2025-11-05T00:40:35.007+0000] {subprocess.py:93} INFO - 45,0,2,5,2,23.663373037751068,57,56,60,3,0
[2025-11-05T00:40:35.007+0000] {subprocess.py:97} INFO - Command exited with return code 0
[2025-11-05T00:40:35.008+0000] {taskinstance.py:441} INFO - ::group::Post task execution logs
[2025-11-05T00:40:35.028+0000] {taskinstance.py:1206} INFO - Marking task as SUCCESS. dag_id=hiring_lineal, task_id=download_data, run_id=manual__2025-11-05T00:40:29.322979+00:00, execution_date=20251105T004029, start_date=20251105T004034, end_date=20251105T004035
[2025-11-05T00:40:35.077+0000] {local_task_job_runner.py:240} INFO - Task exited with return code 0
[2025-11-05T00:40:35.093+0000] {taskinstance.py:3503} INFO - 1 downstream tasks scheduled from follow-on schedule check
[2025-11-05T00:40:35.094+0000] {local_task_job_runner.py:222} INFO - ::endgroup::
