[2025-11-04T23:55:13.932+0000] {local_task_job_runner.py:120} INFO - ::group::Pre task execution logs
[2025-11-04T23:55:13.950+0000] {taskinstance.py:2076} INFO - Dependencies all met for dep_context=non-requeueable deps ti=<TaskInstance: hiring_linear_pipeline.create_folders manual__2025-11-04T23:55:10.026914+00:00 [queued]>
[2025-11-04T23:55:13.953+0000] {taskinstance.py:2076} INFO - Dependencies all met for dep_context=requeueable deps ti=<TaskInstance: hiring_linear_pipeline.create_folders manual__2025-11-04T23:55:10.026914+00:00 [queued]>
[2025-11-04T23:55:13.953+0000] {taskinstance.py:2306} INFO - Starting attempt 1 of 1
[2025-11-04T23:55:13.959+0000] {taskinstance.py:2330} INFO - Executing <Task(PythonOperator): create_folders> on 2025-11-04 23:55:10.026914+00:00
[2025-11-04T23:55:13.971+0000] {standard_task_runner.py:90} INFO - Running: ['***', 'tasks', 'run', 'hiring_linear_pipeline', 'create_folders', 'manual__2025-11-04T23:55:10.026914+00:00', '--job-id', '39', '--raw', '--subdir', 'DAGS_FOLDER/hiring_dag.py', '--cfg-path', '/tmp/tmpewztba3x']
[2025-11-04T23:55:13.973+0000] {standard_task_runner.py:91} INFO - Job 39: Subtask create_folders
[2025-11-04T23:55:13.973+0000] {logging_mixin.py:188} WARNING - /home/***/.local/lib/python3.12/site-packages/***/task/task_runner/standard_task_runner.py:61 DeprecationWarning: This process (pid=220) is multi-threaded, use of fork() may lead to deadlocks in the child.
[2025-11-04T23:55:13.974+0000] {standard_task_runner.py:63} INFO - Started process 258 to run task
[2025-11-04T23:55:14.016+0000] {task_command.py:426} INFO - Running <TaskInstance: hiring_linear_pipeline.create_folders manual__2025-11-04T23:55:10.026914+00:00 [running]> on host 5e9e36c5f12f
[2025-11-04T23:55:14.077+0000] {taskinstance.py:2648} INFO - Exporting env vars: AIRFLOW_CTX_DAG_OWNER='***' AIRFLOW_CTX_DAG_ID='hiring_linear_pipeline' AIRFLOW_CTX_TASK_ID='create_folders' AIRFLOW_CTX_EXECUTION_DATE='2025-11-04T23:55:10.026914+00:00' AIRFLOW_CTX_TRY_NUMBER='1' AIRFLOW_CTX_DAG_RUN_ID='manual__2025-11-04T23:55:10.026914+00:00'
[2025-11-04T23:55:14.079+0000] {taskinstance.py:430} INFO - ::endgroup::
[2025-11-04T23:55:14.100+0000] {logging_mixin.py:188} INFO - [create_folders] Carpeta de corrida creada: /opt/***/dags/runs/20251104
[2025-11-04T23:55:14.101+0000] {logging_mixin.py:188} INFO - [create_folders] Subcarpetas: ['models', 'raw', 'splits']
[2025-11-04T23:55:14.101+0000] {python.py:237} INFO - Done. Returned value was: /opt/***/dags/runs/20251104
[2025-11-04T23:55:14.101+0000] {taskinstance.py:441} INFO - ::group::Post task execution logs
[2025-11-04T23:55:14.120+0000] {taskinstance.py:1206} INFO - Marking task as SUCCESS. dag_id=hiring_linear_pipeline, task_id=create_folders, run_id=manual__2025-11-04T23:55:10.026914+00:00, execution_date=20251104T235510, start_date=20251104T235513, end_date=20251104T235514
[2025-11-04T23:55:14.167+0000] {local_task_job_runner.py:240} INFO - Task exited with return code 0
[2025-11-04T23:55:14.179+0000] {taskinstance.py:3503} INFO - 0 downstream tasks scheduled from follow-on schedule check
[2025-11-04T23:55:14.180+0000] {local_task_job_runner.py:222} INFO - ::endgroup::
