[2025-11-04T23:39:27.091+0000] {local_task_job_runner.py:120} INFO - ::group::Pre task execution logs
[2025-11-04T23:39:27.109+0000] {taskinstance.py:2076} INFO - Dependencies all met for dep_context=non-requeueable deps ti=<TaskInstance: hiring_lineal.create_folders manual__2025-11-04T23:39:24.255474+00:00 [queued]>
[2025-11-04T23:39:27.112+0000] {taskinstance.py:2076} INFO - Dependencies all met for dep_context=requeueable deps ti=<TaskInstance: hiring_lineal.create_folders manual__2025-11-04T23:39:24.255474+00:00 [queued]>
[2025-11-04T23:39:27.112+0000] {taskinstance.py:2306} INFO - Starting attempt 1 of 1
[2025-11-04T23:39:27.119+0000] {taskinstance.py:2330} INFO - Executing <Task(PythonOperator): create_folders> on 2025-11-04 23:39:24.255474+00:00
[2025-11-04T23:39:27.132+0000] {logging_mixin.py:188} WARNING - /home/***/.local/lib/python3.12/site-packages/***/task/task_runner/standard_task_runner.py:61 DeprecationWarning: This process (pid=231) is multi-threaded, use of fork() may lead to deadlocks in the child.
[2025-11-04T23:39:27.131+0000] {standard_task_runner.py:90} INFO - Running: ['***', 'tasks', 'run', 'hiring_lineal', 'create_folders', 'manual__2025-11-04T23:39:24.255474+00:00', '--job-id', '21', '--raw', '--subdir', 'DAGS_FOLDER/dag_lineal.py', '--cfg-path', '/tmp/tmpj6ykvcl_']
[2025-11-04T23:39:27.133+0000] {standard_task_runner.py:91} INFO - Job 21: Subtask create_folders
[2025-11-04T23:39:27.133+0000] {standard_task_runner.py:63} INFO - Started process 241 to run task
[2025-11-04T23:39:27.167+0000] {task_command.py:426} INFO - Running <TaskInstance: hiring_lineal.create_folders manual__2025-11-04T23:39:24.255474+00:00 [running]> on host 6be06b25021f
[2025-11-04T23:39:27.222+0000] {taskinstance.py:2648} INFO - Exporting env vars: AIRFLOW_CTX_DAG_OWNER='***' AIRFLOW_CTX_DAG_ID='hiring_lineal' AIRFLOW_CTX_TASK_ID='create_folders' AIRFLOW_CTX_EXECUTION_DATE='2025-11-04T23:39:24.255474+00:00' AIRFLOW_CTX_TRY_NUMBER='1' AIRFLOW_CTX_DAG_RUN_ID='manual__2025-11-04T23:39:24.255474+00:00'
[2025-11-04T23:39:27.224+0000] {taskinstance.py:430} INFO - ::endgroup::
[2025-11-04T23:39:27.231+0000] {logging_mixin.py:188} INFO - [create_folders] Carpeta de corrida creada: /opt/***/dags/runs/20251104
[2025-11-04T23:39:27.231+0000] {logging_mixin.py:188} INFO - [create_folders] Subcarpetas: ['models', 'raw', 'splits']
[2025-11-04T23:39:27.231+0000] {python.py:237} INFO - Done. Returned value was: /opt/***/dags/runs/20251104
[2025-11-04T23:39:27.231+0000] {taskinstance.py:441} INFO - ::group::Post task execution logs
[2025-11-04T23:39:27.245+0000] {taskinstance.py:1206} INFO - Marking task as SUCCESS. dag_id=hiring_lineal, task_id=create_folders, run_id=manual__2025-11-04T23:39:24.255474+00:00, execution_date=20251104T233924, start_date=20251104T233927, end_date=20251104T233927
[2025-11-04T23:39:27.280+0000] {local_task_job_runner.py:240} INFO - Task exited with return code 0
[2025-11-04T23:39:27.296+0000] {taskinstance.py:3503} INFO - 1 downstream tasks scheduled from follow-on schedule check
[2025-11-04T23:39:27.297+0000] {local_task_job_runner.py:222} INFO - ::endgroup::
