[2025-11-05T01:33:59.954+0000] {local_task_job_runner.py:120} INFO - ::group::Pre task execution logs
[2025-11-05T01:34:00.381+0000] {taskinstance.py:2076} INFO - Dependencies all met for dep_context=non-requeueable deps ti=<TaskInstance: hiring_dynamic.download_data_2 scheduled__2025-06-05T15:00:00+00:00 [queued]>
[2025-11-05T01:34:00.436+0000] {taskinstance.py:2076} INFO - Dependencies all met for dep_context=requeueable deps ti=<TaskInstance: hiring_dynamic.download_data_2 scheduled__2025-06-05T15:00:00+00:00 [queued]>
[2025-11-05T01:34:00.437+0000] {taskinstance.py:2306} INFO - Starting attempt 1 of 1
[2025-11-05T01:34:00.528+0000] {taskinstance.py:2330} INFO - Executing <Task(BashOperator): download_data_2> on 2025-06-05 15:00:00+00:00
[2025-11-05T01:34:00.618+0000] {logging_mixin.py:188} WARNING - /home/***/.local/lib/python3.12/site-packages/***/task/task_runner/standard_task_runner.py:61 DeprecationWarning: This process (pid=728) is multi-threaded, use of fork() may lead to deadlocks in the child.
[2025-11-05T01:34:00.627+0000] {standard_task_runner.py:63} INFO - Started process 891 to run task
[2025-11-05T01:34:00.602+0000] {standard_task_runner.py:90} INFO - Running: ['***', 'tasks', 'run', 'hiring_dynamic', 'download_data_2', 'scheduled__2025-06-05T15:00:00+00:00', '--job-id', '129', '--raw', '--subdir', 'DAGS_FOLDER/dag_dynamic.py', '--cfg-path', '/tmp/tmp5ydwdok4']
[2025-11-05T01:34:00.638+0000] {standard_task_runner.py:91} INFO - Job 129: Subtask download_data_2
[2025-11-05T01:34:00.936+0000] {task_command.py:426} INFO - Running <TaskInstance: hiring_dynamic.download_data_2 scheduled__2025-06-05T15:00:00+00:00 [running]> on host ddceee407281
[2025-11-05T01:34:01.585+0000] {taskinstance.py:2648} INFO - Exporting env vars: AIRFLOW_CTX_DAG_OWNER='***' AIRFLOW_CTX_DAG_ID='hiring_dynamic' AIRFLOW_CTX_TASK_ID='download_data_2' AIRFLOW_CTX_EXECUTION_DATE='2025-06-05T15:00:00+00:00' AIRFLOW_CTX_TRY_NUMBER='1' AIRFLOW_CTX_DAG_RUN_ID='scheduled__2025-06-05T15:00:00+00:00'
[2025-11-05T01:34:01.596+0000] {taskinstance.py:430} INFO - ::endgroup::
[2025-11-05T01:34:01.673+0000] {subprocess.py:63} INFO - Tmp dir root location: /tmp
[2025-11-05T01:34:01.720+0000] {subprocess.py:75} INFO - Running command: ['/usr/bin/bash', '-c', '\nset -euo pipefail\nRAW="/opt/***/dags/runs/20250605/raw"\nmkdir -p "$RAW"\necho "[download_data_2] -> $RAW/data_2.csv"\ncurl -fSL --retry 3 --connect-timeout 10 --max-time 120 \\\n  -o "$RAW/data_2.csv" "https://gitlab.com/eduardomoyab/laboratorio-13/-/raw/main/files/data_2.csv"\ntest -s "$RAW/data_2.csv"']
[2025-11-05T01:34:01.801+0000] {subprocess.py:86} INFO - Output:
[2025-11-05T01:34:01.827+0000] {subprocess.py:93} INFO - [download_data_2] -> /opt/***/dags/runs/20250605/raw/data_2.csv
[2025-11-05T01:34:01.951+0000] {subprocess.py:93} INFO -   % Total    % Received % Xferd  Average Speed   Time    Time     Time  Current
[2025-11-05T01:34:01.968+0000] {subprocess.py:93} INFO -                                  Dload  Upload   Total   Spent    Left  Speed
[2025-11-05T01:34:02.230+0000] {subprocess.py:93} INFO -   0     0    0     0    0     0      0      0 --:--:-- --:--:-- --:--:--     0100 32687  100 32687    0     0   118k      0 --:--:-- --:--:-- --:--:--  120k
[2025-11-05T01:34:02.285+0000] {subprocess.py:97} INFO - Command exited with return code 0
[2025-11-05T01:34:02.304+0000] {taskinstance.py:441} INFO - ::group::Post task execution logs
[2025-11-05T01:34:02.651+0000] {taskinstance.py:1206} INFO - Marking task as SUCCESS. dag_id=hiring_dynamic, task_id=download_data_2, run_id=scheduled__2025-06-05T15:00:00+00:00, execution_date=20250605T150000, start_date=20251105T013400, end_date=20251105T013402
[2025-11-05T01:34:03.024+0000] {local_task_job_runner.py:240} INFO - Task exited with return code 0
[2025-11-05T01:34:03.183+0000] {taskinstance.py:3503} INFO - 0 downstream tasks scheduled from follow-on schedule check
[2025-11-05T01:34:03.191+0000] {local_task_job_runner.py:222} INFO - ::endgroup::
