[2025-11-05T01:02:58.637+0000] {local_task_job_runner.py:120} INFO - ::group::Pre task execution logs
[2025-11-05T01:02:58.653+0000] {taskinstance.py:2076} INFO - Dependencies all met for dep_context=non-requeueable deps ti=<TaskInstance: hiring_lineal.create_folders manual__2025-11-05T01:02:55.361795+00:00 [queued]>
[2025-11-05T01:02:58.657+0000] {taskinstance.py:2076} INFO - Dependencies all met for dep_context=requeueable deps ti=<TaskInstance: hiring_lineal.create_folders manual__2025-11-05T01:02:55.361795+00:00 [queued]>
[2025-11-05T01:02:58.657+0000] {taskinstance.py:2306} INFO - Starting attempt 1 of 1
[2025-11-05T01:02:58.665+0000] {taskinstance.py:2330} INFO - Executing <Task(PythonOperator): create_folders> on 2025-11-05 01:02:55.361795+00:00
[2025-11-05T01:02:58.671+0000] {standard_task_runner.py:90} INFO - Running: ['***', 'tasks', 'run', 'hiring_lineal', 'create_folders', 'manual__2025-11-05T01:02:55.361795+00:00', '--job-id', '77', '--raw', '--subdir', 'DAGS_FOLDER/dag_lineal.py', '--cfg-path', '/tmp/tmp836lpikv']
[2025-11-05T01:02:58.673+0000] {standard_task_runner.py:91} INFO - Job 77: Subtask create_folders
[2025-11-05T01:02:58.674+0000] {logging_mixin.py:188} WARNING - /home/***/.local/lib/python3.12/site-packages/***/task/task_runner/standard_task_runner.py:61 DeprecationWarning: This process (pid=350) is multi-threaded, use of fork() may lead to deadlocks in the child.
[2025-11-05T01:02:58.674+0000] {standard_task_runner.py:63} INFO - Started process 360 to run task
[2025-11-05T01:02:58.706+0000] {task_command.py:426} INFO - Running <TaskInstance: hiring_lineal.create_folders manual__2025-11-05T01:02:55.361795+00:00 [running]> on host 67cce8f1dc94
[2025-11-05T01:02:58.761+0000] {taskinstance.py:2648} INFO - Exporting env vars: AIRFLOW_CTX_DAG_OWNER='***' AIRFLOW_CTX_DAG_ID='hiring_lineal' AIRFLOW_CTX_TASK_ID='create_folders' AIRFLOW_CTX_EXECUTION_DATE='2025-11-05T01:02:55.361795+00:00' AIRFLOW_CTX_TRY_NUMBER='1' AIRFLOW_CTX_DAG_RUN_ID='manual__2025-11-05T01:02:55.361795+00:00'
[2025-11-05T01:02:58.763+0000] {taskinstance.py:430} INFO - ::endgroup::
[2025-11-05T01:02:58.770+0000] {logging_mixin.py:188} INFO - [create_folders] Carpeta de corrida creada: /opt/***/dags/runs/20251105
[2025-11-05T01:02:58.770+0000] {logging_mixin.py:188} INFO - [create_folders] Subcarpetas: ['models', 'raw', 'splits']
[2025-11-05T01:02:58.771+0000] {python.py:237} INFO - Done. Returned value was: /opt/***/dags/runs/20251105
[2025-11-05T01:02:58.771+0000] {taskinstance.py:441} INFO - ::group::Post task execution logs
[2025-11-05T01:02:58.784+0000] {taskinstance.py:1206} INFO - Marking task as SUCCESS. dag_id=hiring_lineal, task_id=create_folders, run_id=manual__2025-11-05T01:02:55.361795+00:00, execution_date=20251105T010255, start_date=20251105T010258, end_date=20251105T010258
[2025-11-05T01:02:58.819+0000] {local_task_job_runner.py:240} INFO - Task exited with return code 0
[2025-11-05T01:02:58.835+0000] {taskinstance.py:3503} INFO - 1 downstream tasks scheduled from follow-on schedule check
[2025-11-05T01:02:58.836+0000] {local_task_job_runner.py:222} INFO - ::endgroup::
