[2025-11-05T01:35:28.535+0000] {local_task_job_runner.py:120} INFO - ::group::Pre task execution logs
[2025-11-05T01:35:28.938+0000] {taskinstance.py:2076} INFO - Dependencies all met for dep_context=non-requeueable deps ti=<TaskInstance: hiring_dynamic.train_random_forest scheduled__2025-04-05T15:00:00+00:00 [queued]>
[2025-11-05T01:35:28.969+0000] {taskinstance.py:2076} INFO - Dependencies all met for dep_context=requeueable deps ti=<TaskInstance: hiring_dynamic.train_random_forest scheduled__2025-04-05T15:00:00+00:00 [queued]>
[2025-11-05T01:35:28.970+0000] {taskinstance.py:2306} INFO - Starting attempt 1 of 1
[2025-11-05T01:35:29.052+0000] {taskinstance.py:2330} INFO - Executing <Task(PythonOperator): train_random_forest> on 2025-04-05 15:00:00+00:00
[2025-11-05T01:35:29.296+0000] {standard_task_runner.py:90} INFO - Running: ['***', 'tasks', 'run', 'hiring_dynamic', 'train_random_forest', 'scheduled__2025-04-05T15:00:00+00:00', '--job-id', '164', '--raw', '--subdir', 'DAGS_FOLDER/dag_dynamic.py', '--cfg-path', '/tmp/tmptocbclyd']
[2025-11-05T01:35:29.357+0000] {standard_task_runner.py:91} INFO - Job 164: Subtask train_random_forest
[2025-11-05T01:35:29.398+0000] {logging_mixin.py:188} WARNING - /home/***/.local/lib/python3.12/site-packages/***/task/task_runner/standard_task_runner.py:61 DeprecationWarning: This process (pid=1280) is multi-threaded, use of fork() may lead to deadlocks in the child.
[2025-11-05T01:35:29.439+0000] {standard_task_runner.py:63} INFO - Started process 1415 to run task
[2025-11-05T01:35:30.205+0000] {task_command.py:426} INFO - Running <TaskInstance: hiring_dynamic.train_random_forest scheduled__2025-04-05T15:00:00+00:00 [running]> on host ddceee407281
[2025-11-05T01:35:45.396+0000] {taskinstance.py:2648} INFO - Exporting env vars: AIRFLOW_CTX_DAG_OWNER='***' AIRFLOW_CTX_DAG_ID='hiring_dynamic' AIRFLOW_CTX_TASK_ID='train_random_forest' AIRFLOW_CTX_EXECUTION_DATE='2025-04-05T15:00:00+00:00' AIRFLOW_CTX_TRY_NUMBER='1' AIRFLOW_CTX_DAG_RUN_ID='scheduled__2025-04-05T15:00:00+00:00'
[2025-11-05T01:35:46.056+0000] {taskinstance.py:430} INFO - ::endgroup::
[2025-11-05T01:35:48.325+0000] {logging_mixin.py:188} INFO - [train_model] Numéricas: ['Age', 'DistanceFromCompany', 'ExperienceYears', 'InterviewScore', 'PersonalityScore', 'PreviousCompanies', 'SkillScore']
[2025-11-05T01:35:48.354+0000] {logging_mixin.py:188} INFO - [train_model] Categóricas: ['EducationLevel', 'Gender', 'RecruitmentStrategy']
[2025-11-05T01:35:55.380+0000] {logging_mixin.py:188} INFO - [train_model] Modelo entrenado: RandomForestClassifier
[2025-11-05T01:35:55.384+0000] {logging_mixin.py:188} INFO - [train_model] Guardado en: /opt/***/dags/runs/20250405/models/model_random_forest_20251105T013553.joblib
[2025-11-05T01:35:55.389+0000] {python.py:237} INFO - Done. Returned value was: /opt/***/dags/runs/20250405/models/model_random_forest_20251105T013553.joblib
[2025-11-05T01:35:55.393+0000] {taskinstance.py:441} INFO - ::group::Post task execution logs
[2025-11-05T01:35:55.513+0000] {taskinstance.py:1206} INFO - Marking task as SUCCESS. dag_id=hiring_dynamic, task_id=train_random_forest, run_id=scheduled__2025-04-05T15:00:00+00:00, execution_date=20250405T150000, start_date=20251105T013528, end_date=20251105T013555
[2025-11-05T01:36:00.186+0000] {local_task_job_runner.py:240} INFO - Task exited with return code 0
[2025-11-05T01:36:00.419+0000] {taskinstance.py:3503} INFO - 1 downstream tasks scheduled from follow-on schedule check
[2025-11-05T01:36:00.423+0000] {local_task_job_runner.py:222} INFO - ::endgroup::
