[2025-11-05T01:35:27.858+0000] {local_task_job_runner.py:120} INFO - ::group::Pre task execution logs
[2025-11-05T01:35:28.670+0000] {taskinstance.py:2076} INFO - Dependencies all met for dep_context=non-requeueable deps ti=<TaskInstance: hiring_dynamic.train_logreg scheduled__2025-06-05T15:00:00+00:00 [queued]>
[2025-11-05T01:35:28.803+0000] {taskinstance.py:2076} INFO - Dependencies all met for dep_context=requeueable deps ti=<TaskInstance: hiring_dynamic.train_logreg scheduled__2025-06-05T15:00:00+00:00 [queued]>
[2025-11-05T01:35:28.804+0000] {taskinstance.py:2306} INFO - Starting attempt 1 of 1
[2025-11-05T01:35:28.988+0000] {taskinstance.py:2330} INFO - Executing <Task(PythonOperator): train_logreg> on 2025-06-05 15:00:00+00:00
[2025-11-05T01:35:29.137+0000] {standard_task_runner.py:90} INFO - Running: ['***', 'tasks', 'run', 'hiring_dynamic', 'train_logreg', 'scheduled__2025-06-05T15:00:00+00:00', '--job-id', '156', '--raw', '--subdir', 'DAGS_FOLDER/dag_dynamic.py', '--cfg-path', '/tmp/tmpq3l8jovm']
[2025-11-05T01:35:29.157+0000] {standard_task_runner.py:91} INFO - Job 156: Subtask train_logreg
[2025-11-05T01:35:29.166+0000] {logging_mixin.py:188} WARNING - /home/***/.local/lib/python3.12/site-packages/***/task/task_runner/standard_task_runner.py:61 DeprecationWarning: This process (pid=1282) is multi-threaded, use of fork() may lead to deadlocks in the child.
[2025-11-05T01:35:29.176+0000] {standard_task_runner.py:63} INFO - Started process 1411 to run task
[2025-11-05T01:35:30.538+0000] {task_command.py:426} INFO - Running <TaskInstance: hiring_dynamic.train_logreg scheduled__2025-06-05T15:00:00+00:00 [running]> on host ddceee407281
[2025-11-05T01:35:46.854+0000] {taskinstance.py:2648} INFO - Exporting env vars: AIRFLOW_CTX_DAG_OWNER='***' AIRFLOW_CTX_DAG_ID='hiring_dynamic' AIRFLOW_CTX_TASK_ID='train_logreg' AIRFLOW_CTX_EXECUTION_DATE='2025-06-05T15:00:00+00:00' AIRFLOW_CTX_TRY_NUMBER='1' AIRFLOW_CTX_DAG_RUN_ID='scheduled__2025-06-05T15:00:00+00:00'
[2025-11-05T01:35:47.068+0000] {taskinstance.py:430} INFO - ::endgroup::
[2025-11-05T01:35:48.233+0000] {logging_mixin.py:188} INFO - [train_model] Numéricas: ['Age', 'DistanceFromCompany', 'ExperienceYears', 'InterviewScore', 'PersonalityScore', 'PreviousCompanies', 'SkillScore']
[2025-11-05T01:35:48.238+0000] {logging_mixin.py:188} INFO - [train_model] Categóricas: ['EducationLevel', 'Gender', 'RecruitmentStrategy']
[2025-11-05T01:35:52.468+0000] {logging_mixin.py:188} INFO - [train_model] Modelo entrenado: LogisticRegression
[2025-11-05T01:35:52.500+0000] {logging_mixin.py:188} INFO - [train_model] Guardado en: /opt/***/dags/runs/20250605/models/model_logreg_20251105T013552.joblib
[2025-11-05T01:35:52.515+0000] {python.py:237} INFO - Done. Returned value was: /opt/***/dags/runs/20250605/models/model_logreg_20251105T013552.joblib
[2025-11-05T01:35:52.519+0000] {taskinstance.py:441} INFO - ::group::Post task execution logs
[2025-11-05T01:35:52.737+0000] {taskinstance.py:1206} INFO - Marking task as SUCCESS. dag_id=hiring_dynamic, task_id=train_logreg, run_id=scheduled__2025-06-05T15:00:00+00:00, execution_date=20250605T150000, start_date=20251105T013528, end_date=20251105T013552
[2025-11-05T01:35:52.995+0000] {local_task_job_runner.py:240} INFO - Task exited with return code 0
[2025-11-05T01:35:53.382+0000] {taskinstance.py:3503} INFO - 0 downstream tasks scheduled from follow-on schedule check
[2025-11-05T01:35:53.492+0000] {local_task_job_runner.py:222} INFO - ::endgroup::
