[2025-11-05T00:45:14.681+0000] {local_task_job_runner.py:120} INFO - ::group::Pre task execution logs
[2025-11-05T00:45:14.709+0000] {taskinstance.py:2076} INFO - Dependencies all met for dep_context=non-requeueable deps ti=<TaskInstance: hiring_lineal.preprocess_and_train manual__2025-11-05T00:45:01.431746+00:00 [queued]>
[2025-11-05T00:45:14.715+0000] {taskinstance.py:2076} INFO - Dependencies all met for dep_context=requeueable deps ti=<TaskInstance: hiring_lineal.preprocess_and_train manual__2025-11-05T00:45:01.431746+00:00 [queued]>
[2025-11-05T00:45:14.715+0000] {taskinstance.py:2306} INFO - Starting attempt 1 of 1
[2025-11-05T00:45:14.722+0000] {taskinstance.py:2330} INFO - Executing <Task(PythonOperator): preprocess_and_train> on 2025-11-05 00:45:01.431746+00:00
[2025-11-05T00:45:14.738+0000] {standard_task_runner.py:90} INFO - Running: ['***', 'tasks', 'run', 'hiring_lineal', 'preprocess_and_train', 'manual__2025-11-05T00:45:01.431746+00:00', '--job-id', '63', '--raw', '--subdir', 'DAGS_FOLDER/dag_lineal.py', '--cfg-path', '/tmp/tmp8e4nzg4g']
[2025-11-05T00:45:14.740+0000] {logging_mixin.py:188} WARNING - /home/***/.local/lib/python3.12/site-packages/***/task/task_runner/standard_task_runner.py:61 DeprecationWarning: This process (pid=735) is multi-threaded, use of fork() may lead to deadlocks in the child.
[2025-11-05T00:45:14.741+0000] {standard_task_runner.py:91} INFO - Job 63: Subtask preprocess_and_train
[2025-11-05T00:45:14.741+0000] {standard_task_runner.py:63} INFO - Started process 748 to run task
[2025-11-05T00:45:14.783+0000] {task_command.py:426} INFO - Running <TaskInstance: hiring_lineal.preprocess_and_train manual__2025-11-05T00:45:01.431746+00:00 [running]> on host 5e9e36c5f12f
[2025-11-05T00:45:14.875+0000] {taskinstance.py:2648} INFO - Exporting env vars: AIRFLOW_CTX_DAG_OWNER='***' AIRFLOW_CTX_DAG_ID='hiring_lineal' AIRFLOW_CTX_TASK_ID='preprocess_and_train' AIRFLOW_CTX_EXECUTION_DATE='2025-11-05T00:45:01.431746+00:00' AIRFLOW_CTX_TRY_NUMBER='1' AIRFLOW_CTX_DAG_RUN_ID='manual__2025-11-05T00:45:01.431746+00:00'
[2025-11-05T00:45:14.878+0000] {taskinstance.py:430} INFO - ::endgroup::
[2025-11-05T00:45:15.151+0000] {_client.py:1025} INFO - HTTP Request: GET https://api.gradio.app/gradio-messaging/en "HTTP/1.1 200 OK"
[2025-11-05T00:45:15.577+0000] {logging_mixin.py:188} WARNING - /home/***/.local/lib/python3.12/site-packages/sklearn/ensemble/_base.py:172 UserWarning: Loky-backed parallel loops cannot be called in a multiprocessing, setting n_jobs=1
[2025-11-05T00:45:15.591+0000] {logging_mixin.py:188} INFO - [metrics] accuracy=0.9267 | f1(contratado)= 0.8706
[2025-11-05T00:45:16.061+0000] {logging_mixin.py:188} INFO - [preprocess_and_train] Modelo persistido en: /opt/***/dags/runs/20251105/models/rf_pipeline.joblib
[2025-11-05T00:45:16.062+0000] {python.py:237} INFO - Done. Returned value was: /opt/***/dags/runs/20251105/models/rf_pipeline.joblib
[2025-11-05T00:45:16.062+0000] {taskinstance.py:441} INFO - ::group::Post task execution logs
[2025-11-05T00:45:16.087+0000] {taskinstance.py:1206} INFO - Marking task as SUCCESS. dag_id=hiring_lineal, task_id=preprocess_and_train, run_id=manual__2025-11-05T00:45:01.431746+00:00, execution_date=20251105T004501, start_date=20251105T004514, end_date=20251105T004516
[2025-11-05T00:45:16.125+0000] {local_task_job_runner.py:240} INFO - Task exited with return code 0
[2025-11-05T00:45:16.150+0000] {taskinstance.py:3503} INFO - 1 downstream tasks scheduled from follow-on schedule check
[2025-11-05T00:45:16.151+0000] {local_task_job_runner.py:222} INFO - ::endgroup::
