[2025-11-05T01:34:53.637+0000] {local_task_job_runner.py:120} INFO - ::group::Pre task execution logs
[2025-11-05T01:34:53.876+0000] {taskinstance.py:2076} INFO - Dependencies all met for dep_context=non-requeueable deps ti=<TaskInstance: hiring_dynamic.train_logreg scheduled__2024-12-05T15:00:00+00:00 [queued]>
[2025-11-05T01:34:53.901+0000] {taskinstance.py:2076} INFO - Dependencies all met for dep_context=requeueable deps ti=<TaskInstance: hiring_dynamic.train_logreg scheduled__2024-12-05T15:00:00+00:00 [queued]>
[2025-11-05T01:34:53.905+0000] {taskinstance.py:2306} INFO - Starting attempt 1 of 1
[2025-11-05T01:34:54.003+0000] {taskinstance.py:2330} INFO - Executing <Task(PythonOperator): train_logreg> on 2024-12-05 15:00:00+00:00
[2025-11-05T01:34:54.090+0000] {standard_task_runner.py:90} INFO - Running: ['***', 'tasks', 'run', 'hiring_dynamic', 'train_logreg', 'scheduled__2024-12-05T15:00:00+00:00', '--job-id', '142', '--raw', '--subdir', 'DAGS_FOLDER/dag_dynamic.py', '--cfg-path', '/tmp/tmpmm8tm3y7']
[2025-11-05T01:34:54.135+0000] {standard_task_runner.py:91} INFO - Job 142: Subtask train_logreg
[2025-11-05T01:34:54.236+0000] {logging_mixin.py:188} WARNING - /home/***/.local/lib/python3.12/site-packages/***/task/task_runner/standard_task_runner.py:61 DeprecationWarning: This process (pid=1044) is multi-threaded, use of fork() may lead to deadlocks in the child.
[2025-11-05T01:34:54.242+0000] {standard_task_runner.py:63} INFO - Started process 1205 to run task
[2025-11-05T01:34:56.092+0000] {task_command.py:426} INFO - Running <TaskInstance: hiring_dynamic.train_logreg scheduled__2024-12-05T15:00:00+00:00 [running]> on host ddceee407281
[2025-11-05T01:34:58.671+0000] {taskinstance.py:2648} INFO - Exporting env vars: AIRFLOW_CTX_DAG_OWNER='***' AIRFLOW_CTX_DAG_ID='hiring_dynamic' AIRFLOW_CTX_TASK_ID='train_logreg' AIRFLOW_CTX_EXECUTION_DATE='2024-12-05T15:00:00+00:00' AIRFLOW_CTX_TRY_NUMBER='1' AIRFLOW_CTX_DAG_RUN_ID='scheduled__2024-12-05T15:00:00+00:00'
[2025-11-05T01:34:58.686+0000] {taskinstance.py:430} INFO - ::endgroup::
[2025-11-05T01:35:02.229+0000] {logging_mixin.py:188} INFO - [train_model] Numéricas: ['Age', 'DistanceFromCompany', 'ExperienceYears', 'InterviewScore', 'PersonalityScore', 'PreviousCompanies', 'SkillScore']
[2025-11-05T01:35:02.417+0000] {logging_mixin.py:188} INFO - [train_model] Categóricas: ['EducationLevel', 'Gender', 'RecruitmentStrategy']
[2025-11-05T01:35:08.165+0000] {logging_mixin.py:188} INFO - [train_model] Modelo entrenado: LogisticRegression
[2025-11-05T01:35:08.175+0000] {logging_mixin.py:188} INFO - [train_model] Guardado en: /opt/***/dags/runs/20241205/models/model_logreg_20251105T013508.joblib
[2025-11-05T01:35:08.178+0000] {python.py:237} INFO - Done. Returned value was: /opt/***/dags/runs/20241205/models/model_logreg_20251105T013508.joblib
[2025-11-05T01:35:08.179+0000] {taskinstance.py:441} INFO - ::group::Post task execution logs
[2025-11-05T01:35:08.323+0000] {taskinstance.py:1206} INFO - Marking task as SUCCESS. dag_id=hiring_dynamic, task_id=train_logreg, run_id=scheduled__2024-12-05T15:00:00+00:00, execution_date=20241205T150000, start_date=20251105T013453, end_date=20251105T013508
[2025-11-05T01:35:08.487+0000] {local_task_job_runner.py:240} INFO - Task exited with return code 0
[2025-11-05T01:35:08.541+0000] {local_task_job_runner.py:222} INFO - ::endgroup::
