[2025-11-05T01:36:03.896+0000] {local_task_job_runner.py:120} INFO - ::group::Pre task execution logs
[2025-11-05T01:36:04.291+0000] {taskinstance.py:2076} INFO - Dependencies all met for dep_context=non-requeueable deps ti=<TaskInstance: hiring_dynamic.evaluate_models scheduled__2025-03-05T15:00:00+00:00 [queued]>
[2025-11-05T01:36:04.349+0000] {taskinstance.py:2076} INFO - Dependencies all met for dep_context=requeueable deps ti=<TaskInstance: hiring_dynamic.evaluate_models scheduled__2025-03-05T15:00:00+00:00 [queued]>
[2025-11-05T01:36:04.352+0000] {taskinstance.py:2306} INFO - Starting attempt 1 of 1
[2025-11-05T01:36:04.467+0000] {taskinstance.py:2330} INFO - Executing <Task(PythonOperator): evaluate_models> on 2025-03-05 15:00:00+00:00
[2025-11-05T01:36:04.541+0000] {logging_mixin.py:188} WARNING - /home/***/.local/lib/python3.12/site-packages/***/task/task_runner/standard_task_runner.py:61 DeprecationWarning: This process (pid=1498) is multi-threaded, use of fork() may lead to deadlocks in the child.
[2025-11-05T01:36:04.548+0000] {standard_task_runner.py:63} INFO - Started process 1574 to run task
[2025-11-05T01:36:04.560+0000] {standard_task_runner.py:90} INFO - Running: ['***', 'tasks', 'run', 'hiring_dynamic', 'evaluate_models', 'scheduled__2025-03-05T15:00:00+00:00', '--job-id', '169', '--raw', '--subdir', 'DAGS_FOLDER/dag_dynamic.py', '--cfg-path', '/tmp/tmp0a9lngfr']
[2025-11-05T01:36:04.599+0000] {standard_task_runner.py:91} INFO - Job 169: Subtask evaluate_models
[2025-11-05T01:36:04.941+0000] {task_command.py:426} INFO - Running <TaskInstance: hiring_dynamic.evaluate_models scheduled__2025-03-05T15:00:00+00:00 [running]> on host ddceee407281
[2025-11-05T01:36:05.467+0000] {taskinstance.py:2648} INFO - Exporting env vars: AIRFLOW_CTX_DAG_OWNER='***' AIRFLOW_CTX_DAG_ID='hiring_dynamic' AIRFLOW_CTX_TASK_ID='evaluate_models' AIRFLOW_CTX_EXECUTION_DATE='2025-03-05T15:00:00+00:00' AIRFLOW_CTX_TRY_NUMBER='1' AIRFLOW_CTX_DAG_RUN_ID='scheduled__2025-03-05T15:00:00+00:00'
[2025-11-05T01:36:05.478+0000] {taskinstance.py:430} INFO - ::endgroup::
[2025-11-05T01:36:05.812+0000] {logging_mixin.py:188} INFO - [evaluate_models] model_gbc_20251105T013550.joblib: accuracy=0.9067
[2025-11-05T01:36:05.881+0000] {logging_mixin.py:188} INFO - [evaluate_models] model_logreg_20251105T013551.joblib: accuracy=0.9133
[2025-11-05T01:36:06.541+0000] {logging_mixin.py:188} INFO - [evaluate_models] model_random_forest_20251105T013554.joblib: accuracy=0.9200
[2025-11-05T01:36:10.438+0000] {logging_mixin.py:188} INFO - [evaluate_models] Mejor modelo: model_random_forest_20251105T013554.joblib | accuracy=0.9200
[2025-11-05T01:36:10.442+0000] {logging_mixin.py:188} INFO - [evaluate_models] Guardado como: /opt/***/dags/runs/20250305/models/best_model.joblib
[2025-11-05T01:36:10.451+0000] {python.py:237} INFO - Done. Returned value was: /opt/***/dags/runs/20250305/models/best_model.joblib
[2025-11-05T01:36:10.458+0000] {taskinstance.py:441} INFO - ::group::Post task execution logs
[2025-11-05T01:36:10.562+0000] {taskinstance.py:1206} INFO - Marking task as SUCCESS. dag_id=hiring_dynamic, task_id=evaluate_models, run_id=scheduled__2025-03-05T15:00:00+00:00, execution_date=20250305T150000, start_date=20251105T013604, end_date=20251105T013610
[2025-11-05T01:36:10.642+0000] {local_task_job_runner.py:240} INFO - Task exited with return code 0
[2025-11-05T01:36:10.708+0000] {taskinstance.py:3503} INFO - 0 downstream tasks scheduled from follow-on schedule check
[2025-11-05T01:36:10.713+0000] {local_task_job_runner.py:222} INFO - ::endgroup::
