[2025-11-05T01:32:40.360+0000] {local_task_job_runner.py:120} INFO - ::group::Pre task execution logs
[2025-11-05T01:32:40.636+0000] {taskinstance.py:2076} INFO - Dependencies all met for dep_context=non-requeueable deps ti=<TaskInstance: hiring_dynamic.create_folders scheduled__2025-03-05T15:00:00+00:00 [queued]>
[2025-11-05T01:32:40.688+0000] {taskinstance.py:2076} INFO - Dependencies all met for dep_context=requeueable deps ti=<TaskInstance: hiring_dynamic.create_folders scheduled__2025-03-05T15:00:00+00:00 [queued]>
[2025-11-05T01:32:40.695+0000] {taskinstance.py:2306} INFO - Starting attempt 1 of 1
[2025-11-05T01:32:40.787+0000] {taskinstance.py:2330} INFO - Executing <Task(PythonOperator): create_folders> on 2025-03-05 15:00:00+00:00
[2025-11-05T01:32:41.243+0000] {standard_task_runner.py:90} INFO - Running: ['***', 'tasks', 'run', 'hiring_dynamic', 'create_folders', 'scheduled__2025-03-05T15:00:00+00:00', '--job-id', '95', '--raw', '--subdir', 'DAGS_FOLDER/dag_dynamic.py', '--cfg-path', '/tmp/tmp90c90l1y']
[2025-11-05T01:32:41.288+0000] {logging_mixin.py:188} WARNING - /home/***/.local/lib/python3.12/site-packages/***/task/task_runner/standard_task_runner.py:61 DeprecationWarning: This process (pid=323) is multi-threaded, use of fork() may lead to deadlocks in the child.
[2025-11-05T01:32:41.305+0000] {standard_task_runner.py:63} INFO - Started process 427 to run task
[2025-11-05T01:32:41.304+0000] {standard_task_runner.py:91} INFO - Job 95: Subtask create_folders
[2025-11-05T01:32:42.306+0000] {task_command.py:426} INFO - Running <TaskInstance: hiring_dynamic.create_folders scheduled__2025-03-05T15:00:00+00:00 [running]> on host ddceee407281
[2025-11-05T01:32:43.722+0000] {taskinstance.py:2648} INFO - Exporting env vars: AIRFLOW_CTX_DAG_OWNER='***' AIRFLOW_CTX_DAG_ID='hiring_dynamic' AIRFLOW_CTX_TASK_ID='create_folders' AIRFLOW_CTX_EXECUTION_DATE='2025-03-05T15:00:00+00:00' AIRFLOW_CTX_TRY_NUMBER='1' AIRFLOW_CTX_DAG_RUN_ID='scheduled__2025-03-05T15:00:00+00:00'
[2025-11-05T01:32:43.759+0000] {taskinstance.py:430} INFO - ::endgroup::
[2025-11-05T01:32:44.012+0000] {logging_mixin.py:188} INFO - [create_folders] Carpeta de corrida: /opt/***/dags/runs/20250305
[2025-11-05T01:32:44.022+0000] {logging_mixin.py:188} INFO - [create_folders] Subcarpetas: ['preprocessed', 'models', 'raw', 'splits']
[2025-11-05T01:32:44.023+0000] {python.py:237} INFO - Done. Returned value was: /opt/***/dags/runs/20250305
[2025-11-05T01:32:44.024+0000] {taskinstance.py:441} INFO - ::group::Post task execution logs
[2025-11-05T01:32:44.221+0000] {taskinstance.py:1206} INFO - Marking task as SUCCESS. dag_id=hiring_dynamic, task_id=create_folders, run_id=scheduled__2025-03-05T15:00:00+00:00, execution_date=20250305T150000, start_date=20251105T013240, end_date=20251105T013244
[2025-11-05T01:32:44.437+0000] {local_task_job_runner.py:240} INFO - Task exited with return code 0
[2025-11-05T01:32:44.740+0000] {taskinstance.py:3503} INFO - 1 downstream tasks scheduled from follow-on schedule check
[2025-11-05T01:32:44.744+0000] {local_task_job_runner.py:222} INFO - ::endgroup::
