[2025-11-05T02:26:42.669+0000] {local_task_job_runner.py:120} INFO - ::group::Pre task execution logs
[2025-11-05T02:26:42.694+0000] {taskinstance.py:2076} INFO - Dependencies all met for dep_context=non-requeueable deps ti=<TaskInstance: hiring_dynamic.train_logreg manual__2024-11-05T15:00:00+00:00 [queued]>
[2025-11-05T02:26:42.700+0000] {taskinstance.py:2076} INFO - Dependencies all met for dep_context=requeueable deps ti=<TaskInstance: hiring_dynamic.train_logreg manual__2024-11-05T15:00:00+00:00 [queued]>
[2025-11-05T02:26:42.701+0000] {taskinstance.py:2306} INFO - Starting attempt 1 of 3
[2025-11-05T02:26:42.708+0000] {taskinstance.py:2330} INFO - Executing <Task(PythonOperator): train_logreg> on 2024-11-05 15:00:00+00:00
[2025-11-05T02:26:42.727+0000] {logging_mixin.py:188} WARNING - /home/***/.local/lib/python3.12/site-packages/***/task/task_runner/standard_task_runner.py:61 DeprecationWarning: This process (pid=2338) is multi-threaded, use of fork() may lead to deadlocks in the child.
[2025-11-05T02:26:42.728+0000] {standard_task_runner.py:63} INFO - Started process 2365 to run task
[2025-11-05T02:26:42.727+0000] {standard_task_runner.py:90} INFO - Running: ['***', 'tasks', 'run', 'hiring_dynamic', 'train_logreg', 'manual__2024-11-05T15:00:00+00:00', '--job-id', '219', '--raw', '--subdir', 'DAGS_FOLDER/dag_dynamic.py', '--cfg-path', '/tmp/tmpdgku37fy']
[2025-11-05T02:26:42.729+0000] {standard_task_runner.py:91} INFO - Job 219: Subtask train_logreg
[2025-11-05T02:26:42.769+0000] {task_command.py:426} INFO - Running <TaskInstance: hiring_dynamic.train_logreg manual__2024-11-05T15:00:00+00:00 [running]> on host 9d96bb82ceeb
[2025-11-05T02:26:42.834+0000] {taskinstance.py:2648} INFO - Exporting env vars: AIRFLOW_CTX_DAG_OWNER='***' AIRFLOW_CTX_DAG_ID='hiring_dynamic' AIRFLOW_CTX_TASK_ID='train_logreg' AIRFLOW_CTX_EXECUTION_DATE='2024-11-05T15:00:00+00:00' AIRFLOW_CTX_TRY_NUMBER='1' AIRFLOW_CTX_DAG_RUN_ID='manual__2024-11-05T15:00:00+00:00'
[2025-11-05T02:26:42.836+0000] {taskinstance.py:430} INFO - ::endgroup::
[2025-11-05T02:26:42.867+0000] {logging_mixin.py:188} INFO - [train_model] Numéricas: ['Age', 'DistanceFromCompany', 'ExperienceYears', 'InterviewScore', 'PersonalityScore', 'PreviousCompanies', 'SkillScore']
[2025-11-05T02:26:42.868+0000] {logging_mixin.py:188} INFO - [train_model] Categóricas: ['EducationLevel', 'Gender', 'RecruitmentStrategy']
[2025-11-05T02:26:43.399+0000] {logging_mixin.py:188} INFO - [train_model] Modelo entrenado: LogisticRegression
[2025-11-05T02:26:43.400+0000] {logging_mixin.py:188} INFO - [train_model] Guardado en: /opt/***/dags/runs/20241105/models/model_logreg_20251105T022643.joblib
[2025-11-05T02:26:43.400+0000] {python.py:237} INFO - Done. Returned value was: /opt/***/dags/runs/20241105/models/model_logreg_20251105T022643.joblib
[2025-11-05T02:26:43.400+0000] {taskinstance.py:441} INFO - ::group::Post task execution logs
[2025-11-05T02:26:43.445+0000] {taskinstance.py:1206} INFO - Marking task as SUCCESS. dag_id=hiring_dynamic, task_id=train_logreg, run_id=manual__2024-11-05T15:00:00+00:00, execution_date=20241105T150000, start_date=20251105T022642, end_date=20251105T022643
[2025-11-05T02:26:43.489+0000] {local_task_job_runner.py:240} INFO - Task exited with return code 0
[2025-11-05T02:26:43.507+0000] {taskinstance.py:3503} INFO - 0 downstream tasks scheduled from follow-on schedule check
[2025-11-05T02:26:43.508+0000] {local_task_job_runner.py:222} INFO - ::endgroup::
