[2025-11-05T01:33:23.491+0000] {local_task_job_runner.py:120} INFO - ::group::Pre task execution logs
[2025-11-05T01:33:25.390+0000] {taskinstance.py:2076} INFO - Dependencies all met for dep_context=non-requeueable deps ti=<TaskInstance: hiring_dynamic.branch_downloads scheduled__2025-05-05T15:00:00+00:00 [queued]>
[2025-11-05T01:33:25.605+0000] {taskinstance.py:2076} INFO - Dependencies all met for dep_context=requeueable deps ti=<TaskInstance: hiring_dynamic.branch_downloads scheduled__2025-05-05T15:00:00+00:00 [queued]>
[2025-11-05T01:33:25.622+0000] {taskinstance.py:2306} INFO - Starting attempt 1 of 1
[2025-11-05T01:33:26.179+0000] {taskinstance.py:2330} INFO - Executing <Task(BranchPythonOperator): branch_downloads> on 2025-05-05 15:00:00+00:00
[2025-11-05T01:33:27.165+0000] {standard_task_runner.py:90} INFO - Running: ['***', 'tasks', 'run', 'hiring_dynamic', 'branch_downloads', 'scheduled__2025-05-05T15:00:00+00:00', '--job-id', '111', '--raw', '--subdir', 'DAGS_FOLDER/dag_dynamic.py', '--cfg-path', '/tmp/tmpmkmyhfn0']
[2025-11-05T01:33:27.316+0000] {standard_task_runner.py:91} INFO - Job 111: Subtask branch_downloads
[2025-11-05T01:33:27.480+0000] {logging_mixin.py:188} WARNING - /home/***/.local/lib/python3.12/site-packages/***/task/task_runner/standard_task_runner.py:61 DeprecationWarning: This process (pid=505) is multi-threaded, use of fork() may lead to deadlocks in the child.
[2025-11-05T01:33:27.508+0000] {standard_task_runner.py:63} INFO - Started process 682 to run task
[2025-11-05T01:33:28.456+0000] {task_command.py:426} INFO - Running <TaskInstance: hiring_dynamic.branch_downloads scheduled__2025-05-05T15:00:00+00:00 [running]> on host ddceee407281
[2025-11-05T01:33:29.808+0000] {taskinstance.py:2648} INFO - Exporting env vars: AIRFLOW_CTX_DAG_OWNER='***' AIRFLOW_CTX_DAG_ID='hiring_dynamic' AIRFLOW_CTX_TASK_ID='branch_downloads' AIRFLOW_CTX_EXECUTION_DATE='2025-05-05T15:00:00+00:00' AIRFLOW_CTX_TRY_NUMBER='1' AIRFLOW_CTX_DAG_RUN_ID='scheduled__2025-05-05T15:00:00+00:00'
[2025-11-05T01:33:29.848+0000] {taskinstance.py:430} INFO - ::endgroup::
[2025-11-05T01:33:30.015+0000] {baseoperator.py:400} WARNING - BranchPythonOperator.execute cannot be called outside TaskInstance!
[2025-11-05T01:33:30.036+0000] {python.py:237} INFO - Done. Returned value was: ['download_data_1', 'download_data_2']
[2025-11-05T01:33:30.037+0000] {branch.py:36} INFO - Branch into ['download_data_1', 'download_data_2']
[2025-11-05T01:33:30.039+0000] {skipmixin.py:178} INFO - Following branch ['download_data_1', 'download_data_2']
[2025-11-05T01:33:30.288+0000] {skipmixin.py:246} INFO - Skipping tasks []
[2025-11-05T01:33:30.381+0000] {taskinstance.py:441} INFO - ::group::Post task execution logs
[2025-11-05T01:33:30.587+0000] {taskinstance.py:1206} INFO - Marking task as SUCCESS. dag_id=hiring_dynamic, task_id=branch_downloads, run_id=scheduled__2025-05-05T15:00:00+00:00, execution_date=20250505T150000, start_date=20251105T013325, end_date=20251105T013330
[2025-11-05T01:33:30.779+0000] {local_task_job_runner.py:240} INFO - Task exited with return code 0
[2025-11-05T01:33:31.063+0000] {local_task_job_runner.py:222} INFO - ::endgroup::
