[2025-11-05T01:33:29.331+0000] {local_task_job_runner.py:120} INFO - ::group::Pre task execution logs
[2025-11-05T01:33:30.153+0000] {taskinstance.py:2076} INFO - Dependencies all met for dep_context=non-requeueable deps ti=<TaskInstance: hiring_dynamic.download_data_2 scheduled__2024-12-05T15:00:00+00:00 [queued]>
[2025-11-05T01:33:30.199+0000] {taskinstance.py:2076} INFO - Dependencies all met for dep_context=requeueable deps ti=<TaskInstance: hiring_dynamic.download_data_2 scheduled__2024-12-05T15:00:00+00:00 [queued]>
[2025-11-05T01:33:30.200+0000] {taskinstance.py:2306} INFO - Starting attempt 1 of 1
[2025-11-05T01:33:30.285+0000] {taskinstance.py:2330} INFO - Executing <Task(BashOperator): download_data_2> on 2024-12-05 15:00:00+00:00
[2025-11-05T01:33:30.430+0000] {standard_task_runner.py:90} INFO - Running: ['***', 'tasks', 'run', 'hiring_dynamic', 'download_data_2', 'scheduled__2024-12-05T15:00:00+00:00', '--job-id', '116', '--raw', '--subdir', 'DAGS_FOLDER/dag_dynamic.py', '--cfg-path', '/tmp/tmp9dici95j']
[2025-11-05T01:33:30.480+0000] {standard_task_runner.py:91} INFO - Job 116: Subtask download_data_2
[2025-11-05T01:33:30.525+0000] {logging_mixin.py:188} WARNING - /home/***/.local/lib/python3.12/site-packages/***/task/task_runner/standard_task_runner.py:61 DeprecationWarning: This process (pid=566) is multi-threaded, use of fork() may lead to deadlocks in the child.
[2025-11-05T01:33:30.533+0000] {standard_task_runner.py:63} INFO - Started process 690 to run task
[2025-11-05T01:33:30.883+0000] {task_command.py:426} INFO - Running <TaskInstance: hiring_dynamic.download_data_2 scheduled__2024-12-05T15:00:00+00:00 [running]> on host ddceee407281
[2025-11-05T01:33:31.854+0000] {taskinstance.py:2648} INFO - Exporting env vars: AIRFLOW_CTX_DAG_OWNER='***' AIRFLOW_CTX_DAG_ID='hiring_dynamic' AIRFLOW_CTX_TASK_ID='download_data_2' AIRFLOW_CTX_EXECUTION_DATE='2024-12-05T15:00:00+00:00' AIRFLOW_CTX_TRY_NUMBER='1' AIRFLOW_CTX_DAG_RUN_ID='scheduled__2024-12-05T15:00:00+00:00'
[2025-11-05T01:33:31.893+0000] {taskinstance.py:430} INFO - ::endgroup::
[2025-11-05T01:33:31.982+0000] {subprocess.py:63} INFO - Tmp dir root location: /tmp
[2025-11-05T01:33:31.991+0000] {subprocess.py:75} INFO - Running command: ['/usr/bin/bash', '-c', '\nset -euo pipefail\nRAW="/opt/***/dags/runs/20241205/raw"\nmkdir -p "$RAW"\necho "[download_data_2] -> $RAW/data_2.csv"\ncurl -fSL --retry 3 --connect-timeout 10 --max-time 120 \\\n  -o "$RAW/data_2.csv" "https://gitlab.com/eduardomoyab/laboratorio-13/-/raw/main/files/data_2.csv"\ntest -s "$RAW/data_2.csv"']
[2025-11-05T01:33:32.017+0000] {subprocess.py:86} INFO - Output:
[2025-11-05T01:33:32.021+0000] {subprocess.py:93} INFO - [download_data_2] -> /opt/***/dags/runs/20241205/raw/data_2.csv
[2025-11-05T01:33:32.118+0000] {subprocess.py:93} INFO -   % Total    % Received % Xferd  Average Speed   Time    Time     Time  Current
[2025-11-05T01:33:32.119+0000] {subprocess.py:93} INFO -                                  Dload  Upload   Total   Spent    Left  Speed
[2025-11-05T01:33:32.788+0000] {subprocess.py:93} INFO -   0     0    0     0    0     0      0      0 --:--:-- --:--:-- --:--:--     0100 32687  100 32687    0     0  49444      0 --:--:-- --:--:-- --:--:-- 49450100 32687  100 32687    0     0  49411      0 --:--:-- --:--:-- --:--:-- 49376
[2025-11-05T01:33:32.815+0000] {subprocess.py:97} INFO - Command exited with return code 0
[2025-11-05T01:33:32.823+0000] {taskinstance.py:441} INFO - ::group::Post task execution logs
[2025-11-05T01:33:33.063+0000] {taskinstance.py:1206} INFO - Marking task as SUCCESS. dag_id=hiring_dynamic, task_id=download_data_2, run_id=scheduled__2024-12-05T15:00:00+00:00, execution_date=20241205T150000, start_date=20251105T013330, end_date=20251105T013333
[2025-11-05T01:33:33.319+0000] {local_task_job_runner.py:240} INFO - Task exited with return code 0
[2025-11-05T01:33:33.537+0000] {local_task_job_runner.py:222} INFO - ::endgroup::
