[2025-11-05T01:33:55.593+0000] {local_task_job_runner.py:120} INFO - ::group::Pre task execution logs
[2025-11-05T01:33:56.211+0000] {taskinstance.py:2076} INFO - Dependencies all met for dep_context=non-requeueable deps ti=<TaskInstance: hiring_dynamic.download_data_2 scheduled__2025-05-05T15:00:00+00:00 [queued]>
[2025-11-05T01:33:56.268+0000] {taskinstance.py:2076} INFO - Dependencies all met for dep_context=requeueable deps ti=<TaskInstance: hiring_dynamic.download_data_2 scheduled__2025-05-05T15:00:00+00:00 [queued]>
[2025-11-05T01:33:56.273+0000] {taskinstance.py:2306} INFO - Starting attempt 1 of 1
[2025-11-05T01:33:56.422+0000] {taskinstance.py:2330} INFO - Executing <Task(BashOperator): download_data_2> on 2025-05-05 15:00:00+00:00
[2025-11-05T01:33:56.663+0000] {logging_mixin.py:188} WARNING - /home/***/.local/lib/python3.12/site-packages/***/task/task_runner/standard_task_runner.py:61 DeprecationWarning: This process (pid=698) is multi-threaded, use of fork() may lead to deadlocks in the child.
[2025-11-05T01:33:56.688+0000] {standard_task_runner.py:63} INFO - Started process 864 to run task
[2025-11-05T01:33:56.671+0000] {standard_task_runner.py:90} INFO - Running: ['***', 'tasks', 'run', 'hiring_dynamic', 'download_data_2', 'scheduled__2025-05-05T15:00:00+00:00', '--job-id', '122', '--raw', '--subdir', 'DAGS_FOLDER/dag_dynamic.py', '--cfg-path', '/tmp/tmpeohdrxcz']
[2025-11-05T01:33:56.710+0000] {standard_task_runner.py:91} INFO - Job 122: Subtask download_data_2
[2025-11-05T01:33:58.935+0000] {task_command.py:426} INFO - Running <TaskInstance: hiring_dynamic.download_data_2 scheduled__2025-05-05T15:00:00+00:00 [running]> on host ddceee407281
[2025-11-05T01:33:59.562+0000] {taskinstance.py:2648} INFO - Exporting env vars: AIRFLOW_CTX_DAG_OWNER='***' AIRFLOW_CTX_DAG_ID='hiring_dynamic' AIRFLOW_CTX_TASK_ID='download_data_2' AIRFLOW_CTX_EXECUTION_DATE='2025-05-05T15:00:00+00:00' AIRFLOW_CTX_TRY_NUMBER='1' AIRFLOW_CTX_DAG_RUN_ID='scheduled__2025-05-05T15:00:00+00:00'
[2025-11-05T01:33:59.606+0000] {taskinstance.py:430} INFO - ::endgroup::
[2025-11-05T01:33:59.827+0000] {subprocess.py:63} INFO - Tmp dir root location: /tmp
[2025-11-05T01:33:59.857+0000] {subprocess.py:75} INFO - Running command: ['/usr/bin/bash', '-c', '\nset -euo pipefail\nRAW="/opt/***/dags/runs/20250505/raw"\nmkdir -p "$RAW"\necho "[download_data_2] -> $RAW/data_2.csv"\ncurl -fSL --retry 3 --connect-timeout 10 --max-time 120 \\\n  -o "$RAW/data_2.csv" "https://gitlab.com/eduardomoyab/laboratorio-13/-/raw/main/files/data_2.csv"\ntest -s "$RAW/data_2.csv"']
[2025-11-05T01:33:59.966+0000] {subprocess.py:86} INFO - Output:
[2025-11-05T01:34:00.148+0000] {subprocess.py:93} INFO - [download_data_2] -> /opt/***/dags/runs/20250505/raw/data_2.csv
[2025-11-05T01:34:00.510+0000] {subprocess.py:93} INFO -   % Total    % Received % Xferd  Average Speed   Time    Time     Time  Current
[2025-11-05T01:34:00.531+0000] {subprocess.py:93} INFO -                                  Dload  Upload   Total   Spent    Left  Speed
[2025-11-05T01:34:00.862+0000] {subprocess.py:93} INFO -   0     0    0     0    0     0      0      0 --:--:-- --:--:-- --:--:--     0100 32687  100 32687    0     0  91422      0 --:--:-- --:--:-- --:--:-- 91560
[2025-11-05T01:34:00.930+0000] {subprocess.py:97} INFO - Command exited with return code 0
[2025-11-05T01:34:00.954+0000] {taskinstance.py:441} INFO - ::group::Post task execution logs
[2025-11-05T01:34:01.156+0000] {taskinstance.py:1206} INFO - Marking task as SUCCESS. dag_id=hiring_dynamic, task_id=download_data_2, run_id=scheduled__2025-05-05T15:00:00+00:00, execution_date=20250505T150000, start_date=20251105T013356, end_date=20251105T013401
[2025-11-05T01:34:01.336+0000] {local_task_job_runner.py:240} INFO - Task exited with return code 0
[2025-11-05T01:34:01.703+0000] {taskinstance.py:3503} INFO - 1 downstream tasks scheduled from follow-on schedule check
[2025-11-05T01:34:01.714+0000] {local_task_job_runner.py:222} INFO - ::endgroup::
