[2025-11-05T02:15:57.716+0000] {local_task_job_runner.py:120} INFO - ::group::Pre task execution logs
[2025-11-05T02:15:57.737+0000] {taskinstance.py:2076} INFO - Dependencies all met for dep_context=non-requeueable deps ti=<TaskInstance: hiring_dynamic.load_and_merge manual__2025-11-05T02:15:47.240796+00:00 [queued]>
[2025-11-05T02:15:57.741+0000] {taskinstance.py:2076} INFO - Dependencies all met for dep_context=requeueable deps ti=<TaskInstance: hiring_dynamic.load_and_merge manual__2025-11-05T02:15:47.240796+00:00 [queued]>
[2025-11-05T02:15:57.741+0000] {taskinstance.py:2306} INFO - Starting attempt 1 of 3
[2025-11-05T02:15:57.747+0000] {taskinstance.py:2330} INFO - Executing <Task(PythonOperator): load_and_merge> on 2025-11-05 02:15:47.240796+00:00
[2025-11-05T02:15:57.759+0000] {standard_task_runner.py:90} INFO - Running: ['***', 'tasks', 'run', 'hiring_dynamic', 'load_and_merge', 'manual__2025-11-05T02:15:47.240796+00:00', '--job-id', '197', '--raw', '--subdir', 'DAGS_FOLDER/dag_dynamic.py', '--cfg-path', '/tmp/tmp4vh56jc1']
[2025-11-05T02:15:57.763+0000] {logging_mixin.py:188} WARNING - /home/***/.local/lib/python3.12/site-packages/***/task/task_runner/standard_task_runner.py:61 DeprecationWarning: This process (pid=769) is multi-threaded, use of fork() may lead to deadlocks in the child.
[2025-11-05T02:15:57.763+0000] {standard_task_runner.py:91} INFO - Job 197: Subtask load_and_merge
[2025-11-05T02:15:57.764+0000] {standard_task_runner.py:63} INFO - Started process 778 to run task
[2025-11-05T02:15:57.801+0000] {task_command.py:426} INFO - Running <TaskInstance: hiring_dynamic.load_and_merge manual__2025-11-05T02:15:47.240796+00:00 [running]> on host 9d96bb82ceeb
[2025-11-05T02:15:57.858+0000] {taskinstance.py:2648} INFO - Exporting env vars: AIRFLOW_CTX_DAG_OWNER='***' AIRFLOW_CTX_DAG_ID='hiring_dynamic' AIRFLOW_CTX_TASK_ID='load_and_merge' AIRFLOW_CTX_EXECUTION_DATE='2025-11-05T02:15:47.240796+00:00' AIRFLOW_CTX_TRY_NUMBER='1' AIRFLOW_CTX_DAG_RUN_ID='manual__2025-11-05T02:15:47.240796+00:00'
[2025-11-05T02:15:57.859+0000] {taskinstance.py:430} INFO - ::endgroup::
[2025-11-05T02:15:57.889+0000] {logging_mixin.py:188} INFO - [load_ands_merge] Archivos usados: ['data_1.csv', 'data_2.csv']
[2025-11-05T02:15:57.889+0000] {logging_mixin.py:188} INFO - [load_ands_merge] Guardado: /opt/***/dags/runs/20251105/preprocessed/merged.csv (shape=(1500, 11))
[2025-11-05T02:15:57.889+0000] {python.py:237} INFO - Done. Returned value was: /opt/***/dags/runs/20251105/preprocessed/merged.csv
[2025-11-05T02:15:57.889+0000] {taskinstance.py:441} INFO - ::group::Post task execution logs
[2025-11-05T02:15:57.904+0000] {taskinstance.py:1206} INFO - Marking task as SUCCESS. dag_id=hiring_dynamic, task_id=load_and_merge, run_id=manual__2025-11-05T02:15:47.240796+00:00, execution_date=20251105T021547, start_date=20251105T021557, end_date=20251105T021557
[2025-11-05T02:15:57.952+0000] {local_task_job_runner.py:240} INFO - Task exited with return code 0
[2025-11-05T02:15:57.970+0000] {taskinstance.py:3503} INFO - 1 downstream tasks scheduled from follow-on schedule check
[2025-11-05T02:15:57.971+0000] {local_task_job_runner.py:222} INFO - ::endgroup::
