[2025-11-04T23:32:37.227+0000] {local_task_job_runner.py:120} INFO - ::group::Pre task execution logs
[2025-11-04T23:32:37.244+0000] {taskinstance.py:2076} INFO - Dependencies all met for dep_context=non-requeueable deps ti=<TaskInstance: hiring_lineal.download_data manual__2025-11-04T23:32:31.632137+00:00 [queued]>
[2025-11-04T23:32:37.248+0000] {taskinstance.py:2076} INFO - Dependencies all met for dep_context=requeueable deps ti=<TaskInstance: hiring_lineal.download_data manual__2025-11-04T23:32:31.632137+00:00 [queued]>
[2025-11-04T23:32:37.248+0000] {taskinstance.py:2306} INFO - Starting attempt 1 of 1
[2025-11-04T23:32:37.254+0000] {taskinstance.py:2330} INFO - Executing <Task(BashOperator): download_data> on 2025-11-04 23:32:31.632137+00:00
[2025-11-04T23:32:37.262+0000] {standard_task_runner.py:90} INFO - Running: ['***', 'tasks', 'run', 'hiring_lineal', 'download_data', 'manual__2025-11-04T23:32:31.632137+00:00', '--job-id', '15', '--raw', '--subdir', 'DAGS_FOLDER/dag_lineal.py', '--cfg-path', '/tmp/tmp8nzmzk9y']
[2025-11-04T23:32:37.264+0000] {standard_task_runner.py:91} INFO - Job 15: Subtask download_data
[2025-11-04T23:32:37.266+0000] {logging_mixin.py:188} WARNING - /home/***/.local/lib/python3.12/site-packages/***/task/task_runner/standard_task_runner.py:61 DeprecationWarning: This process (pid=2087) is multi-threaded, use of fork() may lead to deadlocks in the child.
[2025-11-04T23:32:37.266+0000] {standard_task_runner.py:63} INFO - Started process 2097 to run task
[2025-11-04T23:32:37.304+0000] {task_command.py:426} INFO - Running <TaskInstance: hiring_lineal.download_data manual__2025-11-04T23:32:31.632137+00:00 [running]> on host 6be06b25021f
[2025-11-04T23:32:37.361+0000] {taskinstance.py:2648} INFO - Exporting env vars: AIRFLOW_CTX_DAG_OWNER='***' AIRFLOW_CTX_DAG_ID='hiring_lineal' AIRFLOW_CTX_TASK_ID='download_data' AIRFLOW_CTX_EXECUTION_DATE='2025-11-04T23:32:31.632137+00:00' AIRFLOW_CTX_TRY_NUMBER='1' AIRFLOW_CTX_DAG_RUN_ID='manual__2025-11-04T23:32:31.632137+00:00'
[2025-11-04T23:32:37.363+0000] {taskinstance.py:430} INFO - ::endgroup::
[2025-11-04T23:32:37.375+0000] {subprocess.py:63} INFO - Tmp dir root location: /tmp
[2025-11-04T23:32:37.375+0000] {subprocess.py:75} INFO - Running command: ['/usr/bin/bash', '-c', '\nset -euo pipefail\nRAW_DIR="/opt/***/dags/runs/20251104/raw"\nmkdir -p "$RAW_DIR"\necho "[download_data] guardando en: $RAW_DIR/data_1.csv"\ncurl -fSL --retry 3 --connect-timeout 10 --max-time 120 \\\n  -o "$RAW_DIR/data_1.csv" "https://gitlab.com/eduardomoyab/laboratorio-13/-/raw/main/files/data_1.csv"\ntest -s "$RAW_DIR/data_1.csv"\necho "[download_data] Tamaño:"; ls -lh "$RAW_DIR/data_1.csv"\necho "[download_data] Preview:"; head -n 3 "$RAW_DIR/data_1.csv"']
[2025-11-04T23:32:37.387+0000] {subprocess.py:86} INFO - Output:
[2025-11-04T23:32:37.390+0000] {subprocess.py:93} INFO - [download_data] guardando en: /opt/***/dags/runs/20251104/raw/data_1.csv
[2025-11-04T23:32:37.403+0000] {subprocess.py:93} INFO -   % Total    % Received % Xferd  Average Speed   Time    Time     Time  Current
[2025-11-04T23:32:37.404+0000] {subprocess.py:93} INFO -                                  Dload  Upload   Total   Spent    Left  Speed
[2025-11-04T23:32:37.994+0000] {subprocess.py:93} INFO -   0     0    0     0    0     0      0      0 --:--:-- --:--:-- --:--:--     0  0     0    0     0    0     0      0      0 --:--:-- --:--:-- --:--:--     0100 32735  100 32735    0     0  55382      0 --:--:-- --:--:-- --:--:-- 55389
[2025-11-04T23:32:37.999+0000] {subprocess.py:93} INFO - [download_data] Tamaño:
[2025-11-04T23:32:38.001+0000] {subprocess.py:93} INFO - -rw-r--r-- 1 *** root 32K Nov  4 23:32 /opt/***/dags/runs/20251104/raw/data_1.csv
[2025-11-04T23:32:38.002+0000] {subprocess.py:93} INFO - [download_data] Preview:
[2025-11-04T23:32:38.002+0000] {subprocess.py:93} INFO - Age,Gender,EducationLevel,ExperienceYears,PreviousCompanies,DistanceFromCompany,InterviewScore,SkillScore,PersonalityScore,RecruitmentStrategy,HiringDecision
[2025-11-04T23:32:38.003+0000] {subprocess.py:93} INFO - 25,1,2,14,4,50.18675168378789,90,79,90,2,1
[2025-11-04T23:32:38.003+0000] {subprocess.py:93} INFO - 45,0,2,5,2,23.663373037751068,57,56,60,3,0
[2025-11-04T23:32:38.003+0000] {subprocess.py:97} INFO - Command exited with return code 0
[2025-11-04T23:32:38.004+0000] {taskinstance.py:441} INFO - ::group::Post task execution logs
[2025-11-04T23:32:38.040+0000] {taskinstance.py:1206} INFO - Marking task as SUCCESS. dag_id=hiring_lineal, task_id=download_data, run_id=manual__2025-11-04T23:32:31.632137+00:00, execution_date=20251104T233231, start_date=20251104T233237, end_date=20251104T233238
[2025-11-04T23:32:38.101+0000] {local_task_job_runner.py:240} INFO - Task exited with return code 0
[2025-11-04T23:32:38.141+0000] {taskinstance.py:3503} INFO - 1 downstream tasks scheduled from follow-on schedule check
[2025-11-04T23:32:38.142+0000] {local_task_job_runner.py:222} INFO - ::endgroup::
