[2025-11-05T01:34:53.755+0000] {local_task_job_runner.py:120} INFO - ::group::Pre task execution logs
[2025-11-05T01:34:53.867+0000] {taskinstance.py:2076} INFO - Dependencies all met for dep_context=non-requeueable deps ti=<TaskInstance: hiring_dynamic.train_random_forest scheduled__2025-02-05T15:00:00+00:00 [queued]>
[2025-11-05T01:34:53.938+0000] {taskinstance.py:2076} INFO - Dependencies all met for dep_context=requeueable deps ti=<TaskInstance: hiring_dynamic.train_random_forest scheduled__2025-02-05T15:00:00+00:00 [queued]>
[2025-11-05T01:34:53.940+0000] {taskinstance.py:2306} INFO - Starting attempt 1 of 1
[2025-11-05T01:34:54.017+0000] {taskinstance.py:2330} INFO - Executing <Task(PythonOperator): train_random_forest> on 2025-02-05 15:00:00+00:00
[2025-11-05T01:34:54.065+0000] {standard_task_runner.py:90} INFO - Running: ['***', 'tasks', 'run', 'hiring_dynamic', 'train_random_forest', 'scheduled__2025-02-05T15:00:00+00:00', '--job-id', '152', '--raw', '--subdir', 'DAGS_FOLDER/dag_dynamic.py', '--cfg-path', '/tmp/tmp_mkpnz94']
[2025-11-05T01:34:54.090+0000] {standard_task_runner.py:91} INFO - Job 152: Subtask train_random_forest
[2025-11-05T01:34:54.090+0000] {logging_mixin.py:188} WARNING - /home/***/.local/lib/python3.12/site-packages/***/task/task_runner/standard_task_runner.py:61 DeprecationWarning: This process (pid=1045) is multi-threaded, use of fork() may lead to deadlocks in the child.
[2025-11-05T01:34:54.095+0000] {standard_task_runner.py:63} INFO - Started process 1201 to run task
[2025-11-05T01:34:55.555+0000] {task_command.py:426} INFO - Running <TaskInstance: hiring_dynamic.train_random_forest scheduled__2025-02-05T15:00:00+00:00 [running]> on host ddceee407281
[2025-11-05T01:34:57.096+0000] {taskinstance.py:2648} INFO - Exporting env vars: AIRFLOW_CTX_DAG_OWNER='***' AIRFLOW_CTX_DAG_ID='hiring_dynamic' AIRFLOW_CTX_TASK_ID='train_random_forest' AIRFLOW_CTX_EXECUTION_DATE='2025-02-05T15:00:00+00:00' AIRFLOW_CTX_TRY_NUMBER='1' AIRFLOW_CTX_DAG_RUN_ID='scheduled__2025-02-05T15:00:00+00:00'
[2025-11-05T01:34:57.104+0000] {taskinstance.py:430} INFO - ::endgroup::
[2025-11-05T01:34:59.006+0000] {logging_mixin.py:188} INFO - [train_model] Numéricas: ['Age', 'DistanceFromCompany', 'ExperienceYears', 'InterviewScore', 'PersonalityScore', 'PreviousCompanies', 'SkillScore']
[2025-11-05T01:34:59.013+0000] {logging_mixin.py:188} INFO - [train_model] Categóricas: ['EducationLevel', 'Gender', 'RecruitmentStrategy']
[2025-11-05T01:35:09.479+0000] {logging_mixin.py:188} INFO - [train_model] Modelo entrenado: RandomForestClassifier
[2025-11-05T01:35:09.491+0000] {logging_mixin.py:188} INFO - [train_model] Guardado en: /opt/***/dags/runs/20250205/models/model_random_forest_20251105T013508.joblib
[2025-11-05T01:35:09.504+0000] {python.py:237} INFO - Done. Returned value was: /opt/***/dags/runs/20250205/models/model_random_forest_20251105T013508.joblib
[2025-11-05T01:35:09.505+0000] {taskinstance.py:441} INFO - ::group::Post task execution logs
[2025-11-05T01:35:09.703+0000] {taskinstance.py:1206} INFO - Marking task as SUCCESS. dag_id=hiring_dynamic, task_id=train_random_forest, run_id=scheduled__2025-02-05T15:00:00+00:00, execution_date=20250205T150000, start_date=20251105T013453, end_date=20251105T013509
[2025-11-05T01:35:21.793+0000] {local_task_job_runner.py:240} INFO - Task exited with return code 0
[2025-11-05T01:35:22.498+0000] {local_task_job_runner.py:222} INFO - ::endgroup::
