[2025-11-05T00:45:08.168+0000] {local_task_job_runner.py:120} INFO - ::group::Pre task execution logs
[2025-11-05T00:45:08.192+0000] {taskinstance.py:2076} INFO - Dependencies all met for dep_context=non-requeueable deps ti=<TaskInstance: hiring_lineal.download_data manual__2025-11-05T00:45:01.431746+00:00 [queued]>
[2025-11-05T00:45:08.200+0000] {taskinstance.py:2076} INFO - Dependencies all met for dep_context=requeueable deps ti=<TaskInstance: hiring_lineal.download_data manual__2025-11-05T00:45:01.431746+00:00 [queued]>
[2025-11-05T00:45:08.201+0000] {taskinstance.py:2306} INFO - Starting attempt 1 of 1
[2025-11-05T00:45:08.209+0000] {taskinstance.py:2330} INFO - Executing <Task(BashOperator): download_data> on 2025-11-05 00:45:01.431746+00:00
[2025-11-05T00:45:08.223+0000] {standard_task_runner.py:90} INFO - Running: ['***', 'tasks', 'run', 'hiring_lineal', 'download_data', 'manual__2025-11-05T00:45:01.431746+00:00', '--job-id', '61', '--raw', '--subdir', 'DAGS_FOLDER/dag_lineal.py', '--cfg-path', '/tmp/tmp3ls90hek']
[2025-11-05T00:45:08.225+0000] {standard_task_runner.py:91} INFO - Job 61: Subtask download_data
[2025-11-05T00:45:08.225+0000] {logging_mixin.py:188} WARNING - /home/***/.local/lib/python3.12/site-packages/***/task/task_runner/standard_task_runner.py:61 DeprecationWarning: This process (pid=669) is multi-threaded, use of fork() may lead to deadlocks in the child.
[2025-11-05T00:45:08.227+0000] {standard_task_runner.py:63} INFO - Started process 679 to run task
[2025-11-05T00:45:08.255+0000] {task_command.py:426} INFO - Running <TaskInstance: hiring_lineal.download_data manual__2025-11-05T00:45:01.431746+00:00 [running]> on host 5e9e36c5f12f
[2025-11-05T00:45:08.318+0000] {taskinstance.py:2648} INFO - Exporting env vars: AIRFLOW_CTX_DAG_OWNER='***' AIRFLOW_CTX_DAG_ID='hiring_lineal' AIRFLOW_CTX_TASK_ID='download_data' AIRFLOW_CTX_EXECUTION_DATE='2025-11-05T00:45:01.431746+00:00' AIRFLOW_CTX_TRY_NUMBER='1' AIRFLOW_CTX_DAG_RUN_ID='manual__2025-11-05T00:45:01.431746+00:00'
[2025-11-05T00:45:08.320+0000] {taskinstance.py:430} INFO - ::endgroup::
[2025-11-05T00:45:08.328+0000] {subprocess.py:63} INFO - Tmp dir root location: /tmp
[2025-11-05T00:45:08.329+0000] {subprocess.py:75} INFO - Running command: ['/usr/bin/bash', '-c', '\nset -euo pipefail\nRAW_DIR="/opt/***/dags/runs/20251105/raw"\nmkdir -p "$RAW_DIR"\necho "[download_data] guardando en: $RAW_DIR/data_1.csv"\n\ncurl -fSL --retry 3 --connect-timeout 10 --max-time 120 \\\n  -o "$RAW_DIR/data_1.csv" "https://gitlab.com/eduardomoyab/laboratorio-13/-/raw/main/files/data_1.csv"\n\n# validación: archivo existe y no está vacío\ntest -s "$RAW_DIR/data_1.csv"\n\n# evidencia en logs\necho "[download_data] Tamaño:"; ls -lh "$RAW_DIR/data_1.csv"\necho "[download_data] Preview:"; head -n 3 "$RAW_DIR/data_1.csv"']
[2025-11-05T00:45:08.338+0000] {subprocess.py:86} INFO - Output:
[2025-11-05T00:45:08.348+0000] {subprocess.py:93} INFO - [download_data] guardando en: /opt/***/dags/runs/20251105/raw/data_1.csv
[2025-11-05T00:45:08.365+0000] {subprocess.py:93} INFO -   % Total    % Received % Xferd  Average Speed   Time    Time     Time  Current
[2025-11-05T00:45:08.366+0000] {subprocess.py:93} INFO -                                  Dload  Upload   Total   Spent    Left  Speed
[2025-11-05T00:45:08.714+0000] {_client.py:1025} INFO - HTTP Request: GET https://api.gradio.app/gradio-messaging/en "HTTP/1.1 200 OK"
[2025-11-05T00:45:09.030+0000] {subprocess.py:93} INFO -   0     0    0     0    0     0      0      0 --:--:-- --:--:-- --:--:--     0  0     0    0     0    0     0      0      0 --:--:-- --:--:-- --:--:--     0100 32735  100 32735    0     0  49192      0 --:--:-- --:--:-- --:--:-- 49225
[2025-11-05T00:45:09.033+0000] {subprocess.py:93} INFO - [download_data] Tamaño:
[2025-11-05T00:45:09.037+0000] {subprocess.py:93} INFO - -rw-r--r-- 1 *** root 32K Nov  5 00:45 /opt/***/dags/runs/20251105/raw/data_1.csv
[2025-11-05T00:45:09.039+0000] {subprocess.py:93} INFO - [download_data] Preview:
[2025-11-05T00:45:09.044+0000] {subprocess.py:93} INFO - Age,Gender,EducationLevel,ExperienceYears,PreviousCompanies,DistanceFromCompany,InterviewScore,SkillScore,PersonalityScore,RecruitmentStrategy,HiringDecision
[2025-11-05T00:45:09.045+0000] {subprocess.py:93} INFO - 25,1,2,14,4,50.18675168378789,90,79,90,2,1
[2025-11-05T00:45:09.046+0000] {subprocess.py:93} INFO - 45,0,2,5,2,23.663373037751068,57,56,60,3,0
[2025-11-05T00:45:09.047+0000] {subprocess.py:97} INFO - Command exited with return code 0
[2025-11-05T00:45:09.052+0000] {taskinstance.py:441} INFO - ::group::Post task execution logs
[2025-11-05T00:45:09.145+0000] {taskinstance.py:1206} INFO - Marking task as SUCCESS. dag_id=hiring_lineal, task_id=download_data, run_id=manual__2025-11-05T00:45:01.431746+00:00, execution_date=20251105T004501, start_date=20251105T004508, end_date=20251105T004509
[2025-11-05T00:45:09.197+0000] {local_task_job_runner.py:240} INFO - Task exited with return code 0
[2025-11-05T00:45:09.246+0000] {taskinstance.py:3503} INFO - 1 downstream tasks scheduled from follow-on schedule check
[2025-11-05T00:45:09.247+0000] {local_task_job_runner.py:222} INFO - ::endgroup::
