[2025-11-05T02:26:38.736+0000] {local_task_job_runner.py:120} INFO - ::group::Pre task execution logs
[2025-11-05T02:26:38.768+0000] {taskinstance.py:2076} INFO - Dependencies all met for dep_context=non-requeueable deps ti=<TaskInstance: hiring_dynamic.download_data_2 manual__2024-11-05T15:00:00+00:00 [queued]>
[2025-11-05T02:26:38.774+0000] {taskinstance.py:2076} INFO - Dependencies all met for dep_context=requeueable deps ti=<TaskInstance: hiring_dynamic.download_data_2 manual__2024-11-05T15:00:00+00:00 [queued]>
[2025-11-05T02:26:38.776+0000] {taskinstance.py:2306} INFO - Starting attempt 1 of 3
[2025-11-05T02:26:38.786+0000] {taskinstance.py:2330} INFO - Executing <Task(BashOperator): download_data_2> on 2024-11-05 15:00:00+00:00
[2025-11-05T02:26:38.799+0000] {logging_mixin.py:188} WARNING - /home/***/.local/lib/python3.12/site-packages/***/task/task_runner/standard_task_runner.py:61 DeprecationWarning: This process (pid=2279) is multi-threaded, use of fork() may lead to deadlocks in the child.
[2025-11-05T02:26:38.800+0000] {standard_task_runner.py:63} INFO - Started process 2300 to run task
[2025-11-05T02:26:38.798+0000] {standard_task_runner.py:90} INFO - Running: ['***', 'tasks', 'run', 'hiring_dynamic', 'download_data_2', 'manual__2024-11-05T15:00:00+00:00', '--job-id', '213', '--raw', '--subdir', 'DAGS_FOLDER/dag_dynamic.py', '--cfg-path', '/tmp/tmp_e8aam5z']
[2025-11-05T02:26:38.802+0000] {standard_task_runner.py:91} INFO - Job 213: Subtask download_data_2
[2025-11-05T02:26:38.847+0000] {task_command.py:426} INFO - Running <TaskInstance: hiring_dynamic.download_data_2 manual__2024-11-05T15:00:00+00:00 [running]> on host 9d96bb82ceeb
[2025-11-05T02:26:38.928+0000] {taskinstance.py:2648} INFO - Exporting env vars: AIRFLOW_CTX_DAG_OWNER='***' AIRFLOW_CTX_DAG_ID='hiring_dynamic' AIRFLOW_CTX_TASK_ID='download_data_2' AIRFLOW_CTX_EXECUTION_DATE='2024-11-05T15:00:00+00:00' AIRFLOW_CTX_TRY_NUMBER='1' AIRFLOW_CTX_DAG_RUN_ID='manual__2024-11-05T15:00:00+00:00'
[2025-11-05T02:26:38.930+0000] {taskinstance.py:430} INFO - ::endgroup::
[2025-11-05T02:26:38.941+0000] {subprocess.py:63} INFO - Tmp dir root location: /tmp
[2025-11-05T02:26:38.942+0000] {subprocess.py:75} INFO - Running command: ['/usr/bin/bash', '-c', '\nset -euo pipefail\nRAW="/opt/***/dags/runs/20241105/raw"\nmkdir -p "$RAW"\nOUT="$RAW/data_2.csv"\necho "[download_data_2] -> $OUT"\ncurl -fSL --retry 5 --retry-all-errors --retry-delay 5 --connect-timeout 15 --max-time 180 \\\n  -o "$OUT" "https://gitlab.com/eduardomoyab/laboratorio-13/-/raw/main/files/data_2.csv"\ntest -s "$OUT"']
[2025-11-05T02:26:38.953+0000] {subprocess.py:86} INFO - Output:
[2025-11-05T02:26:38.960+0000] {subprocess.py:93} INFO - [download_data_2] -> /opt/***/dags/runs/20241105/raw/data_2.csv
[2025-11-05T02:26:38.971+0000] {subprocess.py:93} INFO -   % Total    % Received % Xferd  Average Speed   Time    Time     Time  Current
[2025-11-05T02:26:38.972+0000] {subprocess.py:93} INFO -                                  Dload  Upload   Total   Spent    Left  Speed
[2025-11-05T02:26:39.422+0000] {subprocess.py:93} INFO -   0     0    0     0    0     0      0      0 --:--:-- --:--:-- --:--:--     0100 32687  100 32687    0     0  72335      0 --:--:-- --:--:-- --:--:-- 72637
[2025-11-05T02:26:39.424+0000] {subprocess.py:97} INFO - Command exited with return code 0
[2025-11-05T02:26:39.425+0000] {taskinstance.py:441} INFO - ::group::Post task execution logs
[2025-11-05T02:26:39.452+0000] {taskinstance.py:1206} INFO - Marking task as SUCCESS. dag_id=hiring_dynamic, task_id=download_data_2, run_id=manual__2024-11-05T15:00:00+00:00, execution_date=20241105T150000, start_date=20251105T022638, end_date=20251105T022639
[2025-11-05T02:26:39.495+0000] {local_task_job_runner.py:240} INFO - Task exited with return code 0
[2025-11-05T02:26:39.524+0000] {taskinstance.py:3503} INFO - 0 downstream tasks scheduled from follow-on schedule check
[2025-11-05T02:26:39.525+0000] {local_task_job_runner.py:222} INFO - ::endgroup::
